2007.03.05 10:27 B C:\Arquivos de programas\EasyPHP1-8\www\conteudo_radiofonico\admin\ferramentas\hmenu\img\minha\separator.png --> ftp.conteudoradiofonico.com.br /public_html/v2/admin/ferramentas/hmenu/img/minha separator.png
2007.03.05 10:27 B C:\Arquivos de programas\EasyPHP1-8\www\conteudo_radiofonico\admin\ferramentas\hmenu\img\minha\layout_fundo_menu_03.gif --> ftp.conteudoradiofonico.com.br /public_html/v2/admin/ferramentas/hmenu/img/minha layout_fundo_menu_03.gif
2007.03.05 10:27 B C:\Arquivos de programas\EasyPHP1-8\www\conteudo_radiofonico\admin\ferramentas\hmenu\img\minha\layout_fundo_menu_01.gif --> ftp.conteudoradiofonico.com.br /public_html/v2/admin/ferramentas/hmenu/img/minha layout_fundo_menu_01.gif
2007.03.05 10:27 B C:\Arquivos de programas\EasyPHP1-8\www\conteudo_radiofonico\admin\ferramentas\hmenu\img\minha\fundo_menu.png --> ftp.conteudoradiofonico.com.br /public_html/v2/admin/ferramentas/hmenu/img/minha fundo_menu.png
2007.03.05 10:27 B C:\Arquivos de programas\EasyPHP1-8\www\conteudo_radiofonico\admin\ferramentas\hmenu\img\minha\rarrow-hover.gif --> ftp.conteudoradiofonico.com.br /public_html/v2/admin/ferramentas/hmenu/img/minha rarrow-hover.gif
2007.03.05 10:27 B C:\Arquivos de programas\EasyPHP1-8\www\conteudo_radiofonico\admin\ferramentas\hmenu\img\minha\popup-hover-bg.png --> ftp.conteudoradiofonico.com.br /public_html/v2/admin/ferramentas/hmenu/img/minha popup-hover-bg.png
2007.03.05 10:27 B C:\Arquivos de programas\EasyPHP1-8\www\conteudo_radiofonico\admin\ferramentas\hmenu\img\minha\bar-press-bg.png --> ftp.conteudoradiofonico.com.br /public_html/v2/admin/ferramentas/hmenu/img/minha bar-press-bg.png
2007.03.05 10:27 B C:\Arquivos de programas\EasyPHP1-8\www\conteudo_radiofonico\admin\ferramentas\hmenu\img\minha\bar-hover-bg.png --> ftp.conteudoradiofonico.com.br /public_html/v2/admin/ferramentas/hmenu/img/minha bar-hover-bg.png
2007.05.03 13:50 B C:\Arquivos de programas\EasyPHP1-8\www\atual_v2\admin\ferramentas\hmenu\img\minha\WS_FTP.LOG --> ftp.radioatual.com.br /public_html/admin/ferramentas/hmenu/img/minha WS_FTP.LOG
2007.05.03 13:50 B C:\Arquivos de programas\EasyPHP1-8\www\atual_v2\admin\ferramentas\hmenu\img\minha\separator.png --> ftp.radioatual.com.br /public_html/admin/ferramentas/hmenu/img/minha separator.png
2007.05.03 13:50 B C:\Arquivos de programas\EasyPHP1-8\www\atual_v2\admin\ferramentas\hmenu\img\minha\layout_fundo_menu_03.gif --> ftp.radioatual.com.br /public_html/admin/ferramentas/hmenu/img/minha layout_fundo_menu_03.gif
2007.05.03 13:50 B C:\Arquivos de programas\EasyPHP1-8\www\atual_v2\admin\ferramentas\hmenu\img\minha\layout_fundo_menu_01.gif --> ftp.radioatual.com.br /public_html/admin/ferramentas/hmenu/img/minha layout_fundo_menu_01.gif
2007.05.03 13:50 B C:\Arquivos de programas\EasyPHP1-8\www\atual_v2\admin\ferramentas\hmenu\img\minha\fundo_menu.png --> ftp.radioatual.com.br /public_html/admin/ferramentas/hmenu/img/minha fundo_menu.png
2007.05.03 13:50 B C:\Arquivos de programas\EasyPHP1-8\www\atual_v2\admin\ferramentas\hmenu\img\minha\rarrow-hover.gif --> ftp.radioatual.com.br /public_html/admin/ferramentas/hmenu/img/minha rarrow-hover.gif
2007.05.03 13:50 B C:\Arquivos de programas\EasyPHP1-8\www\atual_v2\admin\ferramentas\hmenu\img\minha\popup-hover-bg.png --> ftp.radioatual.com.br /public_html/admin/ferramentas/hmenu/img/minha popup-hover-bg.png
2007.05.03 13:50 B C:\Arquivos de programas\EasyPHP1-8\www\atual_v2\admin\ferramentas\hmenu\img\minha\bar-press-bg.png --> ftp.radioatual.com.br /public_html/admin/ferramentas/hmenu/img/minha bar-press-bg.png
2007.05.03 13:50 B C:\Arquivos de programas\EasyPHP1-8\www\atual_v2\admin\ferramentas\hmenu\img\minha\bar-hover-bg.png --> ftp.radioatual.com.br /public_html/admin/ferramentas/hmenu/img/minha bar-hover-bg.png
2007.08.02 09:38 B C:\Arquivos de programas\EasyPHP1-8\www\ratinho_novo\admin\ferramentas\hmenu\img\minha\WS_FTP.LOG --> ftp.ratinho.com.br /public_html/teste/admin/ferramentas/hmenu/img/minha WS_FTP.LOG
2007.08.02 09:38 B C:\Arquivos de programas\EasyPHP1-8\www\ratinho_novo\admin\ferramentas\hmenu\img\minha\separator.png --> ftp.ratinho.com.br /public_html/teste/admin/ferramentas/hmenu/img/minha separator.png
2007.08.02 09:38 B C:\Arquivos de programas\EasyPHP1-8\www\ratinho_novo\admin\ferramentas\hmenu\img\minha\layout_fundo_menu_03.gif --> ftp.ratinho.com.br /public_html/teste/admin/ferramentas/hmenu/img/minha layout_fundo_menu_03.gif
2007.08.02 09:38 B C:\Arquivos de programas\EasyPHP1-8\www\ratinho_novo\admin\ferramentas\hmenu\img\minha\layout_fundo_menu_01.gif --> ftp.ratinho.com.br /public_html/teste/admin/ferramentas/hmenu/img/minha layout_fundo_menu_01.gif
2007.08.02 09:38 B C:\Arquivos de programas\EasyPHP1-8\www\ratinho_novo\admin\ferramentas\hmenu\img\minha\fundo_menu.png --> ftp.ratinho.com.br /public_html/teste/admin/ferramentas/hmenu/img/minha fundo_menu.png
2007.08.02 09:38 B C:\Arquivos de programas\EasyPHP1-8\www\ratinho_novo\admin\ferramentas\hmenu\img\minha\rarrow-hover.gif --> ftp.ratinho.com.br /public_html/teste/admin/ferramentas/hmenu/img/minha rarrow-hover.gif
2007.08.02 09:38 B C:\Arquivos de programas\EasyPHP1-8\www\ratinho_novo\admin\ferramentas\hmenu\img\minha\popup-hover-bg.png --> ftp.ratinho.com.br /public_html/teste/admin/ferramentas/hmenu/img/minha popup-hover-bg.png
2007.08.02 09:38 B C:\Arquivos de programas\EasyPHP1-8\www\ratinho_novo\admin\ferramentas\hmenu\img\minha\bar-press-bg.png --> ftp.ratinho.com.br /public_html/teste/admin/ferramentas/hmenu/img/minha bar-press-bg.png
2007.08.02 09:38 B C:\Arquivos de programas\EasyPHP1-8\www\ratinho_novo\admin\ferramentas\hmenu\img\minha\bar-hover-bg.png --> ftp.ratinho.com.br /public_html/teste/admin/ferramentas/hmenu/img/minha bar-hover-bg.png
2007.08.10 11:34 B C:\Arquivos de programas\EasyPHP1-8\www\ratinho_novo\admin\ferramentas\hmenu\img\minha\WS_FTP.LOG --> ftp508.locaweb.com.br /public_html/admin/ferramentas/hmenu/img/minha WS_FTP.LOG
2007.08.10 11:34 B C:\Arquivos de programas\EasyPHP1-8\www\ratinho_novo\admin\ferramentas\hmenu\img\minha\separator.png --> ftp508.locaweb.com.br /public_html/admin/ferramentas/hmenu/img/minha separator.png
2007.08.10 11:34 B C:\Arquivos de programas\EasyPHP1-8\www\ratinho_novo\admin\ferramentas\hmenu\img\minha\layout_fundo_menu_03.gif --> ftp508.locaweb.com.br /public_html/admin/ferramentas/hmenu/img/minha layout_fundo_menu_03.gif
2007.08.10 11:34 B C:\Arquivos de programas\EasyPHP1-8\www\ratinho_novo\admin\ferramentas\hmenu\img\minha\layout_fundo_menu_01.gif --> ftp508.locaweb.com.br /public_html/admin/ferramentas/hmenu/img/minha layout_fundo_menu_01.gif
2007.08.10 11:34 B C:\Arquivos de programas\EasyPHP1-8\www\ratinho_novo\admin\ferramentas\hmenu\img\minha\fundo_menu.png --> ftp508.locaweb.com.br /public_html/admin/ferramentas/hmenu/img/minha fundo_menu.png
2007.08.10 11:34 B C:\Arquivos de programas\EasyPHP1-8\www\ratinho_novo\admin\ferramentas\hmenu\img\minha\rarrow-hover.gif --> ftp508.locaweb.com.br /public_html/admin/ferramentas/hmenu/img/minha rarrow-hover.gif
2007.08.10 11:34 B C:\Arquivos de programas\EasyPHP1-8\www\ratinho_novo\admin\ferramentas\hmenu\img\minha\popup-hover-bg.png --> ftp508.locaweb.com.br /public_html/admin/ferramentas/hmenu/img/minha popup-hover-bg.png
2007.08.10 11:34 B C:\Arquivos de programas\EasyPHP1-8\www\ratinho_novo\admin\ferramentas\hmenu\img\minha\bar-press-bg.png --> ftp508.locaweb.com.br /public_html/admin/ferramentas/hmenu/img/minha bar-press-bg.png
2007.08.10 11:34 B C:\Arquivos de programas\EasyPHP1-8\www\ratinho_novo\admin\ferramentas\hmenu\img\minha\bar-hover-bg.png --> ftp508.locaweb.com.br /public_html/admin/ferramentas/hmenu/img/minha bar-hover-bg.png
2008.01.30 17:35 B C:\Arquivos de programas\EasyPHP1-8\www\b\ferramentas\hmenu\img\minha\bar-hover-bg.png --> ftp.codigo8.com.br /public_html/bob/ferramentas/hmenu/img/minha bar-hover-bg.png
2008.01.30 17:35 B C:\Arquivos de programas\EasyPHP1-8\www\b\ferramentas\hmenu\img\minha\bar-press-bg.png --> ftp.codigo8.com.br /public_html/bob/ferramentas/hmenu/img/minha bar-press-bg.png
2008.01.30 17:35 B C:\Arquivos de programas\EasyPHP1-8\www\b\ferramentas\hmenu\img\minha\fundo_menu.png --> ftp.codigo8.com.br /public_html/bob/ferramentas/hmenu/img/minha fundo_menu.png
2008.01.30 17:35 B C:\Arquivos de programas\EasyPHP1-8\www\b\ferramentas\hmenu\img\minha\layout_fundo_menu_01.gif --> ftp.codigo8.com.br /public_html/bob/ferramentas/hmenu/img/minha layout_fundo_menu_01.gif
2008.01.30 17:35 B C:\Arquivos de programas\EasyPHP1-8\www\b\ferramentas\hmenu\img\minha\layout_fundo_menu_03.gif --> ftp.codigo8.com.br /public_html/bob/ferramentas/hmenu/img/minha layout_fundo_menu_03.gif
2008.01.30 17:35 B C:\Arquivos de programas\EasyPHP1-8\www\b\ferramentas\hmenu\img\minha\popup-hover-bg.png --> ftp.codigo8.com.br /public_html/bob/ferramentas/hmenu/img/minha popup-hover-bg.png
2008.01.30 17:35 B C:\Arquivos de programas\EasyPHP1-8\www\b\ferramentas\hmenu\img\minha\rarrow-hover.gif --> ftp.codigo8.com.br /public_html/bob/ferramentas/hmenu/img/minha rarrow-hover.gif
2008.01.30 17:35 B C:\Arquivos de programas\EasyPHP1-8\www\b\ferramentas\hmenu\img\minha\separator.png --> ftp.codigo8.com.br /public_html/bob/ferramentas/hmenu/img/minha separator.png
2008.02.02 09:19 B C:\Arquivos de programas\EasyPHP1-8\www\bob\ferramentas\hmenu\img\minha\WS_FTP.LOG <-- codigo8_bob /public_html/bob/ferramentas/hmenu/img/minha WS_FTP.LOG
2008.02.02 09:19 B C:\Arquivos de programas\EasyPHP1-8\www\bob\ferramentas\hmenu\img\minha\separator.png <-- codigo8_bob /public_html/bob/ferramentas/hmenu/img/minha separator.png
2008.02.02 09:19 B C:\Arquivos de programas\EasyPHP1-8\www\bob\ferramentas\hmenu\img\minha\rarrow-hover.gif <-- codigo8_bob /public_html/bob/ferramentas/hmenu/img/minha rarrow-hover.gif
2008.02.02 09:19 B C:\Arquivos de programas\EasyPHP1-8\www\bob\ferramentas\hmenu\img\minha\popup-hover-bg.png <-- codigo8_bob /public_html/bob/ferramentas/hmenu/img/minha popup-hover-bg.png
2008.02.02 09:19 B C:\Arquivos de programas\EasyPHP1-8\www\bob\ferramentas\hmenu\img\minha\layout_fundo_menu_03.gif <-- codigo8_bob /public_html/bob/ferramentas/hmenu/img/minha layout_fundo_menu_03.gif
2008.02.02 09:19 B C:\Arquivos de programas\EasyPHP1-8\www\bob\ferramentas\hmenu\img\minha\layout_fundo_menu_01.gif <-- codigo8_bob /public_html/bob/ferramentas/hmenu/img/minha layout_fundo_menu_01.gif
2008.02.02 09:19 B C:\Arquivos de programas\EasyPHP1-8\www\bob\ferramentas\hmenu\img\minha\fundo_menu.png <-- codigo8_bob /public_html/bob/ferramentas/hmenu/img/minha fundo_menu.png
2008.02.02 09:19 B C:\Arquivos de programas\EasyPHP1-8\www\bob\ferramentas\hmenu\img\minha\bar-press-bg.png <-- codigo8_bob /public_html/bob/ferramentas/hmenu/img/minha bar-press-bg.png
2008.02.02 09:19 B C:\Arquivos de programas\EasyPHP1-8\www\bob\ferramentas\hmenu\img\minha\bar-hover-bg.png <-- codigo8_bob /public_html/bob/ferramentas/hmenu/img/minha bar-hover-bg.png
2008.02.02 16:45 B C:\Arquivos de programas\EasyPHP1-8\www\bob\adm\ferramentas\hmenu\img\minha\WS_FTP.LOG --> ftp.codigo8.com.br /public_html/bob/adm/ferramentas/hmenu/img/minha WS_FTP.LOG
2008.02.02 16:45 B C:\Arquivos de programas\EasyPHP1-8\www\bob\adm\ferramentas\hmenu\img\minha\separator.png --> ftp.codigo8.com.br /public_html/bob/adm/ferramentas/hmenu/img/minha separator.png
2008.02.02 16:45 B C:\Arquivos de programas\EasyPHP1-8\www\bob\adm\ferramentas\hmenu\img\minha\rarrow-hover.gif --> ftp.codigo8.com.br /public_html/bob/adm/ferramentas/hmenu/img/minha rarrow-hover.gif
2008.02.02 16:45 B C:\Arquivos de programas\EasyPHP1-8\www\bob\adm\ferramentas\hmenu\img\minha\popup-hover-bg.png --> ftp.codigo8.com.br /public_html/bob/adm/ferramentas/hmenu/img/minha popup-hover-bg.png
2008.02.02 16:45 B C:\Arquivos de programas\EasyPHP1-8\www\bob\adm\ferramentas\hmenu\img\minha\layout_fundo_menu_03.gif --> ftp.codigo8.com.br /public_html/bob/adm/ferramentas/hmenu/img/minha layout_fundo_menu_03.gif
2008.02.02 16:45 B C:\Arquivos de programas\EasyPHP1-8\www\bob\adm\ferramentas\hmenu\img\minha\layout_fundo_menu_01.gif --> ftp.codigo8.com.br /public_html/bob/adm/ferramentas/hmenu/img/minha layout_fundo_menu_01.gif
2008.02.02 16:45 B C:\Arquivos de programas\EasyPHP1-8\www\bob\adm\ferramentas\hmenu\img\minha\fundo_menu.png --> ftp.codigo8.com.br /public_html/bob/adm/ferramentas/hmenu/img/minha fundo_menu.png
2008.02.02 16:45 B C:\Arquivos de programas\EasyPHP1-8\www\bob\adm\ferramentas\hmenu\img\minha\bar-press-bg.png --> ftp.codigo8.com.br /public_html/bob/adm/ferramentas/hmenu/img/minha bar-press-bg.png
2008.02.02 16:45 B C:\Arquivos de programas\EasyPHP1-8\www\bob\adm\ferramentas\hmenu\img\minha\bar-hover-bg.png --> ftp.codigo8.com.br /public_html/bob/adm/ferramentas/hmenu/img/minha bar-hover-bg.png
2008.02.08 23:59 B C:\Arquivos de programas\EasyPHP1-8\www\bob\adm\ferramentas\hmenu\img\minha\WS_FTP.LOG --> ftp.convencaobobstore.com.br /public_html/inverno2008/adm/ferramentas/hmenu/img/minha WS_FTP.LOG
2008.02.08 23:59 B C:\Arquivos de programas\EasyPHP1-8\www\bob\adm\ferramentas\hmenu\img\minha\separator.png --> ftp.convencaobobstore.com.br /public_html/inverno2008/adm/ferramentas/hmenu/img/minha separator.png
2008.02.08 23:59 B C:\Arquivos de programas\EasyPHP1-8\www\bob\adm\ferramentas\hmenu\img\minha\rarrow-hover.gif --> ftp.convencaobobstore.com.br /public_html/inverno2008/adm/ferramentas/hmenu/img/minha rarrow-hover.gif
2008.02.08 23:59 B C:\Arquivos de programas\EasyPHP1-8\www\bob\adm\ferramentas\hmenu\img\minha\popup-hover-bg.png --> ftp.convencaobobstore.com.br /public_html/inverno2008/adm/ferramentas/hmenu/img/minha popup-hover-bg.png
2008.02.08 23:59 B C:\Arquivos de programas\EasyPHP1-8\www\bob\adm\ferramentas\hmenu\img\minha\layout_fundo_menu_03.gif --> ftp.convencaobobstore.com.br /public_html/inverno2008/adm/ferramentas/hmenu/img/minha layout_fundo_menu_03.gif
2008.02.08 23:59 B C:\Arquivos de programas\EasyPHP1-8\www\bob\adm\ferramentas\hmenu\img\minha\layout_fundo_menu_01.gif --> ftp.convencaobobstore.com.br /public_html/inverno2008/adm/ferramentas/hmenu/img/minha layout_fundo_menu_01.gif
2008.02.08 23:59 B C:\Arquivos de programas\EasyPHP1-8\www\bob\adm\ferramentas\hmenu\img\minha\fundo_menu.png --> ftp.convencaobobstore.com.br /public_html/inverno2008/adm/ferramentas/hmenu/img/minha fundo_menu.png
2008.02.08 23:59 B C:\Arquivos de programas\EasyPHP1-8\www\bob\adm\ferramentas\hmenu\img\minha\bar-press-bg.png --> ftp.convencaobobstore.com.br /public_html/inverno2008/adm/ferramentas/hmenu/img/minha bar-press-bg.png
2008.02.08 23:59 B C:\Arquivos de programas\EasyPHP1-8\www\bob\adm\ferramentas\hmenu\img\minha\bar-hover-bg.png --> ftp.convencaobobstore.com.br /public_html/inverno2008/adm/ferramentas/hmenu/img/minha bar-hover-bg.png
2008.04.21 15:55 B C:\Arquivos de programas\EasyPHP1-8\www\ib\admin\ferramentas\hmenu\img\minha\WS_FTP.LOG --> ftp.ibmmkt.com.br /public_html/admin/ferramentas/hmenu/img/minha WS_FTP.LOG
2008.04.21 15:55 B C:\Arquivos de programas\EasyPHP1-8\www\ib\admin\ferramentas\hmenu\img\minha\separator.png --> ftp.ibmmkt.com.br /public_html/admin/ferramentas/hmenu/img/minha separator.png
2008.04.21 15:55 B C:\Arquivos de programas\EasyPHP1-8\www\ib\admin\ferramentas\hmenu\img\minha\rarrow-hover.gif --> ftp.ibmmkt.com.br /public_html/admin/ferramentas/hmenu/img/minha rarrow-hover.gif
2008.04.21 15:55 B C:\Arquivos de programas\EasyPHP1-8\www\ib\admin\ferramentas\hmenu\img\minha\popup-hover-bg.png --> ftp.ibmmkt.com.br /public_html/admin/ferramentas/hmenu/img/minha popup-hover-bg.png
2008.04.21 15:55 B C:\Arquivos de programas\EasyPHP1-8\www\ib\admin\ferramentas\hmenu\img\minha\layout_fundo_menu_03.gif --> ftp.ibmmkt.com.br /public_html/admin/ferramentas/hmenu/img/minha layout_fundo_menu_03.gif
2008.04.21 15:55 B C:\Arquivos de programas\EasyPHP1-8\www\ib\admin\ferramentas\hmenu\img\minha\layout_fundo_menu_01.gif --> ftp.ibmmkt.com.br /public_html/admin/ferramentas/hmenu/img/minha layout_fundo_menu_01.gif
2008.04.21 15:55 B C:\Arquivos de programas\EasyPHP1-8\www\ib\admin\ferramentas\hmenu\img\minha\fundo_menu.png --> ftp.ibmmkt.com.br /public_html/admin/ferramentas/hmenu/img/minha fundo_menu.png
2008.04.21 15:55 B C:\Arquivos de programas\EasyPHP1-8\www\ib\admin\ferramentas\hmenu\img\minha\bar-press-bg.png --> ftp.ibmmkt.com.br /public_html/admin/ferramentas/hmenu/img/minha bar-press-bg.png
2008.04.21 15:55 B C:\Arquivos de programas\EasyPHP1-8\www\ib\admin\ferramentas\hmenu\img\minha\bar-hover-bg.png --> ftp.ibmmkt.com.br /public_html/admin/ferramentas/hmenu/img/minha bar-hover-bg.png
2008.05.07 15:35 B C:\Arquivos de programas\EasyPHP1-8\www\anglo\admin\ferramentas\hmenu\img\minha\WS_FTP.LOG --> 200.234.200.137 /public_html/admin/ferramentas/hmenu/img/minha WS_FTP.LOG
2008.05.07 15:35 B C:\Arquivos de programas\EasyPHP1-8\www\anglo\admin\ferramentas\hmenu\img\minha\separator.png --> 200.234.200.137 /public_html/admin/ferramentas/hmenu/img/minha separator.png
2008.05.07 15:35 B C:\Arquivos de programas\EasyPHP1-8\www\anglo\admin\ferramentas\hmenu\img\minha\rarrow-hover.gif --> 200.234.200.137 /public_html/admin/ferramentas/hmenu/img/minha rarrow-hover.gif
2008.05.07 15:35 B C:\Arquivos de programas\EasyPHP1-8\www\anglo\admin\ferramentas\hmenu\img\minha\popup-hover-bg.png --> 200.234.200.137 /public_html/admin/ferramentas/hmenu/img/minha popup-hover-bg.png
2008.05.07 15:35 B C:\Arquivos de programas\EasyPHP1-8\www\anglo\admin\ferramentas\hmenu\img\minha\layout_fundo_menu_03.gif --> 200.234.200.137 /public_html/admin/ferramentas/hmenu/img/minha layout_fundo_menu_03.gif
2008.05.07 15:35 B C:\Arquivos de programas\EasyPHP1-8\www\anglo\admin\ferramentas\hmenu\img\minha\layout_fundo_menu_01.gif --> 200.234.200.137 /public_html/admin/ferramentas/hmenu/img/minha layout_fundo_menu_01.gif
2008.05.07 15:35 B C:\Arquivos de programas\EasyPHP1-8\www\anglo\admin\ferramentas\hmenu\img\minha\fundo_menu.png --> 200.234.200.137 /public_html/admin/ferramentas/hmenu/img/minha fundo_menu.png
2008.05.07 15:35 B C:\Arquivos de programas\EasyPHP1-8\www\anglo\admin\ferramentas\hmenu\img\minha\bar-press-bg.png --> 200.234.200.137 /public_html/admin/ferramentas/hmenu/img/minha bar-press-bg.png
2008.05.07 15:35 B C:\Arquivos de programas\EasyPHP1-8\www\anglo\admin\ferramentas\hmenu\img\minha\bar-hover-bg.png --> 200.234.200.137 /public_html/admin/ferramentas/hmenu/img/minha bar-hover-bg.png
