2007.03.05 10:27 B C:\Arquivos de programas\EasyPHP1-8\www\conteudo_radiofonico\admin\ferramentas\hmenu\img\shadow.png --> ftp.conteudoradiofonico.com.br /public_html/v2/admin/ferramentas/hmenu/img shadow.png
2007.03.05 10:27 B C:\Arquivos de programas\EasyPHP1-8\www\conteudo_radiofonico\admin\ferramentas\hmenu\img\shadow-1.png --> ftp.conteudoradiofonico.com.br /public_html/v2/admin/ferramentas/hmenu/img shadow-1.png
2007.03.05 10:27 B C:\Arquivos de programas\EasyPHP1-8\www\conteudo_radiofonico\admin\ferramentas\hmenu\img\scroll-up.gif --> ftp.conteudoradiofonico.com.br /public_html/v2/admin/ferramentas/hmenu/img scroll-up.gif
2007.03.05 10:27 B C:\Arquivos de programas\EasyPHP1-8\www\conteudo_radiofonico\admin\ferramentas\hmenu\img\scroll-up-hover.gif --> ftp.conteudoradiofonico.com.br /public_html/v2/admin/ferramentas/hmenu/img scroll-up-hover.gif
2007.03.05 10:27 B C:\Arquivos de programas\EasyPHP1-8\www\conteudo_radiofonico\admin\ferramentas\hmenu\img\scroll-up-disabled.gif --> ftp.conteudoradiofonico.com.br /public_html/v2/admin/ferramentas/hmenu/img scroll-up-disabled.gif
2007.03.05 10:27 B C:\Arquivos de programas\EasyPHP1-8\www\conteudo_radiofonico\admin\ferramentas\hmenu\img\scroll-down.gif --> ftp.conteudoradiofonico.com.br /public_html/v2/admin/ferramentas/hmenu/img scroll-down.gif
2007.03.05 10:27 B C:\Arquivos de programas\EasyPHP1-8\www\conteudo_radiofonico\admin\ferramentas\hmenu\img\scroll-down-hover.gif --> ftp.conteudoradiofonico.com.br /public_html/v2/admin/ferramentas/hmenu/img scroll-down-hover.gif
2007.03.05 10:27 B C:\Arquivos de programas\EasyPHP1-8\www\conteudo_radiofonico\admin\ferramentas\hmenu\img\scroll-down-disabled.gif --> ftp.conteudoradiofonico.com.br /public_html/v2/admin/ferramentas/hmenu/img scroll-down-disabled.gif
2007.03.05 10:27 B C:\Arquivos de programas\EasyPHP1-8\www\conteudo_radiofonico\admin\ferramentas\hmenu\img\rarrow.gif --> ftp.conteudoradiofonico.com.br /public_html/v2/admin/ferramentas/hmenu/img rarrow.gif
2007.03.05 10:27 B C:\Arquivos de programas\EasyPHP1-8\www\conteudo_radiofonico\admin\ferramentas\hmenu\img\rarrow-hover.gif --> ftp.conteudoradiofonico.com.br /public_html/v2/admin/ferramentas/hmenu/img rarrow-hover.gif
2007.03.05 10:27 B C:\Arquivos de programas\EasyPHP1-8\www\conteudo_radiofonico\admin\ferramentas\hmenu\img\darrow.gif --> ftp.conteudoradiofonico.com.br /public_html/v2/admin/ferramentas/hmenu/img darrow.gif
2007.03.05 10:27 B C:\Arquivos de programas\EasyPHP1-8\www\conteudo_radiofonico\admin\ferramentas\hmenu\img\blank.gif --> ftp.conteudoradiofonico.com.br /public_html/v2/admin/ferramentas/hmenu/img blank.gif
2007.05.03 13:51 B C:\Arquivos de programas\EasyPHP1-8\www\atual_v2\admin\ferramentas\hmenu\img\WS_FTP.LOG --> ftp.radioatual.com.br /public_html/admin/ferramentas/hmenu/img WS_FTP.LOG
2007.05.03 13:51 B C:\Arquivos de programas\EasyPHP1-8\www\atual_v2\admin\ferramentas\hmenu\img\shadow.png --> ftp.radioatual.com.br /public_html/admin/ferramentas/hmenu/img shadow.png
2007.05.03 13:51 B C:\Arquivos de programas\EasyPHP1-8\www\atual_v2\admin\ferramentas\hmenu\img\shadow-1.png --> ftp.radioatual.com.br /public_html/admin/ferramentas/hmenu/img shadow-1.png
2007.05.03 13:51 B C:\Arquivos de programas\EasyPHP1-8\www\atual_v2\admin\ferramentas\hmenu\img\scroll-up.gif --> ftp.radioatual.com.br /public_html/admin/ferramentas/hmenu/img scroll-up.gif
2007.05.03 13:51 B C:\Arquivos de programas\EasyPHP1-8\www\atual_v2\admin\ferramentas\hmenu\img\scroll-up-hover.gif --> ftp.radioatual.com.br /public_html/admin/ferramentas/hmenu/img scroll-up-hover.gif
2007.05.03 13:51 B C:\Arquivos de programas\EasyPHP1-8\www\atual_v2\admin\ferramentas\hmenu\img\scroll-up-disabled.gif --> ftp.radioatual.com.br /public_html/admin/ferramentas/hmenu/img scroll-up-disabled.gif
2007.05.03 13:51 B C:\Arquivos de programas\EasyPHP1-8\www\atual_v2\admin\ferramentas\hmenu\img\scroll-down.gif --> ftp.radioatual.com.br /public_html/admin/ferramentas/hmenu/img scroll-down.gif
2007.05.03 13:51 B C:\Arquivos de programas\EasyPHP1-8\www\atual_v2\admin\ferramentas\hmenu\img\scroll-down-hover.gif --> ftp.radioatual.com.br /public_html/admin/ferramentas/hmenu/img scroll-down-hover.gif
2007.05.03 13:51 B C:\Arquivos de programas\EasyPHP1-8\www\atual_v2\admin\ferramentas\hmenu\img\scroll-down-disabled.gif --> ftp.radioatual.com.br /public_html/admin/ferramentas/hmenu/img scroll-down-disabled.gif
2007.05.03 13:51 B C:\Arquivos de programas\EasyPHP1-8\www\atual_v2\admin\ferramentas\hmenu\img\rarrow.gif --> ftp.radioatual.com.br /public_html/admin/ferramentas/hmenu/img rarrow.gif
2007.05.03 13:51 B C:\Arquivos de programas\EasyPHP1-8\www\atual_v2\admin\ferramentas\hmenu\img\rarrow-hover.gif --> ftp.radioatual.com.br /public_html/admin/ferramentas/hmenu/img rarrow-hover.gif
2007.05.03 13:51 B C:\Arquivos de programas\EasyPHP1-8\www\atual_v2\admin\ferramentas\hmenu\img\darrow.gif --> ftp.radioatual.com.br /public_html/admin/ferramentas/hmenu/img darrow.gif
2007.05.03 13:51 B C:\Arquivos de programas\EasyPHP1-8\www\atual_v2\admin\ferramentas\hmenu\img\blank.gif --> ftp.radioatual.com.br /public_html/admin/ferramentas/hmenu/img blank.gif
2007.08.02 09:38 B C:\Arquivos de programas\EasyPHP1-8\www\ratinho_novo\admin\ferramentas\hmenu\img\WS_FTP.LOG --> ftp.ratinho.com.br /public_html/teste/admin/ferramentas/hmenu/img WS_FTP.LOG
2007.08.02 09:38 B C:\Arquivos de programas\EasyPHP1-8\www\ratinho_novo\admin\ferramentas\hmenu\img\shadow.png --> ftp.ratinho.com.br /public_html/teste/admin/ferramentas/hmenu/img shadow.png
2007.08.02 09:38 B C:\Arquivos de programas\EasyPHP1-8\www\ratinho_novo\admin\ferramentas\hmenu\img\shadow-1.png --> ftp.ratinho.com.br /public_html/teste/admin/ferramentas/hmenu/img shadow-1.png
2007.08.02 09:39 B C:\Arquivos de programas\EasyPHP1-8\www\ratinho_novo\admin\ferramentas\hmenu\img\scroll-up.gif --> ftp.ratinho.com.br /public_html/teste/admin/ferramentas/hmenu/img scroll-up.gif
2007.08.02 09:39 B C:\Arquivos de programas\EasyPHP1-8\www\ratinho_novo\admin\ferramentas\hmenu\img\scroll-up-hover.gif --> ftp.ratinho.com.br /public_html/teste/admin/ferramentas/hmenu/img scroll-up-hover.gif
2007.08.02 09:39 B C:\Arquivos de programas\EasyPHP1-8\www\ratinho_novo\admin\ferramentas\hmenu\img\scroll-up-disabled.gif --> ftp.ratinho.com.br /public_html/teste/admin/ferramentas/hmenu/img scroll-up-disabled.gif
2007.08.02 09:39 B C:\Arquivos de programas\EasyPHP1-8\www\ratinho_novo\admin\ferramentas\hmenu\img\scroll-down.gif --> ftp.ratinho.com.br /public_html/teste/admin/ferramentas/hmenu/img scroll-down.gif
2007.08.02 09:39 B C:\Arquivos de programas\EasyPHP1-8\www\ratinho_novo\admin\ferramentas\hmenu\img\scroll-down-hover.gif --> ftp.ratinho.com.br /public_html/teste/admin/ferramentas/hmenu/img scroll-down-hover.gif
2007.08.02 09:39 B C:\Arquivos de programas\EasyPHP1-8\www\ratinho_novo\admin\ferramentas\hmenu\img\scroll-down-disabled.gif --> ftp.ratinho.com.br /public_html/teste/admin/ferramentas/hmenu/img scroll-down-disabled.gif
2007.08.02 09:39 B C:\Arquivos de programas\EasyPHP1-8\www\ratinho_novo\admin\ferramentas\hmenu\img\rarrow.gif --> ftp.ratinho.com.br /public_html/teste/admin/ferramentas/hmenu/img rarrow.gif
2007.08.02 09:39 B C:\Arquivos de programas\EasyPHP1-8\www\ratinho_novo\admin\ferramentas\hmenu\img\rarrow-hover.gif --> ftp.ratinho.com.br /public_html/teste/admin/ferramentas/hmenu/img rarrow-hover.gif
2007.08.02 09:39 B C:\Arquivos de programas\EasyPHP1-8\www\ratinho_novo\admin\ferramentas\hmenu\img\darrow.gif --> ftp.ratinho.com.br /public_html/teste/admin/ferramentas/hmenu/img darrow.gif
2007.08.02 09:39 B C:\Arquivos de programas\EasyPHP1-8\www\ratinho_novo\admin\ferramentas\hmenu\img\blank.gif --> ftp.ratinho.com.br /public_html/teste/admin/ferramentas/hmenu/img blank.gif
2007.08.10 11:34 B C:\Arquivos de programas\EasyPHP1-8\www\ratinho_novo\admin\ferramentas\hmenu\img\WS_FTP.LOG --> ftp508.locaweb.com.br /public_html/admin/ferramentas/hmenu/img WS_FTP.LOG
2007.08.10 11:34 B C:\Arquivos de programas\EasyPHP1-8\www\ratinho_novo\admin\ferramentas\hmenu\img\shadow.png --> ftp508.locaweb.com.br /public_html/admin/ferramentas/hmenu/img shadow.png
2007.08.10 11:34 B C:\Arquivos de programas\EasyPHP1-8\www\ratinho_novo\admin\ferramentas\hmenu\img\shadow-1.png --> ftp508.locaweb.com.br /public_html/admin/ferramentas/hmenu/img shadow-1.png
2007.08.10 11:34 B C:\Arquivos de programas\EasyPHP1-8\www\ratinho_novo\admin\ferramentas\hmenu\img\scroll-up.gif --> ftp508.locaweb.com.br /public_html/admin/ferramentas/hmenu/img scroll-up.gif
2007.08.10 11:34 B C:\Arquivos de programas\EasyPHP1-8\www\ratinho_novo\admin\ferramentas\hmenu\img\scroll-up-hover.gif --> ftp508.locaweb.com.br /public_html/admin/ferramentas/hmenu/img scroll-up-hover.gif
2007.08.10 11:34 B C:\Arquivos de programas\EasyPHP1-8\www\ratinho_novo\admin\ferramentas\hmenu\img\scroll-up-disabled.gif --> ftp508.locaweb.com.br /public_html/admin/ferramentas/hmenu/img scroll-up-disabled.gif
2007.08.10 11:34 B C:\Arquivos de programas\EasyPHP1-8\www\ratinho_novo\admin\ferramentas\hmenu\img\scroll-down.gif --> ftp508.locaweb.com.br /public_html/admin/ferramentas/hmenu/img scroll-down.gif
2007.08.10 11:34 B C:\Arquivos de programas\EasyPHP1-8\www\ratinho_novo\admin\ferramentas\hmenu\img\scroll-down-hover.gif --> ftp508.locaweb.com.br /public_html/admin/ferramentas/hmenu/img scroll-down-hover.gif
2007.08.10 11:34 B C:\Arquivos de programas\EasyPHP1-8\www\ratinho_novo\admin\ferramentas\hmenu\img\scroll-down-disabled.gif --> ftp508.locaweb.com.br /public_html/admin/ferramentas/hmenu/img scroll-down-disabled.gif
2007.08.10 11:34 B C:\Arquivos de programas\EasyPHP1-8\www\ratinho_novo\admin\ferramentas\hmenu\img\rarrow.gif --> ftp508.locaweb.com.br /public_html/admin/ferramentas/hmenu/img rarrow.gif
2007.08.10 11:34 B C:\Arquivos de programas\EasyPHP1-8\www\ratinho_novo\admin\ferramentas\hmenu\img\rarrow-hover.gif --> ftp508.locaweb.com.br /public_html/admin/ferramentas/hmenu/img rarrow-hover.gif
2007.08.10 11:34 B C:\Arquivos de programas\EasyPHP1-8\www\ratinho_novo\admin\ferramentas\hmenu\img\darrow.gif --> ftp508.locaweb.com.br /public_html/admin/ferramentas/hmenu/img darrow.gif
2007.08.10 11:34 B C:\Arquivos de programas\EasyPHP1-8\www\ratinho_novo\admin\ferramentas\hmenu\img\blank.gif --> ftp508.locaweb.com.br /public_html/admin/ferramentas/hmenu/img blank.gif
2008.01.30 17:35 B C:\Arquivos de programas\EasyPHP1-8\www\b\ferramentas\hmenu\img\blank.gif --> ftp.codigo8.com.br /public_html/bob/ferramentas/hmenu/img blank.gif
2008.01.30 17:35 B C:\Arquivos de programas\EasyPHP1-8\www\b\ferramentas\hmenu\img\darrow.gif --> ftp.codigo8.com.br /public_html/bob/ferramentas/hmenu/img darrow.gif
2008.01.30 17:35 B C:\Arquivos de programas\EasyPHP1-8\www\b\ferramentas\hmenu\img\rarrow-hover.gif --> ftp.codigo8.com.br /public_html/bob/ferramentas/hmenu/img rarrow-hover.gif
2008.01.30 17:35 B C:\Arquivos de programas\EasyPHP1-8\www\b\ferramentas\hmenu\img\rarrow.gif --> ftp.codigo8.com.br /public_html/bob/ferramentas/hmenu/img rarrow.gif
2008.01.30 17:35 B C:\Arquivos de programas\EasyPHP1-8\www\b\ferramentas\hmenu\img\scroll-down-disabled.gif --> ftp.codigo8.com.br /public_html/bob/ferramentas/hmenu/img scroll-down-disabled.gif
2008.01.30 17:35 B C:\Arquivos de programas\EasyPHP1-8\www\b\ferramentas\hmenu\img\scroll-down-hover.gif --> ftp.codigo8.com.br /public_html/bob/ferramentas/hmenu/img scroll-down-hover.gif
2008.01.30 17:35 B C:\Arquivos de programas\EasyPHP1-8\www\b\ferramentas\hmenu\img\scroll-down.gif --> ftp.codigo8.com.br /public_html/bob/ferramentas/hmenu/img scroll-down.gif
2008.01.30 17:35 B C:\Arquivos de programas\EasyPHP1-8\www\b\ferramentas\hmenu\img\scroll-up-disabled.gif --> ftp.codigo8.com.br /public_html/bob/ferramentas/hmenu/img scroll-up-disabled.gif
2008.01.30 17:35 B C:\Arquivos de programas\EasyPHP1-8\www\b\ferramentas\hmenu\img\scroll-up-hover.gif --> ftp.codigo8.com.br /public_html/bob/ferramentas/hmenu/img scroll-up-hover.gif
2008.01.30 17:35 B C:\Arquivos de programas\EasyPHP1-8\www\b\ferramentas\hmenu\img\scroll-up.gif --> ftp.codigo8.com.br /public_html/bob/ferramentas/hmenu/img scroll-up.gif
2008.01.30 17:35 B C:\Arquivos de programas\EasyPHP1-8\www\b\ferramentas\hmenu\img\shadow-1.png --> ftp.codigo8.com.br /public_html/bob/ferramentas/hmenu/img shadow-1.png
2008.01.30 17:35 B C:\Arquivos de programas\EasyPHP1-8\www\b\ferramentas\hmenu\img\shadow.png --> ftp.codigo8.com.br /public_html/bob/ferramentas/hmenu/img shadow.png
2008.02.02 09:19 B C:\Arquivos de programas\EasyPHP1-8\www\bob\ferramentas\hmenu\img\WS_FTP.LOG <-- codigo8_bob /public_html/bob/ferramentas/hmenu/img WS_FTP.LOG
2008.02.02 09:19 B C:\Arquivos de programas\EasyPHP1-8\www\bob\ferramentas\hmenu\img\shadow.png <-- codigo8_bob /public_html/bob/ferramentas/hmenu/img shadow.png
2008.02.02 09:19 B C:\Arquivos de programas\EasyPHP1-8\www\bob\ferramentas\hmenu\img\shadow-1.png <-- codigo8_bob /public_html/bob/ferramentas/hmenu/img shadow-1.png
2008.02.02 09:19 B C:\Arquivos de programas\EasyPHP1-8\www\bob\ferramentas\hmenu\img\scroll-up.gif <-- codigo8_bob /public_html/bob/ferramentas/hmenu/img scroll-up.gif
2008.02.02 09:19 B C:\Arquivos de programas\EasyPHP1-8\www\bob\ferramentas\hmenu\img\scroll-up-hover.gif <-- codigo8_bob /public_html/bob/ferramentas/hmenu/img scroll-up-hover.gif
2008.02.02 09:19 B C:\Arquivos de programas\EasyPHP1-8\www\bob\ferramentas\hmenu\img\scroll-up-disabled.gif <-- codigo8_bob /public_html/bob/ferramentas/hmenu/img scroll-up-disabled.gif
2008.02.02 09:19 B C:\Arquivos de programas\EasyPHP1-8\www\bob\ferramentas\hmenu\img\scroll-down.gif <-- codigo8_bob /public_html/bob/ferramentas/hmenu/img scroll-down.gif
2008.02.02 09:19 B C:\Arquivos de programas\EasyPHP1-8\www\bob\ferramentas\hmenu\img\scroll-down-hover.gif <-- codigo8_bob /public_html/bob/ferramentas/hmenu/img scroll-down-hover.gif
2008.02.02 09:19 B C:\Arquivos de programas\EasyPHP1-8\www\bob\ferramentas\hmenu\img\scroll-down-disabled.gif <-- codigo8_bob /public_html/bob/ferramentas/hmenu/img scroll-down-disabled.gif
2008.02.02 09:19 B C:\Arquivos de programas\EasyPHP1-8\www\bob\ferramentas\hmenu\img\rarrow.gif <-- codigo8_bob /public_html/bob/ferramentas/hmenu/img rarrow.gif
2008.02.02 09:19 B C:\Arquivos de programas\EasyPHP1-8\www\bob\ferramentas\hmenu\img\rarrow-hover.gif <-- codigo8_bob /public_html/bob/ferramentas/hmenu/img rarrow-hover.gif
2008.02.02 09:19 B C:\Arquivos de programas\EasyPHP1-8\www\bob\ferramentas\hmenu\img\darrow.gif <-- codigo8_bob /public_html/bob/ferramentas/hmenu/img darrow.gif
2008.02.02 09:19 B C:\Arquivos de programas\EasyPHP1-8\www\bob\ferramentas\hmenu\img\blank.gif <-- codigo8_bob /public_html/bob/ferramentas/hmenu/img blank.gif
2008.02.02 16:45 B C:\Arquivos de programas\EasyPHP1-8\www\bob\adm\ferramentas\hmenu\img\WS_FTP.LOG --> ftp.codigo8.com.br /public_html/bob/adm/ferramentas/hmenu/img WS_FTP.LOG
2008.02.02 16:45 B C:\Arquivos de programas\EasyPHP1-8\www\bob\adm\ferramentas\hmenu\img\shadow.png --> ftp.codigo8.com.br /public_html/bob/adm/ferramentas/hmenu/img shadow.png
2008.02.02 16:45 B C:\Arquivos de programas\EasyPHP1-8\www\bob\adm\ferramentas\hmenu\img\shadow-1.png --> ftp.codigo8.com.br /public_html/bob/adm/ferramentas/hmenu/img shadow-1.png
2008.02.02 16:45 B C:\Arquivos de programas\EasyPHP1-8\www\bob\adm\ferramentas\hmenu\img\scroll-up.gif --> ftp.codigo8.com.br /public_html/bob/adm/ferramentas/hmenu/img scroll-up.gif
2008.02.02 16:45 B C:\Arquivos de programas\EasyPHP1-8\www\bob\adm\ferramentas\hmenu\img\scroll-up-hover.gif --> ftp.codigo8.com.br /public_html/bob/adm/ferramentas/hmenu/img scroll-up-hover.gif
2008.02.02 16:45 B C:\Arquivos de programas\EasyPHP1-8\www\bob\adm\ferramentas\hmenu\img\scroll-up-disabled.gif --> ftp.codigo8.com.br /public_html/bob/adm/ferramentas/hmenu/img scroll-up-disabled.gif
2008.02.02 16:45 B C:\Arquivos de programas\EasyPHP1-8\www\bob\adm\ferramentas\hmenu\img\scroll-down.gif --> ftp.codigo8.com.br /public_html/bob/adm/ferramentas/hmenu/img scroll-down.gif
2008.02.02 16:45 B C:\Arquivos de programas\EasyPHP1-8\www\bob\adm\ferramentas\hmenu\img\scroll-down-hover.gif --> ftp.codigo8.com.br /public_html/bob/adm/ferramentas/hmenu/img scroll-down-hover.gif
2008.02.02 16:45 B C:\Arquivos de programas\EasyPHP1-8\www\bob\adm\ferramentas\hmenu\img\scroll-down-disabled.gif --> ftp.codigo8.com.br /public_html/bob/adm/ferramentas/hmenu/img scroll-down-disabled.gif
2008.02.02 16:45 B C:\Arquivos de programas\EasyPHP1-8\www\bob\adm\ferramentas\hmenu\img\rarrow.gif --> ftp.codigo8.com.br /public_html/bob/adm/ferramentas/hmenu/img rarrow.gif
2008.02.02 16:45 B C:\Arquivos de programas\EasyPHP1-8\www\bob\adm\ferramentas\hmenu\img\rarrow-hover.gif --> ftp.codigo8.com.br /public_html/bob/adm/ferramentas/hmenu/img rarrow-hover.gif
2008.02.02 16:45 B C:\Arquivos de programas\EasyPHP1-8\www\bob\adm\ferramentas\hmenu\img\darrow.gif --> ftp.codigo8.com.br /public_html/bob/adm/ferramentas/hmenu/img darrow.gif
2008.02.02 16:45 B C:\Arquivos de programas\EasyPHP1-8\www\bob\adm\ferramentas\hmenu\img\blank.gif --> ftp.codigo8.com.br /public_html/bob/adm/ferramentas/hmenu/img blank.gif
2008.02.08 23:59 B C:\Arquivos de programas\EasyPHP1-8\www\bob\adm\ferramentas\hmenu\img\WS_FTP.LOG --> ftp.convencaobobstore.com.br /public_html/inverno2008/adm/ferramentas/hmenu/img WS_FTP.LOG
2008.02.08 23:59 B C:\Arquivos de programas\EasyPHP1-8\www\bob\adm\ferramentas\hmenu\img\shadow.png --> ftp.convencaobobstore.com.br /public_html/inverno2008/adm/ferramentas/hmenu/img shadow.png
2008.02.08 23:59 B C:\Arquivos de programas\EasyPHP1-8\www\bob\adm\ferramentas\hmenu\img\shadow-1.png --> ftp.convencaobobstore.com.br /public_html/inverno2008/adm/ferramentas/hmenu/img shadow-1.png
2008.02.08 23:59 B C:\Arquivos de programas\EasyPHP1-8\www\bob\adm\ferramentas\hmenu\img\scroll-up.gif --> ftp.convencaobobstore.com.br /public_html/inverno2008/adm/ferramentas/hmenu/img scroll-up.gif
2008.02.08 23:59 B C:\Arquivos de programas\EasyPHP1-8\www\bob\adm\ferramentas\hmenu\img\scroll-up-hover.gif --> ftp.convencaobobstore.com.br /public_html/inverno2008/adm/ferramentas/hmenu/img scroll-up-hover.gif
2008.02.08 23:59 B C:\Arquivos de programas\EasyPHP1-8\www\bob\adm\ferramentas\hmenu\img\scroll-up-disabled.gif --> ftp.convencaobobstore.com.br /public_html/inverno2008/adm/ferramentas/hmenu/img scroll-up-disabled.gif
2008.02.08 23:59 B C:\Arquivos de programas\EasyPHP1-8\www\bob\adm\ferramentas\hmenu\img\scroll-down.gif --> ftp.convencaobobstore.com.br /public_html/inverno2008/adm/ferramentas/hmenu/img scroll-down.gif
2008.02.08 23:59 B C:\Arquivos de programas\EasyPHP1-8\www\bob\adm\ferramentas\hmenu\img\scroll-down-hover.gif --> ftp.convencaobobstore.com.br /public_html/inverno2008/adm/ferramentas/hmenu/img scroll-down-hover.gif
2008.02.08 23:59 B C:\Arquivos de programas\EasyPHP1-8\www\bob\adm\ferramentas\hmenu\img\scroll-down-disabled.gif --> ftp.convencaobobstore.com.br /public_html/inverno2008/adm/ferramentas/hmenu/img scroll-down-disabled.gif
2008.02.08 23:59 B C:\Arquivos de programas\EasyPHP1-8\www\bob\adm\ferramentas\hmenu\img\rarrow.gif --> ftp.convencaobobstore.com.br /public_html/inverno2008/adm/ferramentas/hmenu/img rarrow.gif
2008.02.08 23:59 B C:\Arquivos de programas\EasyPHP1-8\www\bob\adm\ferramentas\hmenu\img\rarrow-hover.gif --> ftp.convencaobobstore.com.br /public_html/inverno2008/adm/ferramentas/hmenu/img rarrow-hover.gif
2008.02.08 23:59 B C:\Arquivos de programas\EasyPHP1-8\www\bob\adm\ferramentas\hmenu\img\darrow.gif --> ftp.convencaobobstore.com.br /public_html/inverno2008/adm/ferramentas/hmenu/img darrow.gif
2008.02.08 23:59 B C:\Arquivos de programas\EasyPHP1-8\www\bob\adm\ferramentas\hmenu\img\blank.gif --> ftp.convencaobobstore.com.br /public_html/inverno2008/adm/ferramentas/hmenu/img blank.gif
2008.04.21 15:55 B C:\Arquivos de programas\EasyPHP1-8\www\ib\admin\ferramentas\hmenu\img\WS_FTP.LOG --> ftp.ibmmkt.com.br /public_html/admin/ferramentas/hmenu/img WS_FTP.LOG
2008.04.21 15:55 B C:\Arquivos de programas\EasyPHP1-8\www\ib\admin\ferramentas\hmenu\img\shadow.png --> ftp.ibmmkt.com.br /public_html/admin/ferramentas/hmenu/img shadow.png
2008.04.21 15:55 B C:\Arquivos de programas\EasyPHP1-8\www\ib\admin\ferramentas\hmenu\img\shadow-1.png --> ftp.ibmmkt.com.br /public_html/admin/ferramentas/hmenu/img shadow-1.png
2008.04.21 15:55 B C:\Arquivos de programas\EasyPHP1-8\www\ib\admin\ferramentas\hmenu\img\scroll-up.gif --> ftp.ibmmkt.com.br /public_html/admin/ferramentas/hmenu/img scroll-up.gif
2008.04.21 15:55 B C:\Arquivos de programas\EasyPHP1-8\www\ib\admin\ferramentas\hmenu\img\scroll-up-hover.gif --> ftp.ibmmkt.com.br /public_html/admin/ferramentas/hmenu/img scroll-up-hover.gif
2008.04.21 15:55 B C:\Arquivos de programas\EasyPHP1-8\www\ib\admin\ferramentas\hmenu\img\scroll-up-disabled.gif --> ftp.ibmmkt.com.br /public_html/admin/ferramentas/hmenu/img scroll-up-disabled.gif
2008.04.21 15:55 B C:\Arquivos de programas\EasyPHP1-8\www\ib\admin\ferramentas\hmenu\img\scroll-down.gif --> ftp.ibmmkt.com.br /public_html/admin/ferramentas/hmenu/img scroll-down.gif
2008.04.21 15:55 B C:\Arquivos de programas\EasyPHP1-8\www\ib\admin\ferramentas\hmenu\img\scroll-down-hover.gif --> ftp.ibmmkt.com.br /public_html/admin/ferramentas/hmenu/img scroll-down-hover.gif
2008.04.21 15:55 B C:\Arquivos de programas\EasyPHP1-8\www\ib\admin\ferramentas\hmenu\img\scroll-down-disabled.gif --> ftp.ibmmkt.com.br /public_html/admin/ferramentas/hmenu/img scroll-down-disabled.gif
2008.04.21 15:55 B C:\Arquivos de programas\EasyPHP1-8\www\ib\admin\ferramentas\hmenu\img\rarrow.gif --> ftp.ibmmkt.com.br /public_html/admin/ferramentas/hmenu/img rarrow.gif
2008.04.21 15:55 B C:\Arquivos de programas\EasyPHP1-8\www\ib\admin\ferramentas\hmenu\img\rarrow-hover.gif --> ftp.ibmmkt.com.br /public_html/admin/ferramentas/hmenu/img rarrow-hover.gif
2008.04.21 15:55 B C:\Arquivos de programas\EasyPHP1-8\www\ib\admin\ferramentas\hmenu\img\darrow.gif --> ftp.ibmmkt.com.br /public_html/admin/ferramentas/hmenu/img darrow.gif
2008.04.21 15:55 B C:\Arquivos de programas\EasyPHP1-8\www\ib\admin\ferramentas\hmenu\img\blank.gif --> ftp.ibmmkt.com.br /public_html/admin/ferramentas/hmenu/img blank.gif
2008.05.07 15:35 B C:\Arquivos de programas\EasyPHP1-8\www\anglo\admin\ferramentas\hmenu\img\WS_FTP.LOG --> 200.234.200.137 /public_html/admin/ferramentas/hmenu/img WS_FTP.LOG
2008.05.07 15:35 B C:\Arquivos de programas\EasyPHP1-8\www\anglo\admin\ferramentas\hmenu\img\shadow.png --> 200.234.200.137 /public_html/admin/ferramentas/hmenu/img shadow.png
2008.05.07 15:35 B C:\Arquivos de programas\EasyPHP1-8\www\anglo\admin\ferramentas\hmenu\img\shadow-1.png --> 200.234.200.137 /public_html/admin/ferramentas/hmenu/img shadow-1.png
2008.05.07 15:35 B C:\Arquivos de programas\EasyPHP1-8\www\anglo\admin\ferramentas\hmenu\img\scroll-up.gif --> 200.234.200.137 /public_html/admin/ferramentas/hmenu/img scroll-up.gif
2008.05.07 15:35 B C:\Arquivos de programas\EasyPHP1-8\www\anglo\admin\ferramentas\hmenu\img\scroll-up-hover.gif --> 200.234.200.137 /public_html/admin/ferramentas/hmenu/img scroll-up-hover.gif
2008.05.07 15:35 B C:\Arquivos de programas\EasyPHP1-8\www\anglo\admin\ferramentas\hmenu\img\scroll-up-disabled.gif --> 200.234.200.137 /public_html/admin/ferramentas/hmenu/img scroll-up-disabled.gif
2008.05.07 15:35 B C:\Arquivos de programas\EasyPHP1-8\www\anglo\admin\ferramentas\hmenu\img\scroll-down.gif --> 200.234.200.137 /public_html/admin/ferramentas/hmenu/img scroll-down.gif
2008.05.07 15:35 B C:\Arquivos de programas\EasyPHP1-8\www\anglo\admin\ferramentas\hmenu\img\scroll-down-hover.gif --> 200.234.200.137 /public_html/admin/ferramentas/hmenu/img scroll-down-hover.gif
2008.05.07 15:35 B C:\Arquivos de programas\EasyPHP1-8\www\anglo\admin\ferramentas\hmenu\img\scroll-down-disabled.gif --> 200.234.200.137 /public_html/admin/ferramentas/hmenu/img scroll-down-disabled.gif
2008.05.07 15:35 B C:\Arquivos de programas\EasyPHP1-8\www\anglo\admin\ferramentas\hmenu\img\rarrow.gif --> 200.234.200.137 /public_html/admin/ferramentas/hmenu/img rarrow.gif
2008.05.07 15:35 B C:\Arquivos de programas\EasyPHP1-8\www\anglo\admin\ferramentas\hmenu\img\rarrow-hover.gif --> 200.234.200.137 /public_html/admin/ferramentas/hmenu/img rarrow-hover.gif
2008.05.07 15:35 B C:\Arquivos de programas\EasyPHP1-8\www\anglo\admin\ferramentas\hmenu\img\darrow.gif --> 200.234.200.137 /public_html/admin/ferramentas/hmenu/img darrow.gif
2008.05.07 15:35 B C:\Arquivos de programas\EasyPHP1-8\www\anglo\admin\ferramentas\hmenu\img\blank.gif --> 200.234.200.137 /public_html/admin/ferramentas/hmenu/img blank.gif
