2007.03.05 10:27 B C:\Arquivos de programas\EasyPHP1-8\www\conteudo_radiofonico\admin\ferramentas\hmenu\skin-minha.css --> ftp.conteudoradiofonico.com.br /public_html/v2/admin/ferramentas/hmenu skin-minha.css
2007.03.05 10:27 B C:\Arquivos de programas\EasyPHP1-8\www\conteudo_radiofonico\admin\ferramentas\hmenu\skin-yp.css --> ftp.conteudoradiofonico.com.br /public_html/v2/admin/ferramentas/hmenu skin-yp.css
2007.03.05 10:27 B C:\Arquivos de programas\EasyPHP1-8\www\conteudo_radiofonico\admin\ferramentas\hmenu\skin-yellow.css --> ftp.conteudoradiofonico.com.br /public_html/v2/admin/ferramentas/hmenu skin-yellow.css
2007.03.05 10:27 B C:\Arquivos de programas\EasyPHP1-8\www\conteudo_radiofonico\admin\ferramentas\hmenu\skin-xp.css --> ftp.conteudoradiofonico.com.br /public_html/v2/admin/ferramentas/hmenu skin-xp.css
2007.03.05 10:27 B C:\Arquivos de programas\EasyPHP1-8\www\conteudo_radiofonico\admin\ferramentas\hmenu\skin-xp-extended.css --> ftp.conteudoradiofonico.com.br /public_html/v2/admin/ferramentas/hmenu skin-xp-extended.css
2007.03.05 10:27 B C:\Arquivos de programas\EasyPHP1-8\www\conteudo_radiofonico\admin\ferramentas\hmenu\skin-xp-apps2.css --> ftp.conteudoradiofonico.com.br /public_html/v2/admin/ferramentas/hmenu skin-xp-apps2.css
2007.03.05 10:27 B C:\Arquivos de programas\EasyPHP1-8\www\conteudo_radiofonico\admin\ferramentas\hmenu\skin-xp-apps.css --> ftp.conteudoradiofonico.com.br /public_html/v2/admin/ferramentas/hmenu skin-xp-apps.css
2007.03.05 10:27 B C:\Arquivos de programas\EasyPHP1-8\www\conteudo_radiofonico\admin\ferramentas\hmenu\skin-win98.css --> ftp.conteudoradiofonico.com.br /public_html/v2/admin/ferramentas/hmenu skin-win98.css
2007.03.05 10:27 B C:\Arquivos de programas\EasyPHP1-8\www\conteudo_radiofonico\admin\ferramentas\hmenu\skin-win2k.css --> ftp.conteudoradiofonico.com.br /public_html/v2/admin/ferramentas/hmenu skin-win2k.css
2007.03.05 10:27 B C:\Arquivos de programas\EasyPHP1-8\www\conteudo_radiofonico\admin\ferramentas\hmenu\skin-system.css --> ftp.conteudoradiofonico.com.br /public_html/v2/admin/ferramentas/hmenu skin-system.css
2007.03.05 10:27 B C:\Arquivos de programas\EasyPHP1-8\www\conteudo_radiofonico\admin\ferramentas\hmenu\skin-shaped.css --> ftp.conteudoradiofonico.com.br /public_html/v2/admin/ferramentas/hmenu skin-shaped.css
2007.03.05 10:27 B C:\Arquivos de programas\EasyPHP1-8\www\conteudo_radiofonico\admin\ferramentas\hmenu\skin-sample.css --> ftp.conteudoradiofonico.com.br /public_html/v2/admin/ferramentas/hmenu skin-sample.css
2007.03.05 10:27 B C:\Arquivos de programas\EasyPHP1-8\www\conteudo_radiofonico\admin\ferramentas\hmenu\skin-rain.css --> ftp.conteudoradiofonico.com.br /public_html/v2/admin/ferramentas/hmenu skin-rain.css
2007.03.05 10:27 B C:\Arquivos de programas\EasyPHP1-8\www\conteudo_radiofonico\admin\ferramentas\hmenu\skin-modern.css --> ftp.conteudoradiofonico.com.br /public_html/v2/admin/ferramentas/hmenu skin-modern.css
2007.03.05 10:27 B C:\Arquivos de programas\EasyPHP1-8\www\conteudo_radiofonico\admin\ferramentas\hmenu\skin-longhorn.css --> ftp.conteudoradiofonico.com.br /public_html/v2/admin/ferramentas/hmenu skin-longhorn.css
2007.03.05 10:27 B C:\Arquivos de programas\EasyPHP1-8\www\conteudo_radiofonico\admin\ferramentas\hmenu\skin-hmenu-dark.css --> ftp.conteudoradiofonico.com.br /public_html/v2/admin/ferramentas/hmenu skin-hmenu-dark.css
2007.03.05 10:27 B C:\Arquivos de programas\EasyPHP1-8\www\conteudo_radiofonico\admin\ferramentas\hmenu\skin-beos.css --> ftp.conteudoradiofonico.com.br /public_html/v2/admin/ferramentas/hmenu skin-beos.css
2007.03.05 10:27 B C:\Arquivos de programas\EasyPHP1-8\www\conteudo_radiofonico\admin\ferramentas\hmenu\skin-aqua.css --> ftp.conteudoradiofonico.com.br /public_html/v2/admin/ferramentas/hmenu skin-aqua.css
2007.03.05 10:27 B C:\Arquivos de programas\EasyPHP1-8\www\conteudo_radiofonico\admin\ferramentas\hmenu\PieNG.js --> ftp.conteudoradiofonico.com.br /public_html/v2/admin/ferramentas/hmenu PieNG.js
2007.03.05 10:27 B C:\Arquivos de programas\EasyPHP1-8\www\conteudo_radiofonico\admin\ferramentas\hmenu\pi-fonts.css --> ftp.conteudoradiofonico.com.br /public_html/v2/admin/ferramentas/hmenu pi-fonts.css
2007.03.05 10:27 B C:\Arquivos de programas\EasyPHP1-8\www\conteudo_radiofonico\admin\ferramentas\hmenu\index.html --> ftp.conteudoradiofonico.com.br /public_html/v2/admin/ferramentas/hmenu index.html
2007.03.05 10:27 B C:\Arquivos de programas\EasyPHP1-8\www\conteudo_radiofonico\admin\ferramentas\hmenu\I-skin-yp.css.images --> ftp.conteudoradiofonico.com.br /public_html/v2/admin/ferramentas/hmenu I-skin-yp.css.images
2007.03.05 10:27 B C:\Arquivos de programas\EasyPHP1-8\www\conteudo_radiofonico\admin\ferramentas\hmenu\I-skin-yellow.css.images --> ftp.conteudoradiofonico.com.br /public_html/v2/admin/ferramentas/hmenu I-skin-yellow.css.images
2007.03.05 10:27 B C:\Arquivos de programas\EasyPHP1-8\www\conteudo_radiofonico\admin\ferramentas\hmenu\I-skin-xp.css.images --> ftp.conteudoradiofonico.com.br /public_html/v2/admin/ferramentas/hmenu I-skin-xp.css.images
2007.03.05 10:27 B C:\Arquivos de programas\EasyPHP1-8\www\conteudo_radiofonico\admin\ferramentas\hmenu\I-skin-xp-extended.css.images --> ftp.conteudoradiofonico.com.br /public_html/v2/admin/ferramentas/hmenu I-skin-xp-extended.css.images
2007.03.05 10:27 B C:\Arquivos de programas\EasyPHP1-8\www\conteudo_radiofonico\admin\ferramentas\hmenu\I-skin-xp-apps2.css.images --> ftp.conteudoradiofonico.com.br /public_html/v2/admin/ferramentas/hmenu I-skin-xp-apps2.css.images
2007.03.05 10:27 B C:\Arquivos de programas\EasyPHP1-8\www\conteudo_radiofonico\admin\ferramentas\hmenu\I-skin-xp-apps.css.images --> ftp.conteudoradiofonico.com.br /public_html/v2/admin/ferramentas/hmenu I-skin-xp-apps.css.images
2007.03.05 10:27 B C:\Arquivos de programas\EasyPHP1-8\www\conteudo_radiofonico\admin\ferramentas\hmenu\I-skin-win98.css.images --> ftp.conteudoradiofonico.com.br /public_html/v2/admin/ferramentas/hmenu I-skin-win98.css.images
2007.03.05 10:27 B C:\Arquivos de programas\EasyPHP1-8\www\conteudo_radiofonico\admin\ferramentas\hmenu\I-skin-win2k.css.images --> ftp.conteudoradiofonico.com.br /public_html/v2/admin/ferramentas/hmenu I-skin-win2k.css.images
2007.03.05 10:27 B C:\Arquivos de programas\EasyPHP1-8\www\conteudo_radiofonico\admin\ferramentas\hmenu\I-skin-system.css.images --> ftp.conteudoradiofonico.com.br /public_html/v2/admin/ferramentas/hmenu I-skin-system.css.images
2007.03.05 10:28 B C:\Arquivos de programas\EasyPHP1-8\www\conteudo_radiofonico\admin\ferramentas\hmenu\I-skin-shaped.css.images --> ftp.conteudoradiofonico.com.br /public_html/v2/admin/ferramentas/hmenu I-skin-shaped.css.images
2007.03.05 10:28 B C:\Arquivos de programas\EasyPHP1-8\www\conteudo_radiofonico\admin\ferramentas\hmenu\I-skin-sample.css.images --> ftp.conteudoradiofonico.com.br /public_html/v2/admin/ferramentas/hmenu I-skin-sample.css.images
2007.03.05 10:28 B C:\Arquivos de programas\EasyPHP1-8\www\conteudo_radiofonico\admin\ferramentas\hmenu\I-skin-rain.css.images --> ftp.conteudoradiofonico.com.br /public_html/v2/admin/ferramentas/hmenu I-skin-rain.css.images
2007.03.05 10:28 B C:\Arquivos de programas\EasyPHP1-8\www\conteudo_radiofonico\admin\ferramentas\hmenu\I-skin-modern.css.images --> ftp.conteudoradiofonico.com.br /public_html/v2/admin/ferramentas/hmenu I-skin-modern.css.images
2007.03.05 10:28 B C:\Arquivos de programas\EasyPHP1-8\www\conteudo_radiofonico\admin\ferramentas\hmenu\I-skin-longhorn.css.images --> ftp.conteudoradiofonico.com.br /public_html/v2/admin/ferramentas/hmenu I-skin-longhorn.css.images
2007.03.05 10:28 B C:\Arquivos de programas\EasyPHP1-8\www\conteudo_radiofonico\admin\ferramentas\hmenu\I-skin-hmenu-dark.css.images --> ftp.conteudoradiofonico.com.br /public_html/v2/admin/ferramentas/hmenu I-skin-hmenu-dark.css.images
2007.03.05 10:28 B C:\Arquivos de programas\EasyPHP1-8\www\conteudo_radiofonico\admin\ferramentas\hmenu\I-skin-beos.css.images --> ftp.conteudoradiofonico.com.br /public_html/v2/admin/ferramentas/hmenu I-skin-beos.css.images
2007.03.05 10:28 B C:\Arquivos de programas\EasyPHP1-8\www\conteudo_radiofonico\admin\ferramentas\hmenu\I-skin-aqua.css.images --> ftp.conteudoradiofonico.com.br /public_html/v2/admin/ferramentas/hmenu I-skin-aqua.css.images
2007.03.05 10:28 B C:\Arquivos de programas\EasyPHP1-8\www\conteudo_radiofonico\admin\ferramentas\hmenu\hmenu.js --> ftp.conteudoradiofonico.com.br /public_html/v2/admin/ferramentas/hmenu hmenu.js
2007.03.05 10:28 B C:\Arquivos de programas\EasyPHP1-8\www\conteudo_radiofonico\admin\ferramentas\hmenu\hmenu.css --> ftp.conteudoradiofonico.com.br /public_html/v2/admin/ferramentas/hmenu hmenu.css
2007.03.05 10:28 B C:\Arquivos de programas\EasyPHP1-8\www\conteudo_radiofonico\admin\ferramentas\hmenu\hmenu-extended.css --> ftp.conteudoradiofonico.com.br /public_html/v2/admin/ferramentas/hmenu hmenu-extended.css
2007.03.05 10:28 B C:\Arquivos de programas\EasyPHP1-8\www\conteudo_radiofonico\admin\ferramentas\hmenu\hmenu-3d.css --> ftp.conteudoradiofonico.com.br /public_html/v2/admin/ferramentas/hmenu hmenu-3d.css
2007.05.03 13:51 B C:\Arquivos de programas\EasyPHP1-8\www\atual_v2\admin\ferramentas\hmenu\WS_FTP.LOG --> ftp.radioatual.com.br /public_html/admin/ferramentas/hmenu WS_FTP.LOG
2007.05.03 13:51 B C:\Arquivos de programas\EasyPHP1-8\www\atual_v2\admin\ferramentas\hmenu\skin-minha.css --> ftp.radioatual.com.br /public_html/admin/ferramentas/hmenu skin-minha.css
2007.05.03 13:51 B C:\Arquivos de programas\EasyPHP1-8\www\atual_v2\admin\ferramentas\hmenu\skin-yp.css --> ftp.radioatual.com.br /public_html/admin/ferramentas/hmenu skin-yp.css
2007.05.03 13:51 B C:\Arquivos de programas\EasyPHP1-8\www\atual_v2\admin\ferramentas\hmenu\skin-yellow.css --> ftp.radioatual.com.br /public_html/admin/ferramentas/hmenu skin-yellow.css
2007.05.03 13:51 B C:\Arquivos de programas\EasyPHP1-8\www\atual_v2\admin\ferramentas\hmenu\skin-xp.css --> ftp.radioatual.com.br /public_html/admin/ferramentas/hmenu skin-xp.css
2007.05.03 13:51 B C:\Arquivos de programas\EasyPHP1-8\www\atual_v2\admin\ferramentas\hmenu\skin-xp-extended.css --> ftp.radioatual.com.br /public_html/admin/ferramentas/hmenu skin-xp-extended.css
2007.05.03 13:51 B C:\Arquivos de programas\EasyPHP1-8\www\atual_v2\admin\ferramentas\hmenu\skin-xp-apps2.css --> ftp.radioatual.com.br /public_html/admin/ferramentas/hmenu skin-xp-apps2.css
2007.05.03 13:51 B C:\Arquivos de programas\EasyPHP1-8\www\atual_v2\admin\ferramentas\hmenu\skin-xp-apps.css --> ftp.radioatual.com.br /public_html/admin/ferramentas/hmenu skin-xp-apps.css
2007.05.03 13:51 B C:\Arquivos de programas\EasyPHP1-8\www\atual_v2\admin\ferramentas\hmenu\skin-win98.css --> ftp.radioatual.com.br /public_html/admin/ferramentas/hmenu skin-win98.css
2007.05.03 13:51 B C:\Arquivos de programas\EasyPHP1-8\www\atual_v2\admin\ferramentas\hmenu\skin-win2k.css --> ftp.radioatual.com.br /public_html/admin/ferramentas/hmenu skin-win2k.css
2007.05.03 13:51 B C:\Arquivos de programas\EasyPHP1-8\www\atual_v2\admin\ferramentas\hmenu\skin-system.css --> ftp.radioatual.com.br /public_html/admin/ferramentas/hmenu skin-system.css
2007.05.03 13:51 B C:\Arquivos de programas\EasyPHP1-8\www\atual_v2\admin\ferramentas\hmenu\skin-shaped.css --> ftp.radioatual.com.br /public_html/admin/ferramentas/hmenu skin-shaped.css
2007.05.03 13:51 B C:\Arquivos de programas\EasyPHP1-8\www\atual_v2\admin\ferramentas\hmenu\skin-sample.css --> ftp.radioatual.com.br /public_html/admin/ferramentas/hmenu skin-sample.css
2007.05.03 13:51 B C:\Arquivos de programas\EasyPHP1-8\www\atual_v2\admin\ferramentas\hmenu\skin-rain.css --> ftp.radioatual.com.br /public_html/admin/ferramentas/hmenu skin-rain.css
2007.05.03 13:51 B C:\Arquivos de programas\EasyPHP1-8\www\atual_v2\admin\ferramentas\hmenu\skin-modern.css --> ftp.radioatual.com.br /public_html/admin/ferramentas/hmenu skin-modern.css
2007.05.03 13:51 B C:\Arquivos de programas\EasyPHP1-8\www\atual_v2\admin\ferramentas\hmenu\skin-longhorn.css --> ftp.radioatual.com.br /public_html/admin/ferramentas/hmenu skin-longhorn.css
2007.05.03 13:51 B C:\Arquivos de programas\EasyPHP1-8\www\atual_v2\admin\ferramentas\hmenu\skin-hmenu-dark.css --> ftp.radioatual.com.br /public_html/admin/ferramentas/hmenu skin-hmenu-dark.css
2007.05.03 13:51 B C:\Arquivos de programas\EasyPHP1-8\www\atual_v2\admin\ferramentas\hmenu\skin-beos.css --> ftp.radioatual.com.br /public_html/admin/ferramentas/hmenu skin-beos.css
2007.05.03 13:51 B C:\Arquivos de programas\EasyPHP1-8\www\atual_v2\admin\ferramentas\hmenu\skin-aqua.css --> ftp.radioatual.com.br /public_html/admin/ferramentas/hmenu skin-aqua.css
2007.05.03 13:51 B C:\Arquivos de programas\EasyPHP1-8\www\atual_v2\admin\ferramentas\hmenu\PieNG.js --> ftp.radioatual.com.br /public_html/admin/ferramentas/hmenu PieNG.js
2007.05.03 13:51 B C:\Arquivos de programas\EasyPHP1-8\www\atual_v2\admin\ferramentas\hmenu\pi-fonts.css --> ftp.radioatual.com.br /public_html/admin/ferramentas/hmenu pi-fonts.css
2007.05.03 13:51 B C:\Arquivos de programas\EasyPHP1-8\www\atual_v2\admin\ferramentas\hmenu\index.html --> ftp.radioatual.com.br /public_html/admin/ferramentas/hmenu index.html
2007.05.03 13:51 B C:\Arquivos de programas\EasyPHP1-8\www\atual_v2\admin\ferramentas\hmenu\I-skin-yp.css.images --> ftp.radioatual.com.br /public_html/admin/ferramentas/hmenu I-skin-yp.css.images
2007.05.03 13:51 B C:\Arquivos de programas\EasyPHP1-8\www\atual_v2\admin\ferramentas\hmenu\I-skin-yellow.css.images --> ftp.radioatual.com.br /public_html/admin/ferramentas/hmenu I-skin-yellow.css.images
2007.05.03 13:51 B C:\Arquivos de programas\EasyPHP1-8\www\atual_v2\admin\ferramentas\hmenu\I-skin-xp.css.images --> ftp.radioatual.com.br /public_html/admin/ferramentas/hmenu I-skin-xp.css.images
2007.05.03 13:51 B C:\Arquivos de programas\EasyPHP1-8\www\atual_v2\admin\ferramentas\hmenu\I-skin-xp-extended.css.images --> ftp.radioatual.com.br /public_html/admin/ferramentas/hmenu I-skin-xp-extended.css.images
2007.05.03 13:51 B C:\Arquivos de programas\EasyPHP1-8\www\atual_v2\admin\ferramentas\hmenu\I-skin-xp-apps2.css.images --> ftp.radioatual.com.br /public_html/admin/ferramentas/hmenu I-skin-xp-apps2.css.images
2007.05.03 13:51 B C:\Arquivos de programas\EasyPHP1-8\www\atual_v2\admin\ferramentas\hmenu\I-skin-xp-apps.css.images --> ftp.radioatual.com.br /public_html/admin/ferramentas/hmenu I-skin-xp-apps.css.images
2007.05.03 13:51 B C:\Arquivos de programas\EasyPHP1-8\www\atual_v2\admin\ferramentas\hmenu\I-skin-win98.css.images --> ftp.radioatual.com.br /public_html/admin/ferramentas/hmenu I-skin-win98.css.images
2007.05.03 13:51 B C:\Arquivos de programas\EasyPHP1-8\www\atual_v2\admin\ferramentas\hmenu\I-skin-win2k.css.images --> ftp.radioatual.com.br /public_html/admin/ferramentas/hmenu I-skin-win2k.css.images
2007.05.03 13:51 B C:\Arquivos de programas\EasyPHP1-8\www\atual_v2\admin\ferramentas\hmenu\I-skin-system.css.images --> ftp.radioatual.com.br /public_html/admin/ferramentas/hmenu I-skin-system.css.images
2007.05.03 13:51 B C:\Arquivos de programas\EasyPHP1-8\www\atual_v2\admin\ferramentas\hmenu\I-skin-shaped.css.images --> ftp.radioatual.com.br /public_html/admin/ferramentas/hmenu I-skin-shaped.css.images
2007.05.03 13:51 B C:\Arquivos de programas\EasyPHP1-8\www\atual_v2\admin\ferramentas\hmenu\I-skin-sample.css.images --> ftp.radioatual.com.br /public_html/admin/ferramentas/hmenu I-skin-sample.css.images
2007.05.03 13:51 B C:\Arquivos de programas\EasyPHP1-8\www\atual_v2\admin\ferramentas\hmenu\I-skin-rain.css.images --> ftp.radioatual.com.br /public_html/admin/ferramentas/hmenu I-skin-rain.css.images
2007.05.03 13:51 B C:\Arquivos de programas\EasyPHP1-8\www\atual_v2\admin\ferramentas\hmenu\I-skin-modern.css.images --> ftp.radioatual.com.br /public_html/admin/ferramentas/hmenu I-skin-modern.css.images
2007.05.03 13:51 B C:\Arquivos de programas\EasyPHP1-8\www\atual_v2\admin\ferramentas\hmenu\I-skin-longhorn.css.images --> ftp.radioatual.com.br /public_html/admin/ferramentas/hmenu I-skin-longhorn.css.images
2007.05.03 13:51 B C:\Arquivos de programas\EasyPHP1-8\www\atual_v2\admin\ferramentas\hmenu\I-skin-hmenu-dark.css.images --> ftp.radioatual.com.br /public_html/admin/ferramentas/hmenu I-skin-hmenu-dark.css.images
2007.05.03 13:51 B C:\Arquivos de programas\EasyPHP1-8\www\atual_v2\admin\ferramentas\hmenu\I-skin-beos.css.images --> ftp.radioatual.com.br /public_html/admin/ferramentas/hmenu I-skin-beos.css.images
2007.05.03 13:51 B C:\Arquivos de programas\EasyPHP1-8\www\atual_v2\admin\ferramentas\hmenu\I-skin-aqua.css.images --> ftp.radioatual.com.br /public_html/admin/ferramentas/hmenu I-skin-aqua.css.images
2007.05.03 13:51 B C:\Arquivos de programas\EasyPHP1-8\www\atual_v2\admin\ferramentas\hmenu\hmenu.js --> ftp.radioatual.com.br /public_html/admin/ferramentas/hmenu hmenu.js
2007.05.03 13:51 B C:\Arquivos de programas\EasyPHP1-8\www\atual_v2\admin\ferramentas\hmenu\hmenu.css --> ftp.radioatual.com.br /public_html/admin/ferramentas/hmenu hmenu.css
2007.05.03 13:51 B C:\Arquivos de programas\EasyPHP1-8\www\atual_v2\admin\ferramentas\hmenu\hmenu-extended.css --> ftp.radioatual.com.br /public_html/admin/ferramentas/hmenu hmenu-extended.css
2007.05.03 13:51 B C:\Arquivos de programas\EasyPHP1-8\www\atual_v2\admin\ferramentas\hmenu\hmenu-3d.css --> ftp.radioatual.com.br /public_html/admin/ferramentas/hmenu hmenu-3d.css
2007.08.02 09:39 B C:\Arquivos de programas\EasyPHP1-8\www\ratinho_novo\admin\ferramentas\hmenu\WS_FTP.LOG --> ftp.ratinho.com.br /public_html/teste/admin/ferramentas/hmenu WS_FTP.LOG
2007.08.02 09:39 B C:\Arquivos de programas\EasyPHP1-8\www\ratinho_novo\admin\ferramentas\hmenu\skin-minha.css --> ftp.ratinho.com.br /public_html/teste/admin/ferramentas/hmenu skin-minha.css
2007.08.02 09:39 B C:\Arquivos de programas\EasyPHP1-8\www\ratinho_novo\admin\ferramentas\hmenu\skin-yp.css --> ftp.ratinho.com.br /public_html/teste/admin/ferramentas/hmenu skin-yp.css
2007.08.02 09:39 B C:\Arquivos de programas\EasyPHP1-8\www\ratinho_novo\admin\ferramentas\hmenu\skin-yellow.css --> ftp.ratinho.com.br /public_html/teste/admin/ferramentas/hmenu skin-yellow.css
2007.08.02 09:39 B C:\Arquivos de programas\EasyPHP1-8\www\ratinho_novo\admin\ferramentas\hmenu\skin-xp.css --> ftp.ratinho.com.br /public_html/teste/admin/ferramentas/hmenu skin-xp.css
2007.08.02 09:39 B C:\Arquivos de programas\EasyPHP1-8\www\ratinho_novo\admin\ferramentas\hmenu\skin-xp-extended.css --> ftp.ratinho.com.br /public_html/teste/admin/ferramentas/hmenu skin-xp-extended.css
2007.08.02 09:39 B C:\Arquivos de programas\EasyPHP1-8\www\ratinho_novo\admin\ferramentas\hmenu\skin-xp-apps2.css --> ftp.ratinho.com.br /public_html/teste/admin/ferramentas/hmenu skin-xp-apps2.css
2007.08.02 09:39 B C:\Arquivos de programas\EasyPHP1-8\www\ratinho_novo\admin\ferramentas\hmenu\skin-xp-apps.css --> ftp.ratinho.com.br /public_html/teste/admin/ferramentas/hmenu skin-xp-apps.css
2007.08.02 09:39 B C:\Arquivos de programas\EasyPHP1-8\www\ratinho_novo\admin\ferramentas\hmenu\skin-win98.css --> ftp.ratinho.com.br /public_html/teste/admin/ferramentas/hmenu skin-win98.css
2007.08.02 09:39 B C:\Arquivos de programas\EasyPHP1-8\www\ratinho_novo\admin\ferramentas\hmenu\skin-win2k.css --> ftp.ratinho.com.br /public_html/teste/admin/ferramentas/hmenu skin-win2k.css
2007.08.02 09:39 B C:\Arquivos de programas\EasyPHP1-8\www\ratinho_novo\admin\ferramentas\hmenu\skin-system.css --> ftp.ratinho.com.br /public_html/teste/admin/ferramentas/hmenu skin-system.css
2007.08.02 09:39 B C:\Arquivos de programas\EasyPHP1-8\www\ratinho_novo\admin\ferramentas\hmenu\skin-shaped.css --> ftp.ratinho.com.br /public_html/teste/admin/ferramentas/hmenu skin-shaped.css
2007.08.02 09:39 B C:\Arquivos de programas\EasyPHP1-8\www\ratinho_novo\admin\ferramentas\hmenu\skin-sample.css --> ftp.ratinho.com.br /public_html/teste/admin/ferramentas/hmenu skin-sample.css
2007.08.02 09:39 B C:\Arquivos de programas\EasyPHP1-8\www\ratinho_novo\admin\ferramentas\hmenu\skin-rain.css --> ftp.ratinho.com.br /public_html/teste/admin/ferramentas/hmenu skin-rain.css
2007.08.02 09:39 B C:\Arquivos de programas\EasyPHP1-8\www\ratinho_novo\admin\ferramentas\hmenu\skin-modern.css --> ftp.ratinho.com.br /public_html/teste/admin/ferramentas/hmenu skin-modern.css
2007.08.02 09:39 B C:\Arquivos de programas\EasyPHP1-8\www\ratinho_novo\admin\ferramentas\hmenu\skin-longhorn.css --> ftp.ratinho.com.br /public_html/teste/admin/ferramentas/hmenu skin-longhorn.css
2007.08.02 09:39 B C:\Arquivos de programas\EasyPHP1-8\www\ratinho_novo\admin\ferramentas\hmenu\skin-hmenu-dark.css --> ftp.ratinho.com.br /public_html/teste/admin/ferramentas/hmenu skin-hmenu-dark.css
2007.08.02 09:39 B C:\Arquivos de programas\EasyPHP1-8\www\ratinho_novo\admin\ferramentas\hmenu\skin-beos.css --> ftp.ratinho.com.br /public_html/teste/admin/ferramentas/hmenu skin-beos.css
2007.08.02 09:39 B C:\Arquivos de programas\EasyPHP1-8\www\ratinho_novo\admin\ferramentas\hmenu\skin-aqua.css --> ftp.ratinho.com.br /public_html/teste/admin/ferramentas/hmenu skin-aqua.css
2007.08.02 09:39 B C:\Arquivos de programas\EasyPHP1-8\www\ratinho_novo\admin\ferramentas\hmenu\PieNG.js --> ftp.ratinho.com.br /public_html/teste/admin/ferramentas/hmenu PieNG.js
2007.08.02 09:39 B C:\Arquivos de programas\EasyPHP1-8\www\ratinho_novo\admin\ferramentas\hmenu\pi-fonts.css --> ftp.ratinho.com.br /public_html/teste/admin/ferramentas/hmenu pi-fonts.css
2007.08.02 09:39 B C:\Arquivos de programas\EasyPHP1-8\www\ratinho_novo\admin\ferramentas\hmenu\index.html --> ftp.ratinho.com.br /public_html/teste/admin/ferramentas/hmenu index.html
2007.08.02 09:39 B C:\Arquivos de programas\EasyPHP1-8\www\ratinho_novo\admin\ferramentas\hmenu\I-skin-yp.css.images --> ftp.ratinho.com.br /public_html/teste/admin/ferramentas/hmenu I-skin-yp.css.images
2007.08.02 09:39 B C:\Arquivos de programas\EasyPHP1-8\www\ratinho_novo\admin\ferramentas\hmenu\I-skin-yellow.css.images --> ftp.ratinho.com.br /public_html/teste/admin/ferramentas/hmenu I-skin-yellow.css.images
2007.08.02 09:39 B C:\Arquivos de programas\EasyPHP1-8\www\ratinho_novo\admin\ferramentas\hmenu\I-skin-xp.css.images --> ftp.ratinho.com.br /public_html/teste/admin/ferramentas/hmenu I-skin-xp.css.images
2007.08.02 09:39 B C:\Arquivos de programas\EasyPHP1-8\www\ratinho_novo\admin\ferramentas\hmenu\I-skin-xp-extended.css.images --> ftp.ratinho.com.br /public_html/teste/admin/ferramentas/hmenu I-skin-xp-extended.css.images
2007.08.02 09:39 B C:\Arquivos de programas\EasyPHP1-8\www\ratinho_novo\admin\ferramentas\hmenu\I-skin-xp-apps2.css.images --> ftp.ratinho.com.br /public_html/teste/admin/ferramentas/hmenu I-skin-xp-apps2.css.images
2007.08.02 09:39 B C:\Arquivos de programas\EasyPHP1-8\www\ratinho_novo\admin\ferramentas\hmenu\I-skin-xp-apps.css.images --> ftp.ratinho.com.br /public_html/teste/admin/ferramentas/hmenu I-skin-xp-apps.css.images
2007.08.02 09:39 B C:\Arquivos de programas\EasyPHP1-8\www\ratinho_novo\admin\ferramentas\hmenu\I-skin-win98.css.images --> ftp.ratinho.com.br /public_html/teste/admin/ferramentas/hmenu I-skin-win98.css.images
2007.08.02 09:39 B C:\Arquivos de programas\EasyPHP1-8\www\ratinho_novo\admin\ferramentas\hmenu\I-skin-win2k.css.images --> ftp.ratinho.com.br /public_html/teste/admin/ferramentas/hmenu I-skin-win2k.css.images
2007.08.02 09:39 B C:\Arquivos de programas\EasyPHP1-8\www\ratinho_novo\admin\ferramentas\hmenu\I-skin-system.css.images --> ftp.ratinho.com.br /public_html/teste/admin/ferramentas/hmenu I-skin-system.css.images
2007.08.02 09:39 B C:\Arquivos de programas\EasyPHP1-8\www\ratinho_novo\admin\ferramentas\hmenu\I-skin-shaped.css.images --> ftp.ratinho.com.br /public_html/teste/admin/ferramentas/hmenu I-skin-shaped.css.images
2007.08.02 09:39 B C:\Arquivos de programas\EasyPHP1-8\www\ratinho_novo\admin\ferramentas\hmenu\I-skin-sample.css.images --> ftp.ratinho.com.br /public_html/teste/admin/ferramentas/hmenu I-skin-sample.css.images
2007.08.02 09:39 B C:\Arquivos de programas\EasyPHP1-8\www\ratinho_novo\admin\ferramentas\hmenu\I-skin-rain.css.images --> ftp.ratinho.com.br /public_html/teste/admin/ferramentas/hmenu I-skin-rain.css.images
2007.08.02 09:39 B C:\Arquivos de programas\EasyPHP1-8\www\ratinho_novo\admin\ferramentas\hmenu\I-skin-modern.css.images --> ftp.ratinho.com.br /public_html/teste/admin/ferramentas/hmenu I-skin-modern.css.images
2007.08.02 09:39 B C:\Arquivos de programas\EasyPHP1-8\www\ratinho_novo\admin\ferramentas\hmenu\I-skin-longhorn.css.images --> ftp.ratinho.com.br /public_html/teste/admin/ferramentas/hmenu I-skin-longhorn.css.images
2007.08.02 09:39 B C:\Arquivos de programas\EasyPHP1-8\www\ratinho_novo\admin\ferramentas\hmenu\I-skin-hmenu-dark.css.images --> ftp.ratinho.com.br /public_html/teste/admin/ferramentas/hmenu I-skin-hmenu-dark.css.images
2007.08.02 09:39 B C:\Arquivos de programas\EasyPHP1-8\www\ratinho_novo\admin\ferramentas\hmenu\I-skin-beos.css.images --> ftp.ratinho.com.br /public_html/teste/admin/ferramentas/hmenu I-skin-beos.css.images
2007.08.02 09:39 B C:\Arquivos de programas\EasyPHP1-8\www\ratinho_novo\admin\ferramentas\hmenu\I-skin-aqua.css.images --> ftp.ratinho.com.br /public_html/teste/admin/ferramentas/hmenu I-skin-aqua.css.images
2007.08.02 09:39 B C:\Arquivos de programas\EasyPHP1-8\www\ratinho_novo\admin\ferramentas\hmenu\hmenu.js --> ftp.ratinho.com.br /public_html/teste/admin/ferramentas/hmenu hmenu.js
2007.08.02 09:39 B C:\Arquivos de programas\EasyPHP1-8\www\ratinho_novo\admin\ferramentas\hmenu\hmenu.css --> ftp.ratinho.com.br /public_html/teste/admin/ferramentas/hmenu hmenu.css
2007.08.02 09:39 B C:\Arquivos de programas\EasyPHP1-8\www\ratinho_novo\admin\ferramentas\hmenu\hmenu-extended.css --> ftp.ratinho.com.br /public_html/teste/admin/ferramentas/hmenu hmenu-extended.css
2007.08.02 09:39 B C:\Arquivos de programas\EasyPHP1-8\www\ratinho_novo\admin\ferramentas\hmenu\hmenu-3d.css --> ftp.ratinho.com.br /public_html/teste/admin/ferramentas/hmenu hmenu-3d.css
2007.08.10 11:34 B C:\Arquivos de programas\EasyPHP1-8\www\ratinho_novo\admin\ferramentas\hmenu\WS_FTP.LOG --> ftp508.locaweb.com.br /public_html/admin/ferramentas/hmenu WS_FTP.LOG
2007.08.10 11:34 B C:\Arquivos de programas\EasyPHP1-8\www\ratinho_novo\admin\ferramentas\hmenu\skin-minha.css --> ftp508.locaweb.com.br /public_html/admin/ferramentas/hmenu skin-minha.css
2007.08.10 11:34 B C:\Arquivos de programas\EasyPHP1-8\www\ratinho_novo\admin\ferramentas\hmenu\skin-yp.css --> ftp508.locaweb.com.br /public_html/admin/ferramentas/hmenu skin-yp.css
2007.08.10 11:34 B C:\Arquivos de programas\EasyPHP1-8\www\ratinho_novo\admin\ferramentas\hmenu\skin-yellow.css --> ftp508.locaweb.com.br /public_html/admin/ferramentas/hmenu skin-yellow.css
2007.08.10 11:34 B C:\Arquivos de programas\EasyPHP1-8\www\ratinho_novo\admin\ferramentas\hmenu\skin-xp.css --> ftp508.locaweb.com.br /public_html/admin/ferramentas/hmenu skin-xp.css
2007.08.10 11:34 B C:\Arquivos de programas\EasyPHP1-8\www\ratinho_novo\admin\ferramentas\hmenu\skin-xp-extended.css --> ftp508.locaweb.com.br /public_html/admin/ferramentas/hmenu skin-xp-extended.css
2007.08.10 11:34 B C:\Arquivos de programas\EasyPHP1-8\www\ratinho_novo\admin\ferramentas\hmenu\skin-xp-apps2.css --> ftp508.locaweb.com.br /public_html/admin/ferramentas/hmenu skin-xp-apps2.css
2007.08.10 11:34 B C:\Arquivos de programas\EasyPHP1-8\www\ratinho_novo\admin\ferramentas\hmenu\skin-xp-apps.css --> ftp508.locaweb.com.br /public_html/admin/ferramentas/hmenu skin-xp-apps.css
2007.08.10 11:34 B C:\Arquivos de programas\EasyPHP1-8\www\ratinho_novo\admin\ferramentas\hmenu\skin-win98.css --> ftp508.locaweb.com.br /public_html/admin/ferramentas/hmenu skin-win98.css
2007.08.10 11:34 B C:\Arquivos de programas\EasyPHP1-8\www\ratinho_novo\admin\ferramentas\hmenu\skin-win2k.css --> ftp508.locaweb.com.br /public_html/admin/ferramentas/hmenu skin-win2k.css
2007.08.10 11:34 B C:\Arquivos de programas\EasyPHP1-8\www\ratinho_novo\admin\ferramentas\hmenu\skin-system.css --> ftp508.locaweb.com.br /public_html/admin/ferramentas/hmenu skin-system.css
2007.08.10 11:34 B C:\Arquivos de programas\EasyPHP1-8\www\ratinho_novo\admin\ferramentas\hmenu\skin-shaped.css --> ftp508.locaweb.com.br /public_html/admin/ferramentas/hmenu skin-shaped.css
2007.08.10 11:34 B C:\Arquivos de programas\EasyPHP1-8\www\ratinho_novo\admin\ferramentas\hmenu\skin-sample.css --> ftp508.locaweb.com.br /public_html/admin/ferramentas/hmenu skin-sample.css
2007.08.10 11:34 B C:\Arquivos de programas\EasyPHP1-8\www\ratinho_novo\admin\ferramentas\hmenu\skin-rain.css --> ftp508.locaweb.com.br /public_html/admin/ferramentas/hmenu skin-rain.css
2007.08.10 11:34 B C:\Arquivos de programas\EasyPHP1-8\www\ratinho_novo\admin\ferramentas\hmenu\skin-modern.css --> ftp508.locaweb.com.br /public_html/admin/ferramentas/hmenu skin-modern.css
2007.08.10 11:34 B C:\Arquivos de programas\EasyPHP1-8\www\ratinho_novo\admin\ferramentas\hmenu\skin-longhorn.css --> ftp508.locaweb.com.br /public_html/admin/ferramentas/hmenu skin-longhorn.css
2007.08.10 11:34 B C:\Arquivos de programas\EasyPHP1-8\www\ratinho_novo\admin\ferramentas\hmenu\skin-hmenu-dark.css --> ftp508.locaweb.com.br /public_html/admin/ferramentas/hmenu skin-hmenu-dark.css
2007.08.10 11:34 B C:\Arquivos de programas\EasyPHP1-8\www\ratinho_novo\admin\ferramentas\hmenu\skin-beos.css --> ftp508.locaweb.com.br /public_html/admin/ferramentas/hmenu skin-beos.css
2007.08.10 11:34 B C:\Arquivos de programas\EasyPHP1-8\www\ratinho_novo\admin\ferramentas\hmenu\skin-aqua.css --> ftp508.locaweb.com.br /public_html/admin/ferramentas/hmenu skin-aqua.css
2007.08.10 11:34 B C:\Arquivos de programas\EasyPHP1-8\www\ratinho_novo\admin\ferramentas\hmenu\PieNG.js --> ftp508.locaweb.com.br /public_html/admin/ferramentas/hmenu PieNG.js
2007.08.10 11:34 B C:\Arquivos de programas\EasyPHP1-8\www\ratinho_novo\admin\ferramentas\hmenu\pi-fonts.css --> ftp508.locaweb.com.br /public_html/admin/ferramentas/hmenu pi-fonts.css
2007.08.10 11:34 B C:\Arquivos de programas\EasyPHP1-8\www\ratinho_novo\admin\ferramentas\hmenu\index.html --> ftp508.locaweb.com.br /public_html/admin/ferramentas/hmenu index.html
2007.08.10 11:34 B C:\Arquivos de programas\EasyPHP1-8\www\ratinho_novo\admin\ferramentas\hmenu\I-skin-yp.css.images --> ftp508.locaweb.com.br /public_html/admin/ferramentas/hmenu I-skin-yp.css.images
2007.08.10 11:34 B C:\Arquivos de programas\EasyPHP1-8\www\ratinho_novo\admin\ferramentas\hmenu\I-skin-yellow.css.images --> ftp508.locaweb.com.br /public_html/admin/ferramentas/hmenu I-skin-yellow.css.images
2007.08.10 11:34 B C:\Arquivos de programas\EasyPHP1-8\www\ratinho_novo\admin\ferramentas\hmenu\I-skin-xp.css.images --> ftp508.locaweb.com.br /public_html/admin/ferramentas/hmenu I-skin-xp.css.images
2007.08.10 11:34 B C:\Arquivos de programas\EasyPHP1-8\www\ratinho_novo\admin\ferramentas\hmenu\I-skin-xp-extended.css.images --> ftp508.locaweb.com.br /public_html/admin/ferramentas/hmenu I-skin-xp-extended.css.images
2007.08.10 11:34 B C:\Arquivos de programas\EasyPHP1-8\www\ratinho_novo\admin\ferramentas\hmenu\I-skin-xp-apps2.css.images --> ftp508.locaweb.com.br /public_html/admin/ferramentas/hmenu I-skin-xp-apps2.css.images
2007.08.10 11:34 B C:\Arquivos de programas\EasyPHP1-8\www\ratinho_novo\admin\ferramentas\hmenu\I-skin-xp-apps.css.images --> ftp508.locaweb.com.br /public_html/admin/ferramentas/hmenu I-skin-xp-apps.css.images
2007.08.10 11:34 B C:\Arquivos de programas\EasyPHP1-8\www\ratinho_novo\admin\ferramentas\hmenu\I-skin-win98.css.images --> ftp508.locaweb.com.br /public_html/admin/ferramentas/hmenu I-skin-win98.css.images
2007.08.10 11:34 B C:\Arquivos de programas\EasyPHP1-8\www\ratinho_novo\admin\ferramentas\hmenu\I-skin-win2k.css.images --> ftp508.locaweb.com.br /public_html/admin/ferramentas/hmenu I-skin-win2k.css.images
2007.08.10 11:34 B C:\Arquivos de programas\EasyPHP1-8\www\ratinho_novo\admin\ferramentas\hmenu\I-skin-system.css.images --> ftp508.locaweb.com.br /public_html/admin/ferramentas/hmenu I-skin-system.css.images
2007.08.10 11:34 B C:\Arquivos de programas\EasyPHP1-8\www\ratinho_novo\admin\ferramentas\hmenu\I-skin-shaped.css.images --> ftp508.locaweb.com.br /public_html/admin/ferramentas/hmenu I-skin-shaped.css.images
2007.08.10 11:34 B C:\Arquivos de programas\EasyPHP1-8\www\ratinho_novo\admin\ferramentas\hmenu\I-skin-sample.css.images --> ftp508.locaweb.com.br /public_html/admin/ferramentas/hmenu I-skin-sample.css.images
2007.08.10 11:34 B C:\Arquivos de programas\EasyPHP1-8\www\ratinho_novo\admin\ferramentas\hmenu\I-skin-rain.css.images --> ftp508.locaweb.com.br /public_html/admin/ferramentas/hmenu I-skin-rain.css.images
2007.08.10 11:34 B C:\Arquivos de programas\EasyPHP1-8\www\ratinho_novo\admin\ferramentas\hmenu\I-skin-modern.css.images --> ftp508.locaweb.com.br /public_html/admin/ferramentas/hmenu I-skin-modern.css.images
2007.08.10 11:34 B C:\Arquivos de programas\EasyPHP1-8\www\ratinho_novo\admin\ferramentas\hmenu\I-skin-longhorn.css.images --> ftp508.locaweb.com.br /public_html/admin/ferramentas/hmenu I-skin-longhorn.css.images
2007.08.10 11:34 B C:\Arquivos de programas\EasyPHP1-8\www\ratinho_novo\admin\ferramentas\hmenu\I-skin-hmenu-dark.css.images --> ftp508.locaweb.com.br /public_html/admin/ferramentas/hmenu I-skin-hmenu-dark.css.images
2007.08.10 11:34 B C:\Arquivos de programas\EasyPHP1-8\www\ratinho_novo\admin\ferramentas\hmenu\I-skin-beos.css.images --> ftp508.locaweb.com.br /public_html/admin/ferramentas/hmenu I-skin-beos.css.images
2007.08.10 11:34 B C:\Arquivos de programas\EasyPHP1-8\www\ratinho_novo\admin\ferramentas\hmenu\I-skin-aqua.css.images --> ftp508.locaweb.com.br /public_html/admin/ferramentas/hmenu I-skin-aqua.css.images
2007.08.10 11:34 B C:\Arquivos de programas\EasyPHP1-8\www\ratinho_novo\admin\ferramentas\hmenu\hmenu.js --> ftp508.locaweb.com.br /public_html/admin/ferramentas/hmenu hmenu.js
2007.08.10 11:34 B C:\Arquivos de programas\EasyPHP1-8\www\ratinho_novo\admin\ferramentas\hmenu\hmenu.css --> ftp508.locaweb.com.br /public_html/admin/ferramentas/hmenu hmenu.css
2007.08.10 11:34 B C:\Arquivos de programas\EasyPHP1-8\www\ratinho_novo\admin\ferramentas\hmenu\hmenu-extended.css --> ftp508.locaweb.com.br /public_html/admin/ferramentas/hmenu hmenu-extended.css
2007.08.10 11:34 B C:\Arquivos de programas\EasyPHP1-8\www\ratinho_novo\admin\ferramentas\hmenu\hmenu-3d.css --> ftp508.locaweb.com.br /public_html/admin/ferramentas/hmenu hmenu-3d.css
2008.01.30 17:35 B C:\Arquivos de programas\EasyPHP1-8\www\b\ferramentas\hmenu\hmenu-3d.css --> ftp.codigo8.com.br /public_html/bob/ferramentas/hmenu hmenu-3d.css
2008.01.30 17:35 B C:\Arquivos de programas\EasyPHP1-8\www\b\ferramentas\hmenu\hmenu-extended.css --> ftp.codigo8.com.br /public_html/bob/ferramentas/hmenu hmenu-extended.css
2008.01.30 17:35 B C:\Arquivos de programas\EasyPHP1-8\www\b\ferramentas\hmenu\hmenu.css --> ftp.codigo8.com.br /public_html/bob/ferramentas/hmenu hmenu.css
2008.01.30 17:35 B C:\Arquivos de programas\EasyPHP1-8\www\b\ferramentas\hmenu\hmenu.js --> ftp.codigo8.com.br /public_html/bob/ferramentas/hmenu hmenu.js
2008.01.30 17:35 B C:\Arquivos de programas\EasyPHP1-8\www\b\ferramentas\hmenu\I-skin-aqua.css.images --> ftp.codigo8.com.br /public_html/bob/ferramentas/hmenu I-skin-aqua.css.images
2008.01.30 17:35 B C:\Arquivos de programas\EasyPHP1-8\www\b\ferramentas\hmenu\I-skin-beos.css.images --> ftp.codigo8.com.br /public_html/bob/ferramentas/hmenu I-skin-beos.css.images
2008.01.30 17:35 B C:\Arquivos de programas\EasyPHP1-8\www\b\ferramentas\hmenu\I-skin-hmenu-dark.css.images --> ftp.codigo8.com.br /public_html/bob/ferramentas/hmenu I-skin-hmenu-dark.css.images
2008.01.30 17:35 B C:\Arquivos de programas\EasyPHP1-8\www\b\ferramentas\hmenu\I-skin-longhorn.css.images --> ftp.codigo8.com.br /public_html/bob/ferramentas/hmenu I-skin-longhorn.css.images
2008.01.30 17:35 B C:\Arquivos de programas\EasyPHP1-8\www\b\ferramentas\hmenu\I-skin-modern.css.images --> ftp.codigo8.com.br /public_html/bob/ferramentas/hmenu I-skin-modern.css.images
2008.01.30 17:35 B C:\Arquivos de programas\EasyPHP1-8\www\b\ferramentas\hmenu\I-skin-rain.css.images --> ftp.codigo8.com.br /public_html/bob/ferramentas/hmenu I-skin-rain.css.images
2008.01.30 17:35 B C:\Arquivos de programas\EasyPHP1-8\www\b\ferramentas\hmenu\I-skin-sample.css.images --> ftp.codigo8.com.br /public_html/bob/ferramentas/hmenu I-skin-sample.css.images
2008.01.30 17:35 B C:\Arquivos de programas\EasyPHP1-8\www\b\ferramentas\hmenu\I-skin-shaped.css.images --> ftp.codigo8.com.br /public_html/bob/ferramentas/hmenu I-skin-shaped.css.images
2008.01.30 17:35 B C:\Arquivos de programas\EasyPHP1-8\www\b\ferramentas\hmenu\I-skin-system.css.images --> ftp.codigo8.com.br /public_html/bob/ferramentas/hmenu I-skin-system.css.images
2008.01.30 17:35 B C:\Arquivos de programas\EasyPHP1-8\www\b\ferramentas\hmenu\I-skin-win2k.css.images --> ftp.codigo8.com.br /public_html/bob/ferramentas/hmenu I-skin-win2k.css.images
2008.01.30 17:35 B C:\Arquivos de programas\EasyPHP1-8\www\b\ferramentas\hmenu\I-skin-win98.css.images --> ftp.codigo8.com.br /public_html/bob/ferramentas/hmenu I-skin-win98.css.images
2008.01.30 17:35 B C:\Arquivos de programas\EasyPHP1-8\www\b\ferramentas\hmenu\I-skin-xp-apps.css.images --> ftp.codigo8.com.br /public_html/bob/ferramentas/hmenu I-skin-xp-apps.css.images
2008.01.30 17:35 B C:\Arquivos de programas\EasyPHP1-8\www\b\ferramentas\hmenu\I-skin-xp-apps2.css.images --> ftp.codigo8.com.br /public_html/bob/ferramentas/hmenu I-skin-xp-apps2.css.images
2008.01.30 17:35 B C:\Arquivos de programas\EasyPHP1-8\www\b\ferramentas\hmenu\I-skin-xp-extended.css.images --> ftp.codigo8.com.br /public_html/bob/ferramentas/hmenu I-skin-xp-extended.css.images
2008.01.30 17:35 B C:\Arquivos de programas\EasyPHP1-8\www\b\ferramentas\hmenu\I-skin-xp.css.images --> ftp.codigo8.com.br /public_html/bob/ferramentas/hmenu I-skin-xp.css.images
2008.01.30 17:35 B C:\Arquivos de programas\EasyPHP1-8\www\b\ferramentas\hmenu\I-skin-yellow.css.images --> ftp.codigo8.com.br /public_html/bob/ferramentas/hmenu I-skin-yellow.css.images
2008.01.30 17:35 B C:\Arquivos de programas\EasyPHP1-8\www\b\ferramentas\hmenu\I-skin-yp.css.images --> ftp.codigo8.com.br /public_html/bob/ferramentas/hmenu I-skin-yp.css.images
2008.01.30 17:35 B C:\Arquivos de programas\EasyPHP1-8\www\b\ferramentas\hmenu\index.html --> ftp.codigo8.com.br /public_html/bob/ferramentas/hmenu index.html
2008.01.30 17:35 B C:\Arquivos de programas\EasyPHP1-8\www\b\ferramentas\hmenu\pi-fonts.css --> ftp.codigo8.com.br /public_html/bob/ferramentas/hmenu pi-fonts.css
2008.01.30 17:35 B C:\Arquivos de programas\EasyPHP1-8\www\b\ferramentas\hmenu\PieNG.js --> ftp.codigo8.com.br /public_html/bob/ferramentas/hmenu PieNG.js
2008.01.30 17:35 B C:\Arquivos de programas\EasyPHP1-8\www\b\ferramentas\hmenu\skin-aqua.css --> ftp.codigo8.com.br /public_html/bob/ferramentas/hmenu skin-aqua.css
2008.01.30 17:35 B C:\Arquivos de programas\EasyPHP1-8\www\b\ferramentas\hmenu\skin-beos.css --> ftp.codigo8.com.br /public_html/bob/ferramentas/hmenu skin-beos.css
2008.01.30 17:35 B C:\Arquivos de programas\EasyPHP1-8\www\b\ferramentas\hmenu\skin-hmenu-dark.css --> ftp.codigo8.com.br /public_html/bob/ferramentas/hmenu skin-hmenu-dark.css
2008.01.30 17:35 B C:\Arquivos de programas\EasyPHP1-8\www\b\ferramentas\hmenu\skin-longhorn.css --> ftp.codigo8.com.br /public_html/bob/ferramentas/hmenu skin-longhorn.css
2008.01.30 17:35 B C:\Arquivos de programas\EasyPHP1-8\www\b\ferramentas\hmenu\skin-minha.css --> ftp.codigo8.com.br /public_html/bob/ferramentas/hmenu skin-minha.css
2008.01.30 17:35 B C:\Arquivos de programas\EasyPHP1-8\www\b\ferramentas\hmenu\skin-modern.css --> ftp.codigo8.com.br /public_html/bob/ferramentas/hmenu skin-modern.css
2008.01.30 17:35 B C:\Arquivos de programas\EasyPHP1-8\www\b\ferramentas\hmenu\skin-rain.css --> ftp.codigo8.com.br /public_html/bob/ferramentas/hmenu skin-rain.css
2008.01.30 17:35 B C:\Arquivos de programas\EasyPHP1-8\www\b\ferramentas\hmenu\skin-sample.css --> ftp.codigo8.com.br /public_html/bob/ferramentas/hmenu skin-sample.css
2008.01.30 17:35 B C:\Arquivos de programas\EasyPHP1-8\www\b\ferramentas\hmenu\skin-shaped.css --> ftp.codigo8.com.br /public_html/bob/ferramentas/hmenu skin-shaped.css
2008.01.30 17:35 B C:\Arquivos de programas\EasyPHP1-8\www\b\ferramentas\hmenu\skin-system.css --> ftp.codigo8.com.br /public_html/bob/ferramentas/hmenu skin-system.css
2008.01.30 17:35 B C:\Arquivos de programas\EasyPHP1-8\www\b\ferramentas\hmenu\skin-win2k.css --> ftp.codigo8.com.br /public_html/bob/ferramentas/hmenu skin-win2k.css
2008.01.30 17:35 B C:\Arquivos de programas\EasyPHP1-8\www\b\ferramentas\hmenu\skin-win98.css --> ftp.codigo8.com.br /public_html/bob/ferramentas/hmenu skin-win98.css
2008.01.30 17:35 B C:\Arquivos de programas\EasyPHP1-8\www\b\ferramentas\hmenu\skin-xp-apps.css --> ftp.codigo8.com.br /public_html/bob/ferramentas/hmenu skin-xp-apps.css
2008.01.30 17:35 B C:\Arquivos de programas\EasyPHP1-8\www\b\ferramentas\hmenu\skin-xp-apps2.css --> ftp.codigo8.com.br /public_html/bob/ferramentas/hmenu skin-xp-apps2.css
2008.01.30 17:35 B C:\Arquivos de programas\EasyPHP1-8\www\b\ferramentas\hmenu\skin-xp-extended.css --> ftp.codigo8.com.br /public_html/bob/ferramentas/hmenu skin-xp-extended.css
2008.01.30 17:35 B C:\Arquivos de programas\EasyPHP1-8\www\b\ferramentas\hmenu\skin-xp.css --> ftp.codigo8.com.br /public_html/bob/ferramentas/hmenu skin-xp.css
2008.01.30 17:35 B C:\Arquivos de programas\EasyPHP1-8\www\b\ferramentas\hmenu\skin-yellow.css --> ftp.codigo8.com.br /public_html/bob/ferramentas/hmenu skin-yellow.css
2008.01.30 17:35 B C:\Arquivos de programas\EasyPHP1-8\www\b\ferramentas\hmenu\skin-yp.css --> ftp.codigo8.com.br /public_html/bob/ferramentas/hmenu skin-yp.css
2008.02.02 09:19 B C:\Arquivos de programas\EasyPHP1-8\www\bob\ferramentas\hmenu\WS_FTP.LOG <-- codigo8_bob /public_html/bob/ferramentas/hmenu WS_FTP.LOG
2008.02.02 09:19 B C:\Arquivos de programas\EasyPHP1-8\www\bob\ferramentas\hmenu\skin-yp.css <-- codigo8_bob /public_html/bob/ferramentas/hmenu skin-yp.css
2008.02.02 09:19 B C:\Arquivos de programas\EasyPHP1-8\www\bob\ferramentas\hmenu\skin-yellow.css <-- codigo8_bob /public_html/bob/ferramentas/hmenu skin-yellow.css
2008.02.02 09:19 B C:\Arquivos de programas\EasyPHP1-8\www\bob\ferramentas\hmenu\skin-xp.css <-- codigo8_bob /public_html/bob/ferramentas/hmenu skin-xp.css
2008.02.02 09:19 B C:\Arquivos de programas\EasyPHP1-8\www\bob\ferramentas\hmenu\skin-xp-extended.css <-- codigo8_bob /public_html/bob/ferramentas/hmenu skin-xp-extended.css
2008.02.02 09:19 B C:\Arquivos de programas\EasyPHP1-8\www\bob\ferramentas\hmenu\skin-xp-apps2.css <-- codigo8_bob /public_html/bob/ferramentas/hmenu skin-xp-apps2.css
2008.02.02 09:19 B C:\Arquivos de programas\EasyPHP1-8\www\bob\ferramentas\hmenu\skin-xp-apps.css <-- codigo8_bob /public_html/bob/ferramentas/hmenu skin-xp-apps.css
2008.02.02 09:19 B C:\Arquivos de programas\EasyPHP1-8\www\bob\ferramentas\hmenu\skin-win98.css <-- codigo8_bob /public_html/bob/ferramentas/hmenu skin-win98.css
2008.02.02 09:19 B C:\Arquivos de programas\EasyPHP1-8\www\bob\ferramentas\hmenu\skin-win2k.css <-- codigo8_bob /public_html/bob/ferramentas/hmenu skin-win2k.css
2008.02.02 09:19 B C:\Arquivos de programas\EasyPHP1-8\www\bob\ferramentas\hmenu\skin-system.css <-- codigo8_bob /public_html/bob/ferramentas/hmenu skin-system.css
2008.02.02 09:19 B C:\Arquivos de programas\EasyPHP1-8\www\bob\ferramentas\hmenu\skin-shaped.css <-- codigo8_bob /public_html/bob/ferramentas/hmenu skin-shaped.css
2008.02.02 09:19 B C:\Arquivos de programas\EasyPHP1-8\www\bob\ferramentas\hmenu\skin-sample.css <-- codigo8_bob /public_html/bob/ferramentas/hmenu skin-sample.css
2008.02.02 09:19 B C:\Arquivos de programas\EasyPHP1-8\www\bob\ferramentas\hmenu\skin-rain.css <-- codigo8_bob /public_html/bob/ferramentas/hmenu skin-rain.css
2008.02.02 09:19 B C:\Arquivos de programas\EasyPHP1-8\www\bob\ferramentas\hmenu\skin-modern.css <-- codigo8_bob /public_html/bob/ferramentas/hmenu skin-modern.css
2008.02.02 09:19 B C:\Arquivos de programas\EasyPHP1-8\www\bob\ferramentas\hmenu\skin-minha.css <-- codigo8_bob /public_html/bob/ferramentas/hmenu skin-minha.css
2008.02.02 09:19 B C:\Arquivos de programas\EasyPHP1-8\www\bob\ferramentas\hmenu\skin-longhorn.css <-- codigo8_bob /public_html/bob/ferramentas/hmenu skin-longhorn.css
2008.02.02 09:19 B C:\Arquivos de programas\EasyPHP1-8\www\bob\ferramentas\hmenu\skin-hmenu-dark.css <-- codigo8_bob /public_html/bob/ferramentas/hmenu skin-hmenu-dark.css
2008.02.02 09:19 B C:\Arquivos de programas\EasyPHP1-8\www\bob\ferramentas\hmenu\skin-beos.css <-- codigo8_bob /public_html/bob/ferramentas/hmenu skin-beos.css
2008.02.02 09:19 B C:\Arquivos de programas\EasyPHP1-8\www\bob\ferramentas\hmenu\skin-aqua.css <-- codigo8_bob /public_html/bob/ferramentas/hmenu skin-aqua.css
2008.02.02 09:19 B C:\Arquivos de programas\EasyPHP1-8\www\bob\ferramentas\hmenu\PieNG.js <-- codigo8_bob /public_html/bob/ferramentas/hmenu PieNG.js
2008.02.02 09:19 B C:\Arquivos de programas\EasyPHP1-8\www\bob\ferramentas\hmenu\pi-fonts.css <-- codigo8_bob /public_html/bob/ferramentas/hmenu pi-fonts.css
2008.02.02 09:19 B C:\Arquivos de programas\EasyPHP1-8\www\bob\ferramentas\hmenu\index.html <-- codigo8_bob /public_html/bob/ferramentas/hmenu index.html
2008.02.02 09:19 B C:\Arquivos de programas\EasyPHP1-8\www\bob\ferramentas\hmenu\I-skin-yp.css.images <-- codigo8_bob /public_html/bob/ferramentas/hmenu I-skin-yp.css.images
2008.02.02 09:19 B C:\Arquivos de programas\EasyPHP1-8\www\bob\ferramentas\hmenu\I-skin-yellow.css.images <-- codigo8_bob /public_html/bob/ferramentas/hmenu I-skin-yellow.css.images
2008.02.02 09:19 B C:\Arquivos de programas\EasyPHP1-8\www\bob\ferramentas\hmenu\I-skin-xp.css.images <-- codigo8_bob /public_html/bob/ferramentas/hmenu I-skin-xp.css.images
2008.02.02 09:19 B C:\Arquivos de programas\EasyPHP1-8\www\bob\ferramentas\hmenu\I-skin-xp-extended.css.images <-- codigo8_bob /public_html/bob/ferramentas/hmenu I-skin-xp-extended.css.images
2008.02.02 09:19 B C:\Arquivos de programas\EasyPHP1-8\www\bob\ferramentas\hmenu\I-skin-xp-apps2.css.images <-- codigo8_bob /public_html/bob/ferramentas/hmenu I-skin-xp-apps2.css.images
2008.02.02 09:19 B C:\Arquivos de programas\EasyPHP1-8\www\bob\ferramentas\hmenu\I-skin-xp-apps.css.images <-- codigo8_bob /public_html/bob/ferramentas/hmenu I-skin-xp-apps.css.images
2008.02.02 09:19 B C:\Arquivos de programas\EasyPHP1-8\www\bob\ferramentas\hmenu\I-skin-win98.css.images <-- codigo8_bob /public_html/bob/ferramentas/hmenu I-skin-win98.css.images
2008.02.02 09:19 B C:\Arquivos de programas\EasyPHP1-8\www\bob\ferramentas\hmenu\I-skin-win2k.css.images <-- codigo8_bob /public_html/bob/ferramentas/hmenu I-skin-win2k.css.images
2008.02.02 09:19 B C:\Arquivos de programas\EasyPHP1-8\www\bob\ferramentas\hmenu\I-skin-system.css.images <-- codigo8_bob /public_html/bob/ferramentas/hmenu I-skin-system.css.images
2008.02.02 09:19 B C:\Arquivos de programas\EasyPHP1-8\www\bob\ferramentas\hmenu\I-skin-shaped.css.images <-- codigo8_bob /public_html/bob/ferramentas/hmenu I-skin-shaped.css.images
2008.02.02 09:19 B C:\Arquivos de programas\EasyPHP1-8\www\bob\ferramentas\hmenu\I-skin-sample.css.images <-- codigo8_bob /public_html/bob/ferramentas/hmenu I-skin-sample.css.images
2008.02.02 09:19 B C:\Arquivos de programas\EasyPHP1-8\www\bob\ferramentas\hmenu\I-skin-rain.css.images <-- codigo8_bob /public_html/bob/ferramentas/hmenu I-skin-rain.css.images
2008.02.02 09:19 B C:\Arquivos de programas\EasyPHP1-8\www\bob\ferramentas\hmenu\I-skin-modern.css.images <-- codigo8_bob /public_html/bob/ferramentas/hmenu I-skin-modern.css.images
2008.02.02 09:19 B C:\Arquivos de programas\EasyPHP1-8\www\bob\ferramentas\hmenu\I-skin-longhorn.css.images <-- codigo8_bob /public_html/bob/ferramentas/hmenu I-skin-longhorn.css.images
2008.02.02 09:19 B C:\Arquivos de programas\EasyPHP1-8\www\bob\ferramentas\hmenu\I-skin-hmenu-dark.css.images <-- codigo8_bob /public_html/bob/ferramentas/hmenu I-skin-hmenu-dark.css.images
2008.02.02 09:19 B C:\Arquivos de programas\EasyPHP1-8\www\bob\ferramentas\hmenu\I-skin-beos.css.images <-- codigo8_bob /public_html/bob/ferramentas/hmenu I-skin-beos.css.images
2008.02.02 09:19 B C:\Arquivos de programas\EasyPHP1-8\www\bob\ferramentas\hmenu\I-skin-aqua.css.images <-- codigo8_bob /public_html/bob/ferramentas/hmenu I-skin-aqua.css.images
2008.02.02 09:19 B C:\Arquivos de programas\EasyPHP1-8\www\bob\ferramentas\hmenu\hmenu.js <-- codigo8_bob /public_html/bob/ferramentas/hmenu hmenu.js
2008.02.02 09:19 B C:\Arquivos de programas\EasyPHP1-8\www\bob\ferramentas\hmenu\hmenu.css <-- codigo8_bob /public_html/bob/ferramentas/hmenu hmenu.css
2008.02.02 09:19 B C:\Arquivos de programas\EasyPHP1-8\www\bob\ferramentas\hmenu\hmenu-extended.css <-- codigo8_bob /public_html/bob/ferramentas/hmenu hmenu-extended.css
2008.02.02 09:19 B C:\Arquivos de programas\EasyPHP1-8\www\bob\ferramentas\hmenu\hmenu-3d.css <-- codigo8_bob /public_html/bob/ferramentas/hmenu hmenu-3d.css
2008.02.02 16:45 B C:\Arquivos de programas\EasyPHP1-8\www\bob\adm\ferramentas\hmenu\WS_FTP.LOG --> ftp.codigo8.com.br /public_html/bob/adm/ferramentas/hmenu WS_FTP.LOG
2008.02.02 16:45 B C:\Arquivos de programas\EasyPHP1-8\www\bob\adm\ferramentas\hmenu\skin-yp.css --> ftp.codigo8.com.br /public_html/bob/adm/ferramentas/hmenu skin-yp.css
2008.02.02 16:45 B C:\Arquivos de programas\EasyPHP1-8\www\bob\adm\ferramentas\hmenu\skin-yellow.css --> ftp.codigo8.com.br /public_html/bob/adm/ferramentas/hmenu skin-yellow.css
2008.02.02 16:45 B C:\Arquivos de programas\EasyPHP1-8\www\bob\adm\ferramentas\hmenu\skin-xp.css --> ftp.codigo8.com.br /public_html/bob/adm/ferramentas/hmenu skin-xp.css
2008.02.02 16:45 B C:\Arquivos de programas\EasyPHP1-8\www\bob\adm\ferramentas\hmenu\skin-xp-extended.css --> ftp.codigo8.com.br /public_html/bob/adm/ferramentas/hmenu skin-xp-extended.css
2008.02.02 16:45 B C:\Arquivos de programas\EasyPHP1-8\www\bob\adm\ferramentas\hmenu\skin-xp-apps2.css --> ftp.codigo8.com.br /public_html/bob/adm/ferramentas/hmenu skin-xp-apps2.css
2008.02.02 16:45 B C:\Arquivos de programas\EasyPHP1-8\www\bob\adm\ferramentas\hmenu\skin-xp-apps.css --> ftp.codigo8.com.br /public_html/bob/adm/ferramentas/hmenu skin-xp-apps.css
2008.02.02 16:45 B C:\Arquivos de programas\EasyPHP1-8\www\bob\adm\ferramentas\hmenu\skin-win98.css --> ftp.codigo8.com.br /public_html/bob/adm/ferramentas/hmenu skin-win98.css
2008.02.02 16:45 B C:\Arquivos de programas\EasyPHP1-8\www\bob\adm\ferramentas\hmenu\skin-win2k.css --> ftp.codigo8.com.br /public_html/bob/adm/ferramentas/hmenu skin-win2k.css
2008.02.02 16:45 B C:\Arquivos de programas\EasyPHP1-8\www\bob\adm\ferramentas\hmenu\skin-system.css --> ftp.codigo8.com.br /public_html/bob/adm/ferramentas/hmenu skin-system.css
2008.02.02 16:45 B C:\Arquivos de programas\EasyPHP1-8\www\bob\adm\ferramentas\hmenu\skin-shaped.css --> ftp.codigo8.com.br /public_html/bob/adm/ferramentas/hmenu skin-shaped.css
2008.02.02 16:46 B C:\Arquivos de programas\EasyPHP1-8\www\bob\adm\ferramentas\hmenu\skin-sample.css --> ftp.codigo8.com.br /public_html/bob/adm/ferramentas/hmenu skin-sample.css
2008.02.02 16:46 B C:\Arquivos de programas\EasyPHP1-8\www\bob\adm\ferramentas\hmenu\skin-rain.css --> ftp.codigo8.com.br /public_html/bob/adm/ferramentas/hmenu skin-rain.css
2008.02.02 16:46 B C:\Arquivos de programas\EasyPHP1-8\www\bob\adm\ferramentas\hmenu\skin-modern.css --> ftp.codigo8.com.br /public_html/bob/adm/ferramentas/hmenu skin-modern.css
2008.02.02 16:46 B C:\Arquivos de programas\EasyPHP1-8\www\bob\adm\ferramentas\hmenu\skin-minha.css --> ftp.codigo8.com.br /public_html/bob/adm/ferramentas/hmenu skin-minha.css
2008.02.02 16:46 B C:\Arquivos de programas\EasyPHP1-8\www\bob\adm\ferramentas\hmenu\skin-longhorn.css --> ftp.codigo8.com.br /public_html/bob/adm/ferramentas/hmenu skin-longhorn.css
2008.02.02 16:46 B C:\Arquivos de programas\EasyPHP1-8\www\bob\adm\ferramentas\hmenu\skin-hmenu-dark.css --> ftp.codigo8.com.br /public_html/bob/adm/ferramentas/hmenu skin-hmenu-dark.css
2008.02.02 16:46 B C:\Arquivos de programas\EasyPHP1-8\www\bob\adm\ferramentas\hmenu\skin-beos.css --> ftp.codigo8.com.br /public_html/bob/adm/ferramentas/hmenu skin-beos.css
2008.02.02 16:46 B C:\Arquivos de programas\EasyPHP1-8\www\bob\adm\ferramentas\hmenu\skin-aqua.css --> ftp.codigo8.com.br /public_html/bob/adm/ferramentas/hmenu skin-aqua.css
2008.02.02 16:46 B C:\Arquivos de programas\EasyPHP1-8\www\bob\adm\ferramentas\hmenu\PieNG.js --> ftp.codigo8.com.br /public_html/bob/adm/ferramentas/hmenu PieNG.js
2008.02.02 16:46 B C:\Arquivos de programas\EasyPHP1-8\www\bob\adm\ferramentas\hmenu\pi-fonts.css --> ftp.codigo8.com.br /public_html/bob/adm/ferramentas/hmenu pi-fonts.css
2008.02.02 16:46 B C:\Arquivos de programas\EasyPHP1-8\www\bob\adm\ferramentas\hmenu\index.html --> ftp.codigo8.com.br /public_html/bob/adm/ferramentas/hmenu index.html
2008.02.02 16:46 B C:\Arquivos de programas\EasyPHP1-8\www\bob\adm\ferramentas\hmenu\I-skin-yp.css.images --> ftp.codigo8.com.br /public_html/bob/adm/ferramentas/hmenu I-skin-yp.css.images
2008.02.02 16:46 B C:\Arquivos de programas\EasyPHP1-8\www\bob\adm\ferramentas\hmenu\I-skin-yellow.css.images --> ftp.codigo8.com.br /public_html/bob/adm/ferramentas/hmenu I-skin-yellow.css.images
2008.02.02 16:46 B C:\Arquivos de programas\EasyPHP1-8\www\bob\adm\ferramentas\hmenu\I-skin-xp.css.images --> ftp.codigo8.com.br /public_html/bob/adm/ferramentas/hmenu I-skin-xp.css.images
2008.02.02 16:46 B C:\Arquivos de programas\EasyPHP1-8\www\bob\adm\ferramentas\hmenu\I-skin-xp-extended.css.images --> ftp.codigo8.com.br /public_html/bob/adm/ferramentas/hmenu I-skin-xp-extended.css.images
2008.02.02 16:46 B C:\Arquivos de programas\EasyPHP1-8\www\bob\adm\ferramentas\hmenu\I-skin-xp-apps2.css.images --> ftp.codigo8.com.br /public_html/bob/adm/ferramentas/hmenu I-skin-xp-apps2.css.images
2008.02.02 16:46 B C:\Arquivos de programas\EasyPHP1-8\www\bob\adm\ferramentas\hmenu\I-skin-xp-apps.css.images --> ftp.codigo8.com.br /public_html/bob/adm/ferramentas/hmenu I-skin-xp-apps.css.images
2008.02.02 16:46 B C:\Arquivos de programas\EasyPHP1-8\www\bob\adm\ferramentas\hmenu\I-skin-win98.css.images --> ftp.codigo8.com.br /public_html/bob/adm/ferramentas/hmenu I-skin-win98.css.images
2008.02.02 16:46 B C:\Arquivos de programas\EasyPHP1-8\www\bob\adm\ferramentas\hmenu\I-skin-win2k.css.images --> ftp.codigo8.com.br /public_html/bob/adm/ferramentas/hmenu I-skin-win2k.css.images
2008.02.02 16:46 B C:\Arquivos de programas\EasyPHP1-8\www\bob\adm\ferramentas\hmenu\I-skin-system.css.images --> ftp.codigo8.com.br /public_html/bob/adm/ferramentas/hmenu I-skin-system.css.images
2008.02.02 16:46 B C:\Arquivos de programas\EasyPHP1-8\www\bob\adm\ferramentas\hmenu\I-skin-shaped.css.images --> ftp.codigo8.com.br /public_html/bob/adm/ferramentas/hmenu I-skin-shaped.css.images
2008.02.02 16:46 B C:\Arquivos de programas\EasyPHP1-8\www\bob\adm\ferramentas\hmenu\I-skin-sample.css.images --> ftp.codigo8.com.br /public_html/bob/adm/ferramentas/hmenu I-skin-sample.css.images
2008.02.02 16:46 B C:\Arquivos de programas\EasyPHP1-8\www\bob\adm\ferramentas\hmenu\I-skin-rain.css.images --> ftp.codigo8.com.br /public_html/bob/adm/ferramentas/hmenu I-skin-rain.css.images
2008.02.02 16:46 B C:\Arquivos de programas\EasyPHP1-8\www\bob\adm\ferramentas\hmenu\I-skin-modern.css.images --> ftp.codigo8.com.br /public_html/bob/adm/ferramentas/hmenu I-skin-modern.css.images
2008.02.02 16:46 B C:\Arquivos de programas\EasyPHP1-8\www\bob\adm\ferramentas\hmenu\I-skin-longhorn.css.images --> ftp.codigo8.com.br /public_html/bob/adm/ferramentas/hmenu I-skin-longhorn.css.images
2008.02.02 16:46 B C:\Arquivos de programas\EasyPHP1-8\www\bob\adm\ferramentas\hmenu\I-skin-hmenu-dark.css.images --> ftp.codigo8.com.br /public_html/bob/adm/ferramentas/hmenu I-skin-hmenu-dark.css.images
2008.02.02 16:46 B C:\Arquivos de programas\EasyPHP1-8\www\bob\adm\ferramentas\hmenu\I-skin-beos.css.images --> ftp.codigo8.com.br /public_html/bob/adm/ferramentas/hmenu I-skin-beos.css.images
2008.02.02 16:46 B C:\Arquivos de programas\EasyPHP1-8\www\bob\adm\ferramentas\hmenu\I-skin-aqua.css.images --> ftp.codigo8.com.br /public_html/bob/adm/ferramentas/hmenu I-skin-aqua.css.images
2008.02.02 16:46 B C:\Arquivos de programas\EasyPHP1-8\www\bob\adm\ferramentas\hmenu\hmenu.js --> ftp.codigo8.com.br /public_html/bob/adm/ferramentas/hmenu hmenu.js
2008.02.02 16:46 B C:\Arquivos de programas\EasyPHP1-8\www\bob\adm\ferramentas\hmenu\hmenu.css --> ftp.codigo8.com.br /public_html/bob/adm/ferramentas/hmenu hmenu.css
2008.02.02 16:46 B C:\Arquivos de programas\EasyPHP1-8\www\bob\adm\ferramentas\hmenu\hmenu-extended.css --> ftp.codigo8.com.br /public_html/bob/adm/ferramentas/hmenu hmenu-extended.css
2008.02.02 16:46 B C:\Arquivos de programas\EasyPHP1-8\www\bob\adm\ferramentas\hmenu\hmenu-3d.css --> ftp.codigo8.com.br /public_html/bob/adm/ferramentas/hmenu hmenu-3d.css
2008.02.05 13:46 B C:\Arquivos de programas\EasyPHP1-8\www\bob\adm\ferramentas\hmenu\hmenu.js <-- codigo8_bob /public_html/bob/adm/ferramentas/hmenu hmenu.js
2008.02.08 23:59 B C:\Arquivos de programas\EasyPHP1-8\www\bob\adm\ferramentas\hmenu\WS_FTP.LOG --> ftp.convencaobobstore.com.br /public_html/inverno2008/adm/ferramentas/hmenu WS_FTP.LOG
2008.02.08 23:59 B C:\Arquivos de programas\EasyPHP1-8\www\bob\adm\ferramentas\hmenu\hmenu.js --> ftp.convencaobobstore.com.br /public_html/inverno2008/adm/ferramentas/hmenu hmenu.js
2008.02.08 23:59 B C:\Arquivos de programas\EasyPHP1-8\www\bob\adm\ferramentas\hmenu\skin-yp.css --> ftp.convencaobobstore.com.br /public_html/inverno2008/adm/ferramentas/hmenu skin-yp.css
2008.02.08 23:59 B C:\Arquivos de programas\EasyPHP1-8\www\bob\adm\ferramentas\hmenu\skin-yellow.css --> ftp.convencaobobstore.com.br /public_html/inverno2008/adm/ferramentas/hmenu skin-yellow.css
2008.02.08 23:59 B C:\Arquivos de programas\EasyPHP1-8\www\bob\adm\ferramentas\hmenu\skin-xp.css --> ftp.convencaobobstore.com.br /public_html/inverno2008/adm/ferramentas/hmenu skin-xp.css
2008.02.08 23:59 B C:\Arquivos de programas\EasyPHP1-8\www\bob\adm\ferramentas\hmenu\skin-xp-extended.css --> ftp.convencaobobstore.com.br /public_html/inverno2008/adm/ferramentas/hmenu skin-xp-extended.css
2008.02.08 23:59 B C:\Arquivos de programas\EasyPHP1-8\www\bob\adm\ferramentas\hmenu\skin-xp-apps2.css --> ftp.convencaobobstore.com.br /public_html/inverno2008/adm/ferramentas/hmenu skin-xp-apps2.css
2008.02.08 23:59 B C:\Arquivos de programas\EasyPHP1-8\www\bob\adm\ferramentas\hmenu\skin-xp-apps.css --> ftp.convencaobobstore.com.br /public_html/inverno2008/adm/ferramentas/hmenu skin-xp-apps.css
2008.02.08 23:59 B C:\Arquivos de programas\EasyPHP1-8\www\bob\adm\ferramentas\hmenu\skin-win98.css --> ftp.convencaobobstore.com.br /public_html/inverno2008/adm/ferramentas/hmenu skin-win98.css
2008.02.08 23:59 B C:\Arquivos de programas\EasyPHP1-8\www\bob\adm\ferramentas\hmenu\skin-win2k.css --> ftp.convencaobobstore.com.br /public_html/inverno2008/adm/ferramentas/hmenu skin-win2k.css
2008.02.08 23:59 B C:\Arquivos de programas\EasyPHP1-8\www\bob\adm\ferramentas\hmenu\skin-system.css --> ftp.convencaobobstore.com.br /public_html/inverno2008/adm/ferramentas/hmenu skin-system.css
2008.02.08 23:59 B C:\Arquivos de programas\EasyPHP1-8\www\bob\adm\ferramentas\hmenu\skin-shaped.css --> ftp.convencaobobstore.com.br /public_html/inverno2008/adm/ferramentas/hmenu skin-shaped.css
2008.02.08 23:59 B C:\Arquivos de programas\EasyPHP1-8\www\bob\adm\ferramentas\hmenu\skin-sample.css --> ftp.convencaobobstore.com.br /public_html/inverno2008/adm/ferramentas/hmenu skin-sample.css
2008.02.08 23:59 B C:\Arquivos de programas\EasyPHP1-8\www\bob\adm\ferramentas\hmenu\skin-rain.css --> ftp.convencaobobstore.com.br /public_html/inverno2008/adm/ferramentas/hmenu skin-rain.css
2008.02.08 23:59 B C:\Arquivos de programas\EasyPHP1-8\www\bob\adm\ferramentas\hmenu\skin-modern.css --> ftp.convencaobobstore.com.br /public_html/inverno2008/adm/ferramentas/hmenu skin-modern.css
2008.02.08 23:59 B C:\Arquivos de programas\EasyPHP1-8\www\bob\adm\ferramentas\hmenu\skin-minha.css --> ftp.convencaobobstore.com.br /public_html/inverno2008/adm/ferramentas/hmenu skin-minha.css
2008.02.08 23:59 B C:\Arquivos de programas\EasyPHP1-8\www\bob\adm\ferramentas\hmenu\skin-longhorn.css --> ftp.convencaobobstore.com.br /public_html/inverno2008/adm/ferramentas/hmenu skin-longhorn.css
2008.02.08 23:59 B C:\Arquivos de programas\EasyPHP1-8\www\bob\adm\ferramentas\hmenu\skin-hmenu-dark.css --> ftp.convencaobobstore.com.br /public_html/inverno2008/adm/ferramentas/hmenu skin-hmenu-dark.css
2008.02.08 23:59 B C:\Arquivos de programas\EasyPHP1-8\www\bob\adm\ferramentas\hmenu\skin-beos.css --> ftp.convencaobobstore.com.br /public_html/inverno2008/adm/ferramentas/hmenu skin-beos.css
2008.02.08 23:59 B C:\Arquivos de programas\EasyPHP1-8\www\bob\adm\ferramentas\hmenu\skin-aqua.css --> ftp.convencaobobstore.com.br /public_html/inverno2008/adm/ferramentas/hmenu skin-aqua.css
2008.02.08 23:59 B C:\Arquivos de programas\EasyPHP1-8\www\bob\adm\ferramentas\hmenu\PieNG.js --> ftp.convencaobobstore.com.br /public_html/inverno2008/adm/ferramentas/hmenu PieNG.js
2008.02.08 23:59 B C:\Arquivos de programas\EasyPHP1-8\www\bob\adm\ferramentas\hmenu\pi-fonts.css --> ftp.convencaobobstore.com.br /public_html/inverno2008/adm/ferramentas/hmenu pi-fonts.css
2008.02.08 23:59 B C:\Arquivos de programas\EasyPHP1-8\www\bob\adm\ferramentas\hmenu\index.html --> ftp.convencaobobstore.com.br /public_html/inverno2008/adm/ferramentas/hmenu index.html
2008.02.08 23:59 B C:\Arquivos de programas\EasyPHP1-8\www\bob\adm\ferramentas\hmenu\I-skin-yp.css.images --> ftp.convencaobobstore.com.br /public_html/inverno2008/adm/ferramentas/hmenu I-skin-yp.css.images
2008.02.08 23:59 B C:\Arquivos de programas\EasyPHP1-8\www\bob\adm\ferramentas\hmenu\I-skin-yellow.css.images --> ftp.convencaobobstore.com.br /public_html/inverno2008/adm/ferramentas/hmenu I-skin-yellow.css.images
2008.02.08 23:59 B C:\Arquivos de programas\EasyPHP1-8\www\bob\adm\ferramentas\hmenu\I-skin-xp.css.images --> ftp.convencaobobstore.com.br /public_html/inverno2008/adm/ferramentas/hmenu I-skin-xp.css.images
2008.02.08 23:59 B C:\Arquivos de programas\EasyPHP1-8\www\bob\adm\ferramentas\hmenu\I-skin-xp-extended.css.images --> ftp.convencaobobstore.com.br /public_html/inverno2008/adm/ferramentas/hmenu I-skin-xp-extended.css.images
2008.02.08 23:59 B C:\Arquivos de programas\EasyPHP1-8\www\bob\adm\ferramentas\hmenu\I-skin-xp-apps2.css.images --> ftp.convencaobobstore.com.br /public_html/inverno2008/adm/ferramentas/hmenu I-skin-xp-apps2.css.images
2008.02.08 23:59 B C:\Arquivos de programas\EasyPHP1-8\www\bob\adm\ferramentas\hmenu\I-skin-xp-apps.css.images --> ftp.convencaobobstore.com.br /public_html/inverno2008/adm/ferramentas/hmenu I-skin-xp-apps.css.images
2008.02.08 23:59 B C:\Arquivos de programas\EasyPHP1-8\www\bob\adm\ferramentas\hmenu\I-skin-win98.css.images --> ftp.convencaobobstore.com.br /public_html/inverno2008/adm/ferramentas/hmenu I-skin-win98.css.images
2008.02.08 23:59 B C:\Arquivos de programas\EasyPHP1-8\www\bob\adm\ferramentas\hmenu\I-skin-win2k.css.images --> ftp.convencaobobstore.com.br /public_html/inverno2008/adm/ferramentas/hmenu I-skin-win2k.css.images
2008.02.08 23:59 B C:\Arquivos de programas\EasyPHP1-8\www\bob\adm\ferramentas\hmenu\I-skin-system.css.images --> ftp.convencaobobstore.com.br /public_html/inverno2008/adm/ferramentas/hmenu I-skin-system.css.images
2008.02.08 23:59 B C:\Arquivos de programas\EasyPHP1-8\www\bob\adm\ferramentas\hmenu\I-skin-shaped.css.images --> ftp.convencaobobstore.com.br /public_html/inverno2008/adm/ferramentas/hmenu I-skin-shaped.css.images
2008.02.08 23:59 B C:\Arquivos de programas\EasyPHP1-8\www\bob\adm\ferramentas\hmenu\I-skin-sample.css.images --> ftp.convencaobobstore.com.br /public_html/inverno2008/adm/ferramentas/hmenu I-skin-sample.css.images
2008.02.08 23:59 B C:\Arquivos de programas\EasyPHP1-8\www\bob\adm\ferramentas\hmenu\I-skin-rain.css.images --> ftp.convencaobobstore.com.br /public_html/inverno2008/adm/ferramentas/hmenu I-skin-rain.css.images
2008.02.08 23:59 B C:\Arquivos de programas\EasyPHP1-8\www\bob\adm\ferramentas\hmenu\I-skin-modern.css.images --> ftp.convencaobobstore.com.br /public_html/inverno2008/adm/ferramentas/hmenu I-skin-modern.css.images
2008.02.08 23:59 B C:\Arquivos de programas\EasyPHP1-8\www\bob\adm\ferramentas\hmenu\I-skin-longhorn.css.images --> ftp.convencaobobstore.com.br /public_html/inverno2008/adm/ferramentas/hmenu I-skin-longhorn.css.images
2008.02.08 23:59 B C:\Arquivos de programas\EasyPHP1-8\www\bob\adm\ferramentas\hmenu\I-skin-hmenu-dark.css.images --> ftp.convencaobobstore.com.br /public_html/inverno2008/adm/ferramentas/hmenu I-skin-hmenu-dark.css.images
2008.02.08 23:59 B C:\Arquivos de programas\EasyPHP1-8\www\bob\adm\ferramentas\hmenu\I-skin-beos.css.images --> ftp.convencaobobstore.com.br /public_html/inverno2008/adm/ferramentas/hmenu I-skin-beos.css.images
2008.02.08 23:59 B C:\Arquivos de programas\EasyPHP1-8\www\bob\adm\ferramentas\hmenu\I-skin-aqua.css.images --> ftp.convencaobobstore.com.br /public_html/inverno2008/adm/ferramentas/hmenu I-skin-aqua.css.images
2008.02.08 23:59 B C:\Arquivos de programas\EasyPHP1-8\www\bob\adm\ferramentas\hmenu\hmenu.css --> ftp.convencaobobstore.com.br /public_html/inverno2008/adm/ferramentas/hmenu hmenu.css
2008.02.08 23:59 B C:\Arquivos de programas\EasyPHP1-8\www\bob\adm\ferramentas\hmenu\hmenu-extended.css --> ftp.convencaobobstore.com.br /public_html/inverno2008/adm/ferramentas/hmenu hmenu-extended.css
2008.02.08 23:59 B C:\Arquivos de programas\EasyPHP1-8\www\bob\adm\ferramentas\hmenu\hmenu-3d.css --> ftp.convencaobobstore.com.br /public_html/inverno2008/adm/ferramentas/hmenu hmenu-3d.css
2008.04.21 15:55 B C:\Arquivos de programas\EasyPHP1-8\www\ib\admin\ferramentas\hmenu\WS_FTP.LOG --> ftp.ibmmkt.com.br /public_html/admin/ferramentas/hmenu WS_FTP.LOG
2008.04.21 15:55 B C:\Arquivos de programas\EasyPHP1-8\www\ib\admin\ferramentas\hmenu\hmenu.js --> ftp.ibmmkt.com.br /public_html/admin/ferramentas/hmenu hmenu.js
2008.04.21 15:55 B C:\Arquivos de programas\EasyPHP1-8\www\ib\admin\ferramentas\hmenu\skin-yp.css --> ftp.ibmmkt.com.br /public_html/admin/ferramentas/hmenu skin-yp.css
2008.04.21 15:55 B C:\Arquivos de programas\EasyPHP1-8\www\ib\admin\ferramentas\hmenu\skin-yellow.css --> ftp.ibmmkt.com.br /public_html/admin/ferramentas/hmenu skin-yellow.css
2008.04.21 15:55 B C:\Arquivos de programas\EasyPHP1-8\www\ib\admin\ferramentas\hmenu\skin-xp.css --> ftp.ibmmkt.com.br /public_html/admin/ferramentas/hmenu skin-xp.css
2008.04.21 15:55 B C:\Arquivos de programas\EasyPHP1-8\www\ib\admin\ferramentas\hmenu\skin-xp-extended.css --> ftp.ibmmkt.com.br /public_html/admin/ferramentas/hmenu skin-xp-extended.css
2008.04.21 15:55 B C:\Arquivos de programas\EasyPHP1-8\www\ib\admin\ferramentas\hmenu\skin-xp-apps2.css --> ftp.ibmmkt.com.br /public_html/admin/ferramentas/hmenu skin-xp-apps2.css
2008.04.21 15:55 B C:\Arquivos de programas\EasyPHP1-8\www\ib\admin\ferramentas\hmenu\skin-xp-apps.css --> ftp.ibmmkt.com.br /public_html/admin/ferramentas/hmenu skin-xp-apps.css
2008.04.21 15:55 B C:\Arquivos de programas\EasyPHP1-8\www\ib\admin\ferramentas\hmenu\skin-win98.css --> ftp.ibmmkt.com.br /public_html/admin/ferramentas/hmenu skin-win98.css
2008.04.21 15:55 B C:\Arquivos de programas\EasyPHP1-8\www\ib\admin\ferramentas\hmenu\skin-win2k.css --> ftp.ibmmkt.com.br /public_html/admin/ferramentas/hmenu skin-win2k.css
2008.04.21 15:55 B C:\Arquivos de programas\EasyPHP1-8\www\ib\admin\ferramentas\hmenu\skin-system.css --> ftp.ibmmkt.com.br /public_html/admin/ferramentas/hmenu skin-system.css
2008.04.21 15:55 B C:\Arquivos de programas\EasyPHP1-8\www\ib\admin\ferramentas\hmenu\skin-shaped.css --> ftp.ibmmkt.com.br /public_html/admin/ferramentas/hmenu skin-shaped.css
2008.04.21 15:55 B C:\Arquivos de programas\EasyPHP1-8\www\ib\admin\ferramentas\hmenu\skin-sample.css --> ftp.ibmmkt.com.br /public_html/admin/ferramentas/hmenu skin-sample.css
2008.04.21 15:55 B C:\Arquivos de programas\EasyPHP1-8\www\ib\admin\ferramentas\hmenu\skin-rain.css --> ftp.ibmmkt.com.br /public_html/admin/ferramentas/hmenu skin-rain.css
2008.04.21 15:55 B C:\Arquivos de programas\EasyPHP1-8\www\ib\admin\ferramentas\hmenu\skin-modern.css --> ftp.ibmmkt.com.br /public_html/admin/ferramentas/hmenu skin-modern.css
2008.04.21 15:55 B C:\Arquivos de programas\EasyPHP1-8\www\ib\admin\ferramentas\hmenu\skin-minha.css --> ftp.ibmmkt.com.br /public_html/admin/ferramentas/hmenu skin-minha.css
2008.04.21 15:55 B C:\Arquivos de programas\EasyPHP1-8\www\ib\admin\ferramentas\hmenu\skin-longhorn.css --> ftp.ibmmkt.com.br /public_html/admin/ferramentas/hmenu skin-longhorn.css
2008.04.21 15:55 B C:\Arquivos de programas\EasyPHP1-8\www\ib\admin\ferramentas\hmenu\skin-hmenu-dark.css --> ftp.ibmmkt.com.br /public_html/admin/ferramentas/hmenu skin-hmenu-dark.css
2008.04.21 15:55 B C:\Arquivos de programas\EasyPHP1-8\www\ib\admin\ferramentas\hmenu\skin-beos.css --> ftp.ibmmkt.com.br /public_html/admin/ferramentas/hmenu skin-beos.css
2008.04.21 15:55 B C:\Arquivos de programas\EasyPHP1-8\www\ib\admin\ferramentas\hmenu\skin-aqua.css --> ftp.ibmmkt.com.br /public_html/admin/ferramentas/hmenu skin-aqua.css
2008.04.21 15:55 B C:\Arquivos de programas\EasyPHP1-8\www\ib\admin\ferramentas\hmenu\PieNG.js --> ftp.ibmmkt.com.br /public_html/admin/ferramentas/hmenu PieNG.js
2008.04.21 15:55 B C:\Arquivos de programas\EasyPHP1-8\www\ib\admin\ferramentas\hmenu\pi-fonts.css --> ftp.ibmmkt.com.br /public_html/admin/ferramentas/hmenu pi-fonts.css
2008.04.21 15:55 B C:\Arquivos de programas\EasyPHP1-8\www\ib\admin\ferramentas\hmenu\index.html --> ftp.ibmmkt.com.br /public_html/admin/ferramentas/hmenu index.html
2008.04.21 15:55 B C:\Arquivos de programas\EasyPHP1-8\www\ib\admin\ferramentas\hmenu\I-skin-yp.css.images --> ftp.ibmmkt.com.br /public_html/admin/ferramentas/hmenu I-skin-yp.css.images
2008.04.21 15:55 B C:\Arquivos de programas\EasyPHP1-8\www\ib\admin\ferramentas\hmenu\I-skin-yellow.css.images --> ftp.ibmmkt.com.br /public_html/admin/ferramentas/hmenu I-skin-yellow.css.images
2008.04.21 15:55 B C:\Arquivos de programas\EasyPHP1-8\www\ib\admin\ferramentas\hmenu\I-skin-xp.css.images --> ftp.ibmmkt.com.br /public_html/admin/ferramentas/hmenu I-skin-xp.css.images
2008.04.21 15:55 B C:\Arquivos de programas\EasyPHP1-8\www\ib\admin\ferramentas\hmenu\I-skin-xp-extended.css.images --> ftp.ibmmkt.com.br /public_html/admin/ferramentas/hmenu I-skin-xp-extended.css.images
2008.04.21 15:55 B C:\Arquivos de programas\EasyPHP1-8\www\ib\admin\ferramentas\hmenu\I-skin-xp-apps2.css.images --> ftp.ibmmkt.com.br /public_html/admin/ferramentas/hmenu I-skin-xp-apps2.css.images
2008.04.21 15:55 B C:\Arquivos de programas\EasyPHP1-8\www\ib\admin\ferramentas\hmenu\I-skin-xp-apps.css.images --> ftp.ibmmkt.com.br /public_html/admin/ferramentas/hmenu I-skin-xp-apps.css.images
2008.04.21 15:55 B C:\Arquivos de programas\EasyPHP1-8\www\ib\admin\ferramentas\hmenu\I-skin-win98.css.images --> ftp.ibmmkt.com.br /public_html/admin/ferramentas/hmenu I-skin-win98.css.images
2008.04.21 15:55 B C:\Arquivos de programas\EasyPHP1-8\www\ib\admin\ferramentas\hmenu\I-skin-win2k.css.images --> ftp.ibmmkt.com.br /public_html/admin/ferramentas/hmenu I-skin-win2k.css.images
2008.04.21 15:55 B C:\Arquivos de programas\EasyPHP1-8\www\ib\admin\ferramentas\hmenu\I-skin-system.css.images --> ftp.ibmmkt.com.br /public_html/admin/ferramentas/hmenu I-skin-system.css.images
2008.04.21 15:55 B C:\Arquivos de programas\EasyPHP1-8\www\ib\admin\ferramentas\hmenu\I-skin-shaped.css.images --> ftp.ibmmkt.com.br /public_html/admin/ferramentas/hmenu I-skin-shaped.css.images
2008.04.21 15:55 B C:\Arquivos de programas\EasyPHP1-8\www\ib\admin\ferramentas\hmenu\I-skin-sample.css.images --> ftp.ibmmkt.com.br /public_html/admin/ferramentas/hmenu I-skin-sample.css.images
2008.04.21 15:55 B C:\Arquivos de programas\EasyPHP1-8\www\ib\admin\ferramentas\hmenu\I-skin-rain.css.images --> ftp.ibmmkt.com.br /public_html/admin/ferramentas/hmenu I-skin-rain.css.images
2008.04.21 15:55 B C:\Arquivos de programas\EasyPHP1-8\www\ib\admin\ferramentas\hmenu\I-skin-modern.css.images --> ftp.ibmmkt.com.br /public_html/admin/ferramentas/hmenu I-skin-modern.css.images
2008.04.21 15:55 B C:\Arquivos de programas\EasyPHP1-8\www\ib\admin\ferramentas\hmenu\I-skin-longhorn.css.images --> ftp.ibmmkt.com.br /public_html/admin/ferramentas/hmenu I-skin-longhorn.css.images
2008.04.21 15:55 B C:\Arquivos de programas\EasyPHP1-8\www\ib\admin\ferramentas\hmenu\I-skin-hmenu-dark.css.images --> ftp.ibmmkt.com.br /public_html/admin/ferramentas/hmenu I-skin-hmenu-dark.css.images
2008.04.21 15:55 B C:\Arquivos de programas\EasyPHP1-8\www\ib\admin\ferramentas\hmenu\I-skin-beos.css.images --> ftp.ibmmkt.com.br /public_html/admin/ferramentas/hmenu I-skin-beos.css.images
2008.04.21 15:55 B C:\Arquivos de programas\EasyPHP1-8\www\ib\admin\ferramentas\hmenu\I-skin-aqua.css.images --> ftp.ibmmkt.com.br /public_html/admin/ferramentas/hmenu I-skin-aqua.css.images
2008.04.21 15:55 B C:\Arquivos de programas\EasyPHP1-8\www\ib\admin\ferramentas\hmenu\hmenu.css --> ftp.ibmmkt.com.br /public_html/admin/ferramentas/hmenu hmenu.css
2008.04.21 15:55 B C:\Arquivos de programas\EasyPHP1-8\www\ib\admin\ferramentas\hmenu\hmenu-extended.css --> ftp.ibmmkt.com.br /public_html/admin/ferramentas/hmenu hmenu-extended.css
2008.04.21 15:55 B C:\Arquivos de programas\EasyPHP1-8\www\ib\admin\ferramentas\hmenu\hmenu-3d.css --> ftp.ibmmkt.com.br /public_html/admin/ferramentas/hmenu hmenu-3d.css
2008.05.07 15:35 B C:\Arquivos de programas\EasyPHP1-8\www\anglo\admin\ferramentas\hmenu\WS_FTP.LOG --> 200.234.200.137 /public_html/admin/ferramentas/hmenu WS_FTP.LOG
2008.05.07 15:35 B C:\Arquivos de programas\EasyPHP1-8\www\anglo\admin\ferramentas\hmenu\hmenu.js --> 200.234.200.137 /public_html/admin/ferramentas/hmenu hmenu.js
2008.05.07 15:35 B C:\Arquivos de programas\EasyPHP1-8\www\anglo\admin\ferramentas\hmenu\skin-yp.css --> 200.234.200.137 /public_html/admin/ferramentas/hmenu skin-yp.css
2008.05.07 15:35 B C:\Arquivos de programas\EasyPHP1-8\www\anglo\admin\ferramentas\hmenu\skin-yellow.css --> 200.234.200.137 /public_html/admin/ferramentas/hmenu skin-yellow.css
2008.05.07 15:35 B C:\Arquivos de programas\EasyPHP1-8\www\anglo\admin\ferramentas\hmenu\skin-xp.css --> 200.234.200.137 /public_html/admin/ferramentas/hmenu skin-xp.css
2008.05.07 15:35 B C:\Arquivos de programas\EasyPHP1-8\www\anglo\admin\ferramentas\hmenu\skin-xp-extended.css --> 200.234.200.137 /public_html/admin/ferramentas/hmenu skin-xp-extended.css
2008.05.07 15:35 B C:\Arquivos de programas\EasyPHP1-8\www\anglo\admin\ferramentas\hmenu\skin-xp-apps2.css --> 200.234.200.137 /public_html/admin/ferramentas/hmenu skin-xp-apps2.css
2008.05.07 15:35 B C:\Arquivos de programas\EasyPHP1-8\www\anglo\admin\ferramentas\hmenu\skin-xp-apps.css --> 200.234.200.137 /public_html/admin/ferramentas/hmenu skin-xp-apps.css
2008.05.07 15:35 B C:\Arquivos de programas\EasyPHP1-8\www\anglo\admin\ferramentas\hmenu\skin-win98.css --> 200.234.200.137 /public_html/admin/ferramentas/hmenu skin-win98.css
2008.05.07 15:35 B C:\Arquivos de programas\EasyPHP1-8\www\anglo\admin\ferramentas\hmenu\skin-win2k.css --> 200.234.200.137 /public_html/admin/ferramentas/hmenu skin-win2k.css
2008.05.07 15:35 B C:\Arquivos de programas\EasyPHP1-8\www\anglo\admin\ferramentas\hmenu\skin-system.css --> 200.234.200.137 /public_html/admin/ferramentas/hmenu skin-system.css
2008.05.07 15:35 B C:\Arquivos de programas\EasyPHP1-8\www\anglo\admin\ferramentas\hmenu\skin-shaped.css --> 200.234.200.137 /public_html/admin/ferramentas/hmenu skin-shaped.css
2008.05.07 15:36 B C:\Arquivos de programas\EasyPHP1-8\www\anglo\admin\ferramentas\hmenu\skin-sample.css --> 200.234.200.137 /public_html/admin/ferramentas/hmenu skin-sample.css
2008.05.07 15:36 B C:\Arquivos de programas\EasyPHP1-8\www\anglo\admin\ferramentas\hmenu\skin-rain.css --> 200.234.200.137 /public_html/admin/ferramentas/hmenu skin-rain.css
2008.05.07 15:36 B C:\Arquivos de programas\EasyPHP1-8\www\anglo\admin\ferramentas\hmenu\skin-modern.css --> 200.234.200.137 /public_html/admin/ferramentas/hmenu skin-modern.css
2008.05.07 15:36 B C:\Arquivos de programas\EasyPHP1-8\www\anglo\admin\ferramentas\hmenu\skin-minha.css --> 200.234.200.137 /public_html/admin/ferramentas/hmenu skin-minha.css
2008.05.07 15:36 B C:\Arquivos de programas\EasyPHP1-8\www\anglo\admin\ferramentas\hmenu\skin-longhorn.css --> 200.234.200.137 /public_html/admin/ferramentas/hmenu skin-longhorn.css
2008.05.07 15:36 B C:\Arquivos de programas\EasyPHP1-8\www\anglo\admin\ferramentas\hmenu\skin-hmenu-dark.css --> 200.234.200.137 /public_html/admin/ferramentas/hmenu skin-hmenu-dark.css
2008.05.07 15:36 B C:\Arquivos de programas\EasyPHP1-8\www\anglo\admin\ferramentas\hmenu\skin-beos.css --> 200.234.200.137 /public_html/admin/ferramentas/hmenu skin-beos.css
2008.05.07 15:36 B C:\Arquivos de programas\EasyPHP1-8\www\anglo\admin\ferramentas\hmenu\skin-aqua.css --> 200.234.200.137 /public_html/admin/ferramentas/hmenu skin-aqua.css
2008.05.07 15:36 B C:\Arquivos de programas\EasyPHP1-8\www\anglo\admin\ferramentas\hmenu\PieNG.js --> 200.234.200.137 /public_html/admin/ferramentas/hmenu PieNG.js
2008.05.07 15:36 B C:\Arquivos de programas\EasyPHP1-8\www\anglo\admin\ferramentas\hmenu\pi-fonts.css --> 200.234.200.137 /public_html/admin/ferramentas/hmenu pi-fonts.css
2008.05.07 15:36 B C:\Arquivos de programas\EasyPHP1-8\www\anglo\admin\ferramentas\hmenu\index.html --> 200.234.200.137 /public_html/admin/ferramentas/hmenu index.html
2008.05.07 15:36 B C:\Arquivos de programas\EasyPHP1-8\www\anglo\admin\ferramentas\hmenu\I-skin-yp.css.images --> 200.234.200.137 /public_html/admin/ferramentas/hmenu I-skin-yp.css.images
2008.05.07 15:36 B C:\Arquivos de programas\EasyPHP1-8\www\anglo\admin\ferramentas\hmenu\I-skin-yellow.css.images --> 200.234.200.137 /public_html/admin/ferramentas/hmenu I-skin-yellow.css.images
2008.05.07 15:36 B C:\Arquivos de programas\EasyPHP1-8\www\anglo\admin\ferramentas\hmenu\I-skin-xp.css.images --> 200.234.200.137 /public_html/admin/ferramentas/hmenu I-skin-xp.css.images
2008.05.07 15:36 B C:\Arquivos de programas\EasyPHP1-8\www\anglo\admin\ferramentas\hmenu\I-skin-xp-extended.css.images --> 200.234.200.137 /public_html/admin/ferramentas/hmenu I-skin-xp-extended.css.images
2008.05.07 15:36 B C:\Arquivos de programas\EasyPHP1-8\www\anglo\admin\ferramentas\hmenu\I-skin-xp-apps2.css.images --> 200.234.200.137 /public_html/admin/ferramentas/hmenu I-skin-xp-apps2.css.images
2008.05.07 15:36 B C:\Arquivos de programas\EasyPHP1-8\www\anglo\admin\ferramentas\hmenu\I-skin-xp-apps.css.images --> 200.234.200.137 /public_html/admin/ferramentas/hmenu I-skin-xp-apps.css.images
2008.05.07 15:36 B C:\Arquivos de programas\EasyPHP1-8\www\anglo\admin\ferramentas\hmenu\I-skin-win98.css.images --> 200.234.200.137 /public_html/admin/ferramentas/hmenu I-skin-win98.css.images
2008.05.07 15:36 B C:\Arquivos de programas\EasyPHP1-8\www\anglo\admin\ferramentas\hmenu\I-skin-win2k.css.images --> 200.234.200.137 /public_html/admin/ferramentas/hmenu I-skin-win2k.css.images
2008.05.07 15:36 B C:\Arquivos de programas\EasyPHP1-8\www\anglo\admin\ferramentas\hmenu\I-skin-system.css.images --> 200.234.200.137 /public_html/admin/ferramentas/hmenu I-skin-system.css.images
2008.05.07 15:36 B C:\Arquivos de programas\EasyPHP1-8\www\anglo\admin\ferramentas\hmenu\I-skin-shaped.css.images --> 200.234.200.137 /public_html/admin/ferramentas/hmenu I-skin-shaped.css.images
2008.05.07 15:36 B C:\Arquivos de programas\EasyPHP1-8\www\anglo\admin\ferramentas\hmenu\I-skin-sample.css.images --> 200.234.200.137 /public_html/admin/ferramentas/hmenu I-skin-sample.css.images
2008.05.07 15:36 B C:\Arquivos de programas\EasyPHP1-8\www\anglo\admin\ferramentas\hmenu\I-skin-rain.css.images --> 200.234.200.137 /public_html/admin/ferramentas/hmenu I-skin-rain.css.images
2008.05.07 15:36 B C:\Arquivos de programas\EasyPHP1-8\www\anglo\admin\ferramentas\hmenu\I-skin-modern.css.images --> 200.234.200.137 /public_html/admin/ferramentas/hmenu I-skin-modern.css.images
2008.05.07 15:36 B C:\Arquivos de programas\EasyPHP1-8\www\anglo\admin\ferramentas\hmenu\I-skin-longhorn.css.images --> 200.234.200.137 /public_html/admin/ferramentas/hmenu I-skin-longhorn.css.images
2008.05.07 15:36 B C:\Arquivos de programas\EasyPHP1-8\www\anglo\admin\ferramentas\hmenu\I-skin-hmenu-dark.css.images --> 200.234.200.137 /public_html/admin/ferramentas/hmenu I-skin-hmenu-dark.css.images
2008.05.07 15:36 B C:\Arquivos de programas\EasyPHP1-8\www\anglo\admin\ferramentas\hmenu\I-skin-beos.css.images --> 200.234.200.137 /public_html/admin/ferramentas/hmenu I-skin-beos.css.images
2008.05.07 15:36 B C:\Arquivos de programas\EasyPHP1-8\www\anglo\admin\ferramentas\hmenu\I-skin-aqua.css.images --> 200.234.200.137 /public_html/admin/ferramentas/hmenu I-skin-aqua.css.images
2008.05.07 15:36 B C:\Arquivos de programas\EasyPHP1-8\www\anglo\admin\ferramentas\hmenu\hmenu.css --> 200.234.200.137 /public_html/admin/ferramentas/hmenu hmenu.css
2008.05.07 15:36 B C:\Arquivos de programas\EasyPHP1-8\www\anglo\admin\ferramentas\hmenu\hmenu-extended.css --> 200.234.200.137 /public_html/admin/ferramentas/hmenu hmenu-extended.css
2008.05.07 15:36 B C:\Arquivos de programas\EasyPHP1-8\www\anglo\admin\ferramentas\hmenu\hmenu-3d.css --> 200.234.200.137 /public_html/admin/ferramentas/hmenu hmenu-3d.css
