2007.03.05 10:26 B C:\Arquivos de programas\EasyPHP1-8\www\conteudo_radiofonico\admin\ferramentas\hmenu\img\shaped\popup-trbl.png --> ftp.conteudoradiofonico.com.br /public_html/v2/admin/ferramentas/hmenu/img/shaped popup-trbl.png
2007.03.05 10:26 B C:\Arquivos de programas\EasyPHP1-8\www\conteudo_radiofonico\admin\ferramentas\hmenu\img\shaped\popup-tr.png --> ftp.conteudoradiofonico.com.br /public_html/v2/admin/ferramentas/hmenu/img/shaped popup-tr.png
2007.03.05 10:26 B C:\Arquivos de programas\EasyPHP1-8\www\conteudo_radiofonico\admin\ferramentas\hmenu\img\shaped\popup-tl.png --> ftp.conteudoradiofonico.com.br /public_html/v2/admin/ferramentas/hmenu/img/shaped popup-tl.png
2007.03.05 10:26 B C:\Arquivos de programas\EasyPHP1-8\www\conteudo_radiofonico\admin\ferramentas\hmenu\img\shaped\popup-br.png --> ftp.conteudoradiofonico.com.br /public_html/v2/admin/ferramentas/hmenu/img/shaped popup-br.png
2007.03.05 10:26 B C:\Arquivos de programas\EasyPHP1-8\www\conteudo_radiofonico\admin\ferramentas\hmenu\img\shaped\popup-bl.png --> ftp.conteudoradiofonico.com.br /public_html/v2/admin/ferramentas/hmenu/img/shaped popup-bl.png
2007.05.03 13:50 B C:\Arquivos de programas\EasyPHP1-8\www\atual_v2\admin\ferramentas\hmenu\img\shaped\WS_FTP.LOG --> ftp.radioatual.com.br /public_html/admin/ferramentas/hmenu/img/shaped WS_FTP.LOG
2007.05.03 13:50 B C:\Arquivos de programas\EasyPHP1-8\www\atual_v2\admin\ferramentas\hmenu\img\shaped\popup-trbl.png --> ftp.radioatual.com.br /public_html/admin/ferramentas/hmenu/img/shaped popup-trbl.png
2007.05.03 13:50 B C:\Arquivos de programas\EasyPHP1-8\www\atual_v2\admin\ferramentas\hmenu\img\shaped\popup-tr.png --> ftp.radioatual.com.br /public_html/admin/ferramentas/hmenu/img/shaped popup-tr.png
2007.05.03 13:50 B C:\Arquivos de programas\EasyPHP1-8\www\atual_v2\admin\ferramentas\hmenu\img\shaped\popup-tl.png --> ftp.radioatual.com.br /public_html/admin/ferramentas/hmenu/img/shaped popup-tl.png
2007.05.03 13:50 B C:\Arquivos de programas\EasyPHP1-8\www\atual_v2\admin\ferramentas\hmenu\img\shaped\popup-br.png --> ftp.radioatual.com.br /public_html/admin/ferramentas/hmenu/img/shaped popup-br.png
2007.05.03 13:50 B C:\Arquivos de programas\EasyPHP1-8\www\atual_v2\admin\ferramentas\hmenu\img\shaped\popup-bl.png --> ftp.radioatual.com.br /public_html/admin/ferramentas/hmenu/img/shaped popup-bl.png
2007.08.02 09:38 B C:\Arquivos de programas\EasyPHP1-8\www\ratinho_novo\admin\ferramentas\hmenu\img\shaped\WS_FTP.LOG --> ftp.ratinho.com.br /public_html/teste/admin/ferramentas/hmenu/img/shaped WS_FTP.LOG
2007.08.02 09:38 B C:\Arquivos de programas\EasyPHP1-8\www\ratinho_novo\admin\ferramentas\hmenu\img\shaped\popup-trbl.png --> ftp.ratinho.com.br /public_html/teste/admin/ferramentas/hmenu/img/shaped popup-trbl.png
2007.08.02 09:38 B C:\Arquivos de programas\EasyPHP1-8\www\ratinho_novo\admin\ferramentas\hmenu\img\shaped\popup-tr.png --> ftp.ratinho.com.br /public_html/teste/admin/ferramentas/hmenu/img/shaped popup-tr.png
2007.08.02 09:38 B C:\Arquivos de programas\EasyPHP1-8\www\ratinho_novo\admin\ferramentas\hmenu\img\shaped\popup-tl.png --> ftp.ratinho.com.br /public_html/teste/admin/ferramentas/hmenu/img/shaped popup-tl.png
2007.08.02 09:38 B C:\Arquivos de programas\EasyPHP1-8\www\ratinho_novo\admin\ferramentas\hmenu\img\shaped\popup-br.png --> ftp.ratinho.com.br /public_html/teste/admin/ferramentas/hmenu/img/shaped popup-br.png
2007.08.02 09:38 B C:\Arquivos de programas\EasyPHP1-8\www\ratinho_novo\admin\ferramentas\hmenu\img\shaped\popup-bl.png --> ftp.ratinho.com.br /public_html/teste/admin/ferramentas/hmenu/img/shaped popup-bl.png
2007.08.10 11:34 B C:\Arquivos de programas\EasyPHP1-8\www\ratinho_novo\admin\ferramentas\hmenu\img\shaped\WS_FTP.LOG --> ftp508.locaweb.com.br /public_html/admin/ferramentas/hmenu/img/shaped WS_FTP.LOG
2007.08.10 11:34 B C:\Arquivos de programas\EasyPHP1-8\www\ratinho_novo\admin\ferramentas\hmenu\img\shaped\popup-trbl.png --> ftp508.locaweb.com.br /public_html/admin/ferramentas/hmenu/img/shaped popup-trbl.png
2007.08.10 11:34 B C:\Arquivos de programas\EasyPHP1-8\www\ratinho_novo\admin\ferramentas\hmenu\img\shaped\popup-tr.png --> ftp508.locaweb.com.br /public_html/admin/ferramentas/hmenu/img/shaped popup-tr.png
2007.08.10 11:34 B C:\Arquivos de programas\EasyPHP1-8\www\ratinho_novo\admin\ferramentas\hmenu\img\shaped\popup-tl.png --> ftp508.locaweb.com.br /public_html/admin/ferramentas/hmenu/img/shaped popup-tl.png
2007.08.10 11:34 B C:\Arquivos de programas\EasyPHP1-8\www\ratinho_novo\admin\ferramentas\hmenu\img\shaped\popup-br.png --> ftp508.locaweb.com.br /public_html/admin/ferramentas/hmenu/img/shaped popup-br.png
2007.08.10 11:34 B C:\Arquivos de programas\EasyPHP1-8\www\ratinho_novo\admin\ferramentas\hmenu\img\shaped\popup-bl.png --> ftp508.locaweb.com.br /public_html/admin/ferramentas/hmenu/img/shaped popup-bl.png
2008.01.30 17:35 B C:\Arquivos de programas\EasyPHP1-8\www\b\ferramentas\hmenu\img\shaped\popup-bl.png --> ftp.codigo8.com.br /public_html/bob/ferramentas/hmenu/img/shaped popup-bl.png
2008.01.30 17:35 B C:\Arquivos de programas\EasyPHP1-8\www\b\ferramentas\hmenu\img\shaped\popup-br.png --> ftp.codigo8.com.br /public_html/bob/ferramentas/hmenu/img/shaped popup-br.png
2008.01.30 17:35 B C:\Arquivos de programas\EasyPHP1-8\www\b\ferramentas\hmenu\img\shaped\popup-tl.png --> ftp.codigo8.com.br /public_html/bob/ferramentas/hmenu/img/shaped popup-tl.png
2008.01.30 17:35 B C:\Arquivos de programas\EasyPHP1-8\www\b\ferramentas\hmenu\img\shaped\popup-tr.png --> ftp.codigo8.com.br /public_html/bob/ferramentas/hmenu/img/shaped popup-tr.png
2008.01.30 17:35 B C:\Arquivos de programas\EasyPHP1-8\www\b\ferramentas\hmenu\img\shaped\popup-trbl.png --> ftp.codigo8.com.br /public_html/bob/ferramentas/hmenu/img/shaped popup-trbl.png
2008.02.02 09:19 B C:\Arquivos de programas\EasyPHP1-8\www\bob\ferramentas\hmenu\img\shaped\WS_FTP.LOG <-- codigo8_bob /public_html/bob/ferramentas/hmenu/img/shaped WS_FTP.LOG
2008.02.02 09:19 B C:\Arquivos de programas\EasyPHP1-8\www\bob\ferramentas\hmenu\img\shaped\popup-trbl.png <-- codigo8_bob /public_html/bob/ferramentas/hmenu/img/shaped popup-trbl.png
2008.02.02 09:19 B C:\Arquivos de programas\EasyPHP1-8\www\bob\ferramentas\hmenu\img\shaped\popup-tr.png <-- codigo8_bob /public_html/bob/ferramentas/hmenu/img/shaped popup-tr.png
2008.02.02 09:19 B C:\Arquivos de programas\EasyPHP1-8\www\bob\ferramentas\hmenu\img\shaped\popup-tl.png <-- codigo8_bob /public_html/bob/ferramentas/hmenu/img/shaped popup-tl.png
2008.02.02 09:19 B C:\Arquivos de programas\EasyPHP1-8\www\bob\ferramentas\hmenu\img\shaped\popup-br.png <-- codigo8_bob /public_html/bob/ferramentas/hmenu/img/shaped popup-br.png
2008.02.02 09:19 B C:\Arquivos de programas\EasyPHP1-8\www\bob\ferramentas\hmenu\img\shaped\popup-bl.png <-- codigo8_bob /public_html/bob/ferramentas/hmenu/img/shaped popup-bl.png
2008.02.02 16:44 B C:\Arquivos de programas\EasyPHP1-8\www\bob\adm\ferramentas\hmenu\img\shaped\WS_FTP.LOG --> ftp.codigo8.com.br /public_html/bob/adm/ferramentas/hmenu/img/shaped WS_FTP.LOG
2008.02.02 16:44 B C:\Arquivos de programas\EasyPHP1-8\www\bob\adm\ferramentas\hmenu\img\shaped\popup-trbl.png --> ftp.codigo8.com.br /public_html/bob/adm/ferramentas/hmenu/img/shaped popup-trbl.png
2008.02.02 16:44 B C:\Arquivos de programas\EasyPHP1-8\www\bob\adm\ferramentas\hmenu\img\shaped\popup-tr.png --> ftp.codigo8.com.br /public_html/bob/adm/ferramentas/hmenu/img/shaped popup-tr.png
2008.02.02 16:44 B C:\Arquivos de programas\EasyPHP1-8\www\bob\adm\ferramentas\hmenu\img\shaped\popup-tl.png --> ftp.codigo8.com.br /public_html/bob/adm/ferramentas/hmenu/img/shaped popup-tl.png
2008.02.02 16:44 B C:\Arquivos de programas\EasyPHP1-8\www\bob\adm\ferramentas\hmenu\img\shaped\popup-br.png --> ftp.codigo8.com.br /public_html/bob/adm/ferramentas/hmenu/img/shaped popup-br.png
2008.02.02 16:44 B C:\Arquivos de programas\EasyPHP1-8\www\bob\adm\ferramentas\hmenu\img\shaped\popup-bl.png --> ftp.codigo8.com.br /public_html/bob/adm/ferramentas/hmenu/img/shaped popup-bl.png
2008.02.08 23:59 B C:\Arquivos de programas\EasyPHP1-8\www\bob\adm\ferramentas\hmenu\img\shaped\WS_FTP.LOG --> ftp.convencaobobstore.com.br /public_html/inverno2008/adm/ferramentas/hmenu/img/shaped WS_FTP.LOG
2008.02.08 23:59 B C:\Arquivos de programas\EasyPHP1-8\www\bob\adm\ferramentas\hmenu\img\shaped\popup-trbl.png --> ftp.convencaobobstore.com.br /public_html/inverno2008/adm/ferramentas/hmenu/img/shaped popup-trbl.png
2008.02.08 23:59 B C:\Arquivos de programas\EasyPHP1-8\www\bob\adm\ferramentas\hmenu\img\shaped\popup-tr.png --> ftp.convencaobobstore.com.br /public_html/inverno2008/adm/ferramentas/hmenu/img/shaped popup-tr.png
2008.02.08 23:59 B C:\Arquivos de programas\EasyPHP1-8\www\bob\adm\ferramentas\hmenu\img\shaped\popup-tl.png --> ftp.convencaobobstore.com.br /public_html/inverno2008/adm/ferramentas/hmenu/img/shaped popup-tl.png
2008.02.08 23:59 B C:\Arquivos de programas\EasyPHP1-8\www\bob\adm\ferramentas\hmenu\img\shaped\popup-br.png --> ftp.convencaobobstore.com.br /public_html/inverno2008/adm/ferramentas/hmenu/img/shaped popup-br.png
2008.02.08 23:59 B C:\Arquivos de programas\EasyPHP1-8\www\bob\adm\ferramentas\hmenu\img\shaped\popup-bl.png --> ftp.convencaobobstore.com.br /public_html/inverno2008/adm/ferramentas/hmenu/img/shaped popup-bl.png
2008.04.21 15:55 B C:\Arquivos de programas\EasyPHP1-8\www\ib\admin\ferramentas\hmenu\img\shaped\WS_FTP.LOG --> ftp.ibmmkt.com.br /public_html/admin/ferramentas/hmenu/img/shaped WS_FTP.LOG
2008.04.21 15:55 B C:\Arquivos de programas\EasyPHP1-8\www\ib\admin\ferramentas\hmenu\img\shaped\popup-trbl.png --> ftp.ibmmkt.com.br /public_html/admin/ferramentas/hmenu/img/shaped popup-trbl.png
2008.04.21 15:55 B C:\Arquivos de programas\EasyPHP1-8\www\ib\admin\ferramentas\hmenu\img\shaped\popup-tr.png --> ftp.ibmmkt.com.br /public_html/admin/ferramentas/hmenu/img/shaped popup-tr.png
2008.04.21 15:55 B C:\Arquivos de programas\EasyPHP1-8\www\ib\admin\ferramentas\hmenu\img\shaped\popup-tl.png --> ftp.ibmmkt.com.br /public_html/admin/ferramentas/hmenu/img/shaped popup-tl.png
2008.04.21 15:55 B C:\Arquivos de programas\EasyPHP1-8\www\ib\admin\ferramentas\hmenu\img\shaped\popup-br.png --> ftp.ibmmkt.com.br /public_html/admin/ferramentas/hmenu/img/shaped popup-br.png
2008.04.21 15:55 B C:\Arquivos de programas\EasyPHP1-8\www\ib\admin\ferramentas\hmenu\img\shaped\popup-bl.png --> ftp.ibmmkt.com.br /public_html/admin/ferramentas/hmenu/img/shaped popup-bl.png
2008.05.07 15:34 B C:\Arquivos de programas\EasyPHP1-8\www\anglo\admin\ferramentas\hmenu\img\shaped\WS_FTP.LOG --> 200.234.200.137 /public_html/admin/ferramentas/hmenu/img/shaped WS_FTP.LOG
2008.05.07 15:34 B C:\Arquivos de programas\EasyPHP1-8\www\anglo\admin\ferramentas\hmenu\img\shaped\popup-trbl.png --> 200.234.200.137 /public_html/admin/ferramentas/hmenu/img/shaped popup-trbl.png
2008.05.07 15:34 B C:\Arquivos de programas\EasyPHP1-8\www\anglo\admin\ferramentas\hmenu\img\shaped\popup-tr.png --> 200.234.200.137 /public_html/admin/ferramentas/hmenu/img/shaped popup-tr.png
2008.05.07 15:34 B C:\Arquivos de programas\EasyPHP1-8\www\anglo\admin\ferramentas\hmenu\img\shaped\popup-tl.png --> 200.234.200.137 /public_html/admin/ferramentas/hmenu/img/shaped popup-tl.png
2008.05.07 15:34 B C:\Arquivos de programas\EasyPHP1-8\www\anglo\admin\ferramentas\hmenu\img\shaped\popup-br.png --> 200.234.200.137 /public_html/admin/ferramentas/hmenu/img/shaped popup-br.png
2008.05.07 15:34 B C:\Arquivos de programas\EasyPHP1-8\www\anglo\admin\ferramentas\hmenu\img\shaped\popup-bl.png --> 200.234.200.137 /public_html/admin/ferramentas/hmenu/img/shaped popup-bl.png
