2007.03.05 10:28 B C:\Arquivos de programas\EasyPHP1-8\www\conteudo_radiofonico\admin\imagens\icones\Thumbs.db --> ftp.conteudoradiofonico.com.br /public_html/v2/admin/imagens/icones Thumbs.db
2007.03.05 10:28 B C:\Arquivos de programas\EasyPHP1-8\www\conteudo_radiofonico\admin\imagens\icones\bt_mn_destacar.png --> ftp.conteudoradiofonico.com.br /public_html/v2/admin/imagens/icones bt_mn_destacar.png
2007.03.05 10:28 B C:\Arquivos de programas\EasyPHP1-8\www\conteudo_radiofonico\admin\imagens\icones\bt_mn_estoque_in.png --> ftp.conteudoradiofonico.com.br /public_html/v2/admin/imagens/icones bt_mn_estoque_in.png
2007.03.05 10:28 B C:\Arquivos de programas\EasyPHP1-8\www\conteudo_radiofonico\admin\imagens\icones\bt_mn_detalhar_estoque.png --> ftp.conteudoradiofonico.com.br /public_html/v2/admin/imagens/icones bt_mn_detalhar_estoque.png
2007.03.05 10:28 B C:\Arquivos de programas\EasyPHP1-8\www\conteudo_radiofonico\admin\imagens\icones\bt_mn_contar_estoque.png --> ftp.conteudoradiofonico.com.br /public_html/v2/admin/imagens/icones bt_mn_contar_estoque.png
2007.03.05 10:28 B C:\Arquivos de programas\EasyPHP1-8\www\conteudo_radiofonico\admin\imagens\icones\bt_mn_nova_marca.png --> ftp.conteudoradiofonico.com.br /public_html/v2/admin/imagens/icones bt_mn_nova_marca.png
2007.03.05 10:28 B C:\Arquivos de programas\EasyPHP1-8\www\conteudo_radiofonico\admin\imagens\icones\bt_mn_marcas.png --> ftp.conteudoradiofonico.com.br /public_html/v2/admin/imagens/icones bt_mn_marcas.png
2007.03.05 10:28 B C:\Arquivos de programas\EasyPHP1-8\www\conteudo_radiofonico\admin\imagens\icones\bt_mn_listar.png --> ftp.conteudoradiofonico.com.br /public_html/v2/admin/imagens/icones bt_mn_listar.png
2007.03.05 10:28 B C:\Arquivos de programas\EasyPHP1-8\www\conteudo_radiofonico\admin\imagens\icones\bt_mn_nova_unidade.png --> ftp.conteudoradiofonico.com.br /public_html/v2/admin/imagens/icones bt_mn_nova_unidade.png
2007.03.05 10:28 B C:\Arquivos de programas\EasyPHP1-8\www\conteudo_radiofonico\admin\imagens\icones\bt_mn_unidades.png --> ftp.conteudoradiofonico.com.br /public_html/v2/admin/imagens/icones bt_mn_unidades.png
2007.03.05 10:28 B C:\Arquivos de programas\EasyPHP1-8\www\conteudo_radiofonico\admin\imagens\icones\bt_mn_novo_produto.png --> ftp.conteudoradiofonico.com.br /public_html/v2/admin/imagens/icones bt_mn_novo_produto.png
2007.03.05 10:28 B C:\Arquivos de programas\EasyPHP1-8\www\conteudo_radiofonico\admin\imagens\icones\bt_mn_listar_produtos.png --> ftp.conteudoradiofonico.com.br /public_html/v2/admin/imagens/icones bt_mn_listar_produtos.png
2007.03.05 10:28 B C:\Arquivos de programas\EasyPHP1-8\www\conteudo_radiofonico\admin\imagens\icones\bt_mn_emitir_nota.png --> ftp.conteudoradiofonico.com.br /public_html/v2/admin/imagens/icones bt_mn_emitir_nota.png
2007.03.05 10:28 B C:\Arquivos de programas\EasyPHP1-8\www\conteudo_radiofonico\admin\imagens\icones\bt_mn_listar_notas.png --> ftp.conteudoradiofonico.com.br /public_html/v2/admin/imagens/icones bt_mn_listar_notas.png
2007.03.05 10:28 B C:\Arquivos de programas\EasyPHP1-8\www\conteudo_radiofonico\admin\imagens\icones\bt_mn_estoque_out.png --> ftp.conteudoradiofonico.com.br /public_html/v2/admin/imagens/icones bt_mn_estoque_out.png
2007.03.05 10:28 B C:\Arquivos de programas\EasyPHP1-8\www\conteudo_radiofonico\admin\imagens\icones\bt_mn_usuarios.png --> ftp.conteudoradiofonico.com.br /public_html/v2/admin/imagens/icones bt_mn_usuarios.png
2007.03.05 10:28 B C:\Arquivos de programas\EasyPHP1-8\www\conteudo_radiofonico\admin\imagens\icones\bt_mn_senha.png --> ftp.conteudoradiofonico.com.br /public_html/v2/admin/imagens/icones bt_mn_senha.png
2007.03.05 10:28 B C:\Arquivos de programas\EasyPHP1-8\www\conteudo_radiofonico\admin\imagens\icones\bt_mn_novo_usuario.png --> ftp.conteudoradiofonico.com.br /public_html/v2/admin/imagens/icones bt_mn_novo_usuario.png
2007.03.05 10:28 B C:\Arquivos de programas\EasyPHP1-8\www\conteudo_radiofonico\admin\imagens\icones\bt_mn_novo_contato.png --> ftp.conteudoradiofonico.com.br /public_html/v2/admin/imagens/icones bt_mn_novo_contato.png
2007.03.05 10:28 B C:\Arquivos de programas\EasyPHP1-8\www\conteudo_radiofonico\admin\imagens\icones\bt_mn_lixeira.png --> ftp.conteudoradiofonico.com.br /public_html/v2/admin/imagens/icones bt_mn_lixeira.png
2007.03.05 10:28 B C:\Arquivos de programas\EasyPHP1-8\www\conteudo_radiofonico\admin\imagens\icones\bt_mn_fluxo.png --> ftp.conteudoradiofonico.com.br /public_html/v2/admin/imagens/icones bt_mn_fluxo.png
2007.03.05 10:28 B C:\Arquivos de programas\EasyPHP1-8\www\conteudo_radiofonico\admin\imagens\icones\bt_mn_encerrar.png --> ftp.conteudoradiofonico.com.br /public_html/v2/admin/imagens/icones bt_mn_encerrar.png
2007.03.05 10:28 B C:\Arquivos de programas\EasyPHP1-8\www\conteudo_radiofonico\admin\imagens\icones\bt_mn_dados_pessoais.png --> ftp.conteudoradiofonico.com.br /public_html/v2/admin/imagens/icones bt_mn_dados_pessoais.png
2007.03.05 10:28 B C:\Arquivos de programas\EasyPHP1-8\www\conteudo_radiofonico\admin\imagens\icones\bt_mn_contatos_exportar.png --> ftp.conteudoradiofonico.com.br /public_html/v2/admin/imagens/icones bt_mn_contatos_exportar.png
2007.03.05 10:28 B C:\Arquivos de programas\EasyPHP1-8\www\conteudo_radiofonico\admin\imagens\icones\bt_mn_contatos.png --> ftp.conteudoradiofonico.com.br /public_html/v2/admin/imagens/icones bt_mn_contatos.png
2007.03.05 10:28 B C:\Arquivos de programas\EasyPHP1-8\www\conteudo_radiofonico\admin\imagens\icones\bt_mn_contas.png --> ftp.conteudoradiofonico.com.br /public_html/v2/admin/imagens/icones bt_mn_contas.png
2007.03.05 10:28 B C:\Arquivos de programas\EasyPHP1-8\www\conteudo_radiofonico\admin\imagens\icones\bt_mn_balanco.png --> ftp.conteudoradiofonico.com.br /public_html/v2/admin/imagens/icones bt_mn_balanco.png
2007.03.08 11:32 B C:\Arquivos de programas\EasyPHP1-8\www\conteudo_radiofonico\admin\imagens\icones\bt_mn_listar_arquivos.png --> ftp.conteudoradiofonico.com.br /public_html/v2/admin/imagens/icones bt_mn_listar_arquivos.png
2007.03.08 11:32 B C:\Arquivos de programas\EasyPHP1-8\www\conteudo_radiofonico\admin\imagens\icones\bt_mn_inserir_arquivo.png --> ftp.conteudoradiofonico.com.br /public_html/v2/admin/imagens/icones bt_mn_inserir_arquivo.png
2007.05.03 13:52 B C:\Arquivos de programas\EasyPHP1-8\www\atual_v2\admin\imagens\icones\Thumbs.db --> ftp.radioatual.com.br /public_html/admin/imagens/icones Thumbs.db
2007.05.03 13:52 B C:\Arquivos de programas\EasyPHP1-8\www\atual_v2\admin\imagens\icones\WS_FTP.LOG --> ftp.radioatual.com.br /public_html/admin/imagens/icones WS_FTP.LOG
2007.05.03 13:52 B C:\Arquivos de programas\EasyPHP1-8\www\atual_v2\admin\imagens\icones\bt_mn_listar_arquivos.png --> ftp.radioatual.com.br /public_html/admin/imagens/icones bt_mn_listar_arquivos.png
2007.05.03 13:52 B C:\Arquivos de programas\EasyPHP1-8\www\atual_v2\admin\imagens\icones\bt_mn_inserir_arquivo.png --> ftp.radioatual.com.br /public_html/admin/imagens/icones bt_mn_inserir_arquivo.png
2007.05.03 13:52 B C:\Arquivos de programas\EasyPHP1-8\www\atual_v2\admin\imagens\icones\bt_mn_destacar.png --> ftp.radioatual.com.br /public_html/admin/imagens/icones bt_mn_destacar.png
2007.05.03 13:52 B C:\Arquivos de programas\EasyPHP1-8\www\atual_v2\admin\imagens\icones\bt_mn_estoque_in.png --> ftp.radioatual.com.br /public_html/admin/imagens/icones bt_mn_estoque_in.png
2007.05.03 13:52 B C:\Arquivos de programas\EasyPHP1-8\www\atual_v2\admin\imagens\icones\bt_mn_detalhar_estoque.png --> ftp.radioatual.com.br /public_html/admin/imagens/icones bt_mn_detalhar_estoque.png
2007.05.03 13:52 B C:\Arquivos de programas\EasyPHP1-8\www\atual_v2\admin\imagens\icones\bt_mn_contar_estoque.png --> ftp.radioatual.com.br /public_html/admin/imagens/icones bt_mn_contar_estoque.png
2007.05.03 13:52 B C:\Arquivos de programas\EasyPHP1-8\www\atual_v2\admin\imagens\icones\bt_mn_nova_marca.png --> ftp.radioatual.com.br /public_html/admin/imagens/icones bt_mn_nova_marca.png
2007.05.03 13:52 B C:\Arquivos de programas\EasyPHP1-8\www\atual_v2\admin\imagens\icones\bt_mn_marcas.png --> ftp.radioatual.com.br /public_html/admin/imagens/icones bt_mn_marcas.png
2007.05.03 13:52 B C:\Arquivos de programas\EasyPHP1-8\www\atual_v2\admin\imagens\icones\bt_mn_listar.png --> ftp.radioatual.com.br /public_html/admin/imagens/icones bt_mn_listar.png
2007.05.03 13:52 B C:\Arquivos de programas\EasyPHP1-8\www\atual_v2\admin\imagens\icones\bt_mn_nova_unidade.png --> ftp.radioatual.com.br /public_html/admin/imagens/icones bt_mn_nova_unidade.png
2007.05.03 13:52 B C:\Arquivos de programas\EasyPHP1-8\www\atual_v2\admin\imagens\icones\bt_mn_unidades.png --> ftp.radioatual.com.br /public_html/admin/imagens/icones bt_mn_unidades.png
2007.05.03 13:52 B C:\Arquivos de programas\EasyPHP1-8\www\atual_v2\admin\imagens\icones\bt_mn_novo_produto.png --> ftp.radioatual.com.br /public_html/admin/imagens/icones bt_mn_novo_produto.png
2007.05.03 13:52 B C:\Arquivos de programas\EasyPHP1-8\www\atual_v2\admin\imagens\icones\bt_mn_listar_produtos.png --> ftp.radioatual.com.br /public_html/admin/imagens/icones bt_mn_listar_produtos.png
2007.05.03 13:52 B C:\Arquivos de programas\EasyPHP1-8\www\atual_v2\admin\imagens\icones\bt_mn_emitir_nota.png --> ftp.radioatual.com.br /public_html/admin/imagens/icones bt_mn_emitir_nota.png
2007.05.03 13:52 B C:\Arquivos de programas\EasyPHP1-8\www\atual_v2\admin\imagens\icones\bt_mn_listar_notas.png --> ftp.radioatual.com.br /public_html/admin/imagens/icones bt_mn_listar_notas.png
2007.05.03 13:52 B C:\Arquivos de programas\EasyPHP1-8\www\atual_v2\admin\imagens\icones\bt_mn_estoque_out.png --> ftp.radioatual.com.br /public_html/admin/imagens/icones bt_mn_estoque_out.png
2007.05.03 13:52 B C:\Arquivos de programas\EasyPHP1-8\www\atual_v2\admin\imagens\icones\bt_mn_usuarios.png --> ftp.radioatual.com.br /public_html/admin/imagens/icones bt_mn_usuarios.png
2007.05.03 13:52 B C:\Arquivos de programas\EasyPHP1-8\www\atual_v2\admin\imagens\icones\bt_mn_senha.png --> ftp.radioatual.com.br /public_html/admin/imagens/icones bt_mn_senha.png
2007.05.03 13:52 B C:\Arquivos de programas\EasyPHP1-8\www\atual_v2\admin\imagens\icones\bt_mn_novo_usuario.png --> ftp.radioatual.com.br /public_html/admin/imagens/icones bt_mn_novo_usuario.png
2007.05.03 13:52 B C:\Arquivos de programas\EasyPHP1-8\www\atual_v2\admin\imagens\icones\bt_mn_novo_contato.png --> ftp.radioatual.com.br /public_html/admin/imagens/icones bt_mn_novo_contato.png
2007.05.03 13:52 B C:\Arquivos de programas\EasyPHP1-8\www\atual_v2\admin\imagens\icones\bt_mn_lixeira.png --> ftp.radioatual.com.br /public_html/admin/imagens/icones bt_mn_lixeira.png
2007.05.03 13:52 B C:\Arquivos de programas\EasyPHP1-8\www\atual_v2\admin\imagens\icones\bt_mn_fluxo.png --> ftp.radioatual.com.br /public_html/admin/imagens/icones bt_mn_fluxo.png
2007.05.03 13:52 B C:\Arquivos de programas\EasyPHP1-8\www\atual_v2\admin\imagens\icones\bt_mn_encerrar.png --> ftp.radioatual.com.br /public_html/admin/imagens/icones bt_mn_encerrar.png
2007.05.03 13:53 B C:\Arquivos de programas\EasyPHP1-8\www\atual_v2\admin\imagens\icones\bt_mn_dados_pessoais.png --> ftp.radioatual.com.br /public_html/admin/imagens/icones bt_mn_dados_pessoais.png
2007.05.03 13:53 B C:\Arquivos de programas\EasyPHP1-8\www\atual_v2\admin\imagens\icones\bt_mn_contatos_exportar.png --> ftp.radioatual.com.br /public_html/admin/imagens/icones bt_mn_contatos_exportar.png
2007.05.03 13:53 B C:\Arquivos de programas\EasyPHP1-8\www\atual_v2\admin\imagens\icones\bt_mn_contatos.png --> ftp.radioatual.com.br /public_html/admin/imagens/icones bt_mn_contatos.png
2007.05.03 13:53 B C:\Arquivos de programas\EasyPHP1-8\www\atual_v2\admin\imagens\icones\bt_mn_contas.png --> ftp.radioatual.com.br /public_html/admin/imagens/icones bt_mn_contas.png
2007.05.03 13:53 B C:\Arquivos de programas\EasyPHP1-8\www\atual_v2\admin\imagens\icones\bt_mn_balanco.png --> ftp.radioatual.com.br /public_html/admin/imagens/icones bt_mn_balanco.png
2007.08.02 09:33 B C:\Arquivos de programas\EasyPHP1-8\www\ratinho_novo\admin\imagens\icones\Thumbs.db --> ftp.ratinho.com.br /public_html/teste/admin/imagens/icones Thumbs.db
2007.08.02 09:33 B C:\Arquivos de programas\EasyPHP1-8\www\ratinho_novo\admin\imagens\icones\WS_FTP.LOG --> ftp.ratinho.com.br /public_html/teste/admin/imagens/icones WS_FTP.LOG
2007.08.02 09:33 B C:\Arquivos de programas\EasyPHP1-8\www\ratinho_novo\admin\imagens\icones\bt_mn_listar_arquivos.png --> ftp.ratinho.com.br /public_html/teste/admin/imagens/icones bt_mn_listar_arquivos.png
2007.08.02 09:33 B C:\Arquivos de programas\EasyPHP1-8\www\ratinho_novo\admin\imagens\icones\bt_mn_inserir_arquivo.png --> ftp.ratinho.com.br /public_html/teste/admin/imagens/icones bt_mn_inserir_arquivo.png
2007.08.02 09:34 B C:\Arquivos de programas\EasyPHP1-8\www\ratinho_novo\admin\imagens\icones\bt_mn_destacar.png --> ftp.ratinho.com.br /public_html/teste/admin/imagens/icones bt_mn_destacar.png
2007.08.02 09:34 B C:\Arquivos de programas\EasyPHP1-8\www\ratinho_novo\admin\imagens\icones\bt_mn_estoque_in.png --> ftp.ratinho.com.br /public_html/teste/admin/imagens/icones bt_mn_estoque_in.png
2007.08.02 09:34 B C:\Arquivos de programas\EasyPHP1-8\www\ratinho_novo\admin\imagens\icones\bt_mn_detalhar_estoque.png --> ftp.ratinho.com.br /public_html/teste/admin/imagens/icones bt_mn_detalhar_estoque.png
2007.08.02 09:34 B C:\Arquivos de programas\EasyPHP1-8\www\ratinho_novo\admin\imagens\icones\bt_mn_contar_estoque.png --> ftp.ratinho.com.br /public_html/teste/admin/imagens/icones bt_mn_contar_estoque.png
2007.08.02 09:34 B C:\Arquivos de programas\EasyPHP1-8\www\ratinho_novo\admin\imagens\icones\bt_mn_nova_marca.png --> ftp.ratinho.com.br /public_html/teste/admin/imagens/icones bt_mn_nova_marca.png
2007.08.02 09:34 B C:\Arquivos de programas\EasyPHP1-8\www\ratinho_novo\admin\imagens\icones\bt_mn_marcas.png --> ftp.ratinho.com.br /public_html/teste/admin/imagens/icones bt_mn_marcas.png
2007.08.02 09:34 B C:\Arquivos de programas\EasyPHP1-8\www\ratinho_novo\admin\imagens\icones\bt_mn_listar.png --> ftp.ratinho.com.br /public_html/teste/admin/imagens/icones bt_mn_listar.png
2007.08.02 09:34 B C:\Arquivos de programas\EasyPHP1-8\www\ratinho_novo\admin\imagens\icones\bt_mn_nova_unidade.png --> ftp.ratinho.com.br /public_html/teste/admin/imagens/icones bt_mn_nova_unidade.png
2007.08.02 09:34 B C:\Arquivos de programas\EasyPHP1-8\www\ratinho_novo\admin\imagens\icones\bt_mn_unidades.png --> ftp.ratinho.com.br /public_html/teste/admin/imagens/icones bt_mn_unidades.png
2007.08.02 09:34 B C:\Arquivos de programas\EasyPHP1-8\www\ratinho_novo\admin\imagens\icones\bt_mn_novo_produto.png --> ftp.ratinho.com.br /public_html/teste/admin/imagens/icones bt_mn_novo_produto.png
2007.08.02 09:34 B C:\Arquivos de programas\EasyPHP1-8\www\ratinho_novo\admin\imagens\icones\bt_mn_listar_produtos.png --> ftp.ratinho.com.br /public_html/teste/admin/imagens/icones bt_mn_listar_produtos.png
2007.08.02 09:34 B C:\Arquivos de programas\EasyPHP1-8\www\ratinho_novo\admin\imagens\icones\bt_mn_emitir_nota.png --> ftp.ratinho.com.br /public_html/teste/admin/imagens/icones bt_mn_emitir_nota.png
2007.08.02 09:34 B C:\Arquivos de programas\EasyPHP1-8\www\ratinho_novo\admin\imagens\icones\bt_mn_listar_notas.png --> ftp.ratinho.com.br /public_html/teste/admin/imagens/icones bt_mn_listar_notas.png
2007.08.02 09:34 B C:\Arquivos de programas\EasyPHP1-8\www\ratinho_novo\admin\imagens\icones\bt_mn_estoque_out.png --> ftp.ratinho.com.br /public_html/teste/admin/imagens/icones bt_mn_estoque_out.png
2007.08.02 09:34 B C:\Arquivos de programas\EasyPHP1-8\www\ratinho_novo\admin\imagens\icones\bt_mn_usuarios.png --> ftp.ratinho.com.br /public_html/teste/admin/imagens/icones bt_mn_usuarios.png
2007.08.02 09:34 B C:\Arquivos de programas\EasyPHP1-8\www\ratinho_novo\admin\imagens\icones\bt_mn_senha.png --> ftp.ratinho.com.br /public_html/teste/admin/imagens/icones bt_mn_senha.png
2007.08.02 09:34 B C:\Arquivos de programas\EasyPHP1-8\www\ratinho_novo\admin\imagens\icones\bt_mn_novo_usuario.png --> ftp.ratinho.com.br /public_html/teste/admin/imagens/icones bt_mn_novo_usuario.png
2007.08.02 09:34 B C:\Arquivos de programas\EasyPHP1-8\www\ratinho_novo\admin\imagens\icones\bt_mn_novo_contato.png --> ftp.ratinho.com.br /public_html/teste/admin/imagens/icones bt_mn_novo_contato.png
2007.08.02 09:34 B C:\Arquivos de programas\EasyPHP1-8\www\ratinho_novo\admin\imagens\icones\bt_mn_lixeira.png --> ftp.ratinho.com.br /public_html/teste/admin/imagens/icones bt_mn_lixeira.png
2007.08.02 09:34 B C:\Arquivos de programas\EasyPHP1-8\www\ratinho_novo\admin\imagens\icones\bt_mn_fluxo.png --> ftp.ratinho.com.br /public_html/teste/admin/imagens/icones bt_mn_fluxo.png
2007.08.02 09:34 B C:\Arquivos de programas\EasyPHP1-8\www\ratinho_novo\admin\imagens\icones\bt_mn_encerrar.png --> ftp.ratinho.com.br /public_html/teste/admin/imagens/icones bt_mn_encerrar.png
2007.08.02 09:34 B C:\Arquivos de programas\EasyPHP1-8\www\ratinho_novo\admin\imagens\icones\bt_mn_dados_pessoais.png --> ftp.ratinho.com.br /public_html/teste/admin/imagens/icones bt_mn_dados_pessoais.png
2007.08.02 09:34 B C:\Arquivos de programas\EasyPHP1-8\www\ratinho_novo\admin\imagens\icones\bt_mn_contatos_exportar.png --> ftp.ratinho.com.br /public_html/teste/admin/imagens/icones bt_mn_contatos_exportar.png
2007.08.02 09:34 B C:\Arquivos de programas\EasyPHP1-8\www\ratinho_novo\admin\imagens\icones\bt_mn_contatos.png --> ftp.ratinho.com.br /public_html/teste/admin/imagens/icones bt_mn_contatos.png
2007.08.02 09:34 B C:\Arquivos de programas\EasyPHP1-8\www\ratinho_novo\admin\imagens\icones\bt_mn_contas.png --> ftp.ratinho.com.br /public_html/teste/admin/imagens/icones bt_mn_contas.png
2007.08.02 09:34 B C:\Arquivos de programas\EasyPHP1-8\www\ratinho_novo\admin\imagens\icones\bt_mn_balanco.png --> ftp.ratinho.com.br /public_html/teste/admin/imagens/icones bt_mn_balanco.png
2007.08.10 11:35 B C:\Arquivos de programas\EasyPHP1-8\www\ratinho_novo\admin\imagens\icones\WS_FTP.LOG --> ftp508.locaweb.com.br /public_html/admin/imagens/icones WS_FTP.LOG
2007.08.10 11:35 B C:\Arquivos de programas\EasyPHP1-8\www\ratinho_novo\admin\imagens\icones\Thumbs.db --> ftp508.locaweb.com.br /public_html/admin/imagens/icones Thumbs.db
2007.08.10 11:35 B C:\Arquivos de programas\EasyPHP1-8\www\ratinho_novo\admin\imagens\icones\bt_mn_listar_arquivos.png --> ftp508.locaweb.com.br /public_html/admin/imagens/icones bt_mn_listar_arquivos.png
2007.08.10 11:35 B C:\Arquivos de programas\EasyPHP1-8\www\ratinho_novo\admin\imagens\icones\bt_mn_inserir_arquivo.png --> ftp508.locaweb.com.br /public_html/admin/imagens/icones bt_mn_inserir_arquivo.png
2007.08.10 11:35 B C:\Arquivos de programas\EasyPHP1-8\www\ratinho_novo\admin\imagens\icones\bt_mn_destacar.png --> ftp508.locaweb.com.br /public_html/admin/imagens/icones bt_mn_destacar.png
2007.08.10 11:35 B C:\Arquivos de programas\EasyPHP1-8\www\ratinho_novo\admin\imagens\icones\bt_mn_estoque_in.png --> ftp508.locaweb.com.br /public_html/admin/imagens/icones bt_mn_estoque_in.png
2007.08.10 11:35 B C:\Arquivos de programas\EasyPHP1-8\www\ratinho_novo\admin\imagens\icones\bt_mn_detalhar_estoque.png --> ftp508.locaweb.com.br /public_html/admin/imagens/icones bt_mn_detalhar_estoque.png
2007.08.10 11:35 B C:\Arquivos de programas\EasyPHP1-8\www\ratinho_novo\admin\imagens\icones\bt_mn_contar_estoque.png --> ftp508.locaweb.com.br /public_html/admin/imagens/icones bt_mn_contar_estoque.png
2007.08.10 11:35 B C:\Arquivos de programas\EasyPHP1-8\www\ratinho_novo\admin\imagens\icones\bt_mn_nova_marca.png --> ftp508.locaweb.com.br /public_html/admin/imagens/icones bt_mn_nova_marca.png
2007.08.10 11:35 B C:\Arquivos de programas\EasyPHP1-8\www\ratinho_novo\admin\imagens\icones\bt_mn_marcas.png --> ftp508.locaweb.com.br /public_html/admin/imagens/icones bt_mn_marcas.png
2007.08.10 11:35 B C:\Arquivos de programas\EasyPHP1-8\www\ratinho_novo\admin\imagens\icones\bt_mn_listar.png --> ftp508.locaweb.com.br /public_html/admin/imagens/icones bt_mn_listar.png
2007.08.10 11:35 B C:\Arquivos de programas\EasyPHP1-8\www\ratinho_novo\admin\imagens\icones\bt_mn_nova_unidade.png --> ftp508.locaweb.com.br /public_html/admin/imagens/icones bt_mn_nova_unidade.png
2007.08.10 11:35 B C:\Arquivos de programas\EasyPHP1-8\www\ratinho_novo\admin\imagens\icones\bt_mn_unidades.png --> ftp508.locaweb.com.br /public_html/admin/imagens/icones bt_mn_unidades.png
2007.08.10 11:35 B C:\Arquivos de programas\EasyPHP1-8\www\ratinho_novo\admin\imagens\icones\bt_mn_novo_produto.png --> ftp508.locaweb.com.br /public_html/admin/imagens/icones bt_mn_novo_produto.png
2007.08.10 11:35 B C:\Arquivos de programas\EasyPHP1-8\www\ratinho_novo\admin\imagens\icones\bt_mn_listar_produtos.png --> ftp508.locaweb.com.br /public_html/admin/imagens/icones bt_mn_listar_produtos.png
2007.08.10 11:35 B C:\Arquivos de programas\EasyPHP1-8\www\ratinho_novo\admin\imagens\icones\bt_mn_emitir_nota.png --> ftp508.locaweb.com.br /public_html/admin/imagens/icones bt_mn_emitir_nota.png
2007.08.10 11:35 B C:\Arquivos de programas\EasyPHP1-8\www\ratinho_novo\admin\imagens\icones\bt_mn_listar_notas.png --> ftp508.locaweb.com.br /public_html/admin/imagens/icones bt_mn_listar_notas.png
2007.08.10 11:35 B C:\Arquivos de programas\EasyPHP1-8\www\ratinho_novo\admin\imagens\icones\bt_mn_estoque_out.png --> ftp508.locaweb.com.br /public_html/admin/imagens/icones bt_mn_estoque_out.png
2007.08.10 11:35 B C:\Arquivos de programas\EasyPHP1-8\www\ratinho_novo\admin\imagens\icones\bt_mn_usuarios.png --> ftp508.locaweb.com.br /public_html/admin/imagens/icones bt_mn_usuarios.png
2007.08.10 11:35 B C:\Arquivos de programas\EasyPHP1-8\www\ratinho_novo\admin\imagens\icones\bt_mn_senha.png --> ftp508.locaweb.com.br /public_html/admin/imagens/icones bt_mn_senha.png
2007.08.10 11:35 B C:\Arquivos de programas\EasyPHP1-8\www\ratinho_novo\admin\imagens\icones\bt_mn_novo_usuario.png --> ftp508.locaweb.com.br /public_html/admin/imagens/icones bt_mn_novo_usuario.png
2007.08.10 11:35 B C:\Arquivos de programas\EasyPHP1-8\www\ratinho_novo\admin\imagens\icones\bt_mn_novo_contato.png --> ftp508.locaweb.com.br /public_html/admin/imagens/icones bt_mn_novo_contato.png
2007.08.10 11:35 B C:\Arquivos de programas\EasyPHP1-8\www\ratinho_novo\admin\imagens\icones\bt_mn_lixeira.png --> ftp508.locaweb.com.br /public_html/admin/imagens/icones bt_mn_lixeira.png
2007.08.10 11:35 B C:\Arquivos de programas\EasyPHP1-8\www\ratinho_novo\admin\imagens\icones\bt_mn_fluxo.png --> ftp508.locaweb.com.br /public_html/admin/imagens/icones bt_mn_fluxo.png
2007.08.10 11:35 B C:\Arquivos de programas\EasyPHP1-8\www\ratinho_novo\admin\imagens\icones\bt_mn_encerrar.png --> ftp508.locaweb.com.br /public_html/admin/imagens/icones bt_mn_encerrar.png
2007.08.10 11:35 B C:\Arquivos de programas\EasyPHP1-8\www\ratinho_novo\admin\imagens\icones\bt_mn_dados_pessoais.png --> ftp508.locaweb.com.br /public_html/admin/imagens/icones bt_mn_dados_pessoais.png
2007.08.10 11:35 B C:\Arquivos de programas\EasyPHP1-8\www\ratinho_novo\admin\imagens\icones\bt_mn_contatos_exportar.png --> ftp508.locaweb.com.br /public_html/admin/imagens/icones bt_mn_contatos_exportar.png
2007.08.10 11:35 B C:\Arquivos de programas\EasyPHP1-8\www\ratinho_novo\admin\imagens\icones\bt_mn_contatos.png --> ftp508.locaweb.com.br /public_html/admin/imagens/icones bt_mn_contatos.png
2007.08.10 11:35 B C:\Arquivos de programas\EasyPHP1-8\www\ratinho_novo\admin\imagens\icones\bt_mn_contas.png --> ftp508.locaweb.com.br /public_html/admin/imagens/icones bt_mn_contas.png
2007.08.10 11:35 B C:\Arquivos de programas\EasyPHP1-8\www\ratinho_novo\admin\imagens\icones\bt_mn_balanco.png --> ftp508.locaweb.com.br /public_html/admin/imagens/icones bt_mn_balanco.png
2008.01.30 17:36 B C:\Arquivos de programas\EasyPHP1-8\www\b\imagens\icones\bt_mn_balanco.png --> ftp.codigo8.com.br /public_html/bob/imagens/icones bt_mn_balanco.png
2008.01.30 17:36 B C:\Arquivos de programas\EasyPHP1-8\www\b\imagens\icones\bt_mn_contar_estoque.png --> ftp.codigo8.com.br /public_html/bob/imagens/icones bt_mn_contar_estoque.png
2008.01.30 17:36 B C:\Arquivos de programas\EasyPHP1-8\www\b\imagens\icones\bt_mn_contas.png --> ftp.codigo8.com.br /public_html/bob/imagens/icones bt_mn_contas.png
2008.01.30 17:36 B C:\Arquivos de programas\EasyPHP1-8\www\b\imagens\icones\bt_mn_contatos.png --> ftp.codigo8.com.br /public_html/bob/imagens/icones bt_mn_contatos.png
2008.01.30 17:36 B C:\Arquivos de programas\EasyPHP1-8\www\b\imagens\icones\bt_mn_contatos_exportar.png --> ftp.codigo8.com.br /public_html/bob/imagens/icones bt_mn_contatos_exportar.png
2008.01.30 17:36 B C:\Arquivos de programas\EasyPHP1-8\www\b\imagens\icones\bt_mn_dados_pessoais.png --> ftp.codigo8.com.br /public_html/bob/imagens/icones bt_mn_dados_pessoais.png
2008.01.30 17:36 B C:\Arquivos de programas\EasyPHP1-8\www\b\imagens\icones\bt_mn_destacar.png --> ftp.codigo8.com.br /public_html/bob/imagens/icones bt_mn_destacar.png
2008.01.30 17:36 B C:\Arquivos de programas\EasyPHP1-8\www\b\imagens\icones\bt_mn_detalhar_estoque.png --> ftp.codigo8.com.br /public_html/bob/imagens/icones bt_mn_detalhar_estoque.png
2008.01.30 17:36 B C:\Arquivos de programas\EasyPHP1-8\www\b\imagens\icones\bt_mn_emitir_nota.png --> ftp.codigo8.com.br /public_html/bob/imagens/icones bt_mn_emitir_nota.png
2008.01.30 17:36 B C:\Arquivos de programas\EasyPHP1-8\www\b\imagens\icones\bt_mn_encerrar.png --> ftp.codigo8.com.br /public_html/bob/imagens/icones bt_mn_encerrar.png
2008.01.30 17:36 B C:\Arquivos de programas\EasyPHP1-8\www\b\imagens\icones\bt_mn_estoque_in.png --> ftp.codigo8.com.br /public_html/bob/imagens/icones bt_mn_estoque_in.png
2008.01.30 17:36 B C:\Arquivos de programas\EasyPHP1-8\www\b\imagens\icones\bt_mn_estoque_out.png --> ftp.codigo8.com.br /public_html/bob/imagens/icones bt_mn_estoque_out.png
2008.01.30 17:36 B C:\Arquivos de programas\EasyPHP1-8\www\b\imagens\icones\bt_mn_fluxo.png --> ftp.codigo8.com.br /public_html/bob/imagens/icones bt_mn_fluxo.png
2008.01.30 17:36 B C:\Arquivos de programas\EasyPHP1-8\www\b\imagens\icones\bt_mn_inserir_arquivo.png --> ftp.codigo8.com.br /public_html/bob/imagens/icones bt_mn_inserir_arquivo.png
2008.01.30 17:36 B C:\Arquivos de programas\EasyPHP1-8\www\b\imagens\icones\bt_mn_listar.png --> ftp.codigo8.com.br /public_html/bob/imagens/icones bt_mn_listar.png
2008.01.30 17:36 B C:\Arquivos de programas\EasyPHP1-8\www\b\imagens\icones\bt_mn_listar_arquivos.png --> ftp.codigo8.com.br /public_html/bob/imagens/icones bt_mn_listar_arquivos.png
2008.01.30 17:36 B C:\Arquivos de programas\EasyPHP1-8\www\b\imagens\icones\bt_mn_listar_notas.png --> ftp.codigo8.com.br /public_html/bob/imagens/icones bt_mn_listar_notas.png
2008.01.30 17:36 B C:\Arquivos de programas\EasyPHP1-8\www\b\imagens\icones\bt_mn_listar_produtos.png --> ftp.codigo8.com.br /public_html/bob/imagens/icones bt_mn_listar_produtos.png
2008.01.30 17:36 B C:\Arquivos de programas\EasyPHP1-8\www\b\imagens\icones\bt_mn_lixeira.png --> ftp.codigo8.com.br /public_html/bob/imagens/icones bt_mn_lixeira.png
2008.01.30 17:36 B C:\Arquivos de programas\EasyPHP1-8\www\b\imagens\icones\bt_mn_marcas.png --> ftp.codigo8.com.br /public_html/bob/imagens/icones bt_mn_marcas.png
2008.01.30 17:36 B C:\Arquivos de programas\EasyPHP1-8\www\b\imagens\icones\bt_mn_nova_marca.png --> ftp.codigo8.com.br /public_html/bob/imagens/icones bt_mn_nova_marca.png
2008.01.30 17:36 B C:\Arquivos de programas\EasyPHP1-8\www\b\imagens\icones\bt_mn_nova_unidade.png --> ftp.codigo8.com.br /public_html/bob/imagens/icones bt_mn_nova_unidade.png
2008.01.30 17:36 B C:\Arquivos de programas\EasyPHP1-8\www\b\imagens\icones\bt_mn_novo_contato.png --> ftp.codigo8.com.br /public_html/bob/imagens/icones bt_mn_novo_contato.png
2008.01.30 17:36 B C:\Arquivos de programas\EasyPHP1-8\www\b\imagens\icones\bt_mn_novo_produto.png --> ftp.codigo8.com.br /public_html/bob/imagens/icones bt_mn_novo_produto.png
2008.01.30 17:36 B C:\Arquivos de programas\EasyPHP1-8\www\b\imagens\icones\bt_mn_novo_usuario.png --> ftp.codigo8.com.br /public_html/bob/imagens/icones bt_mn_novo_usuario.png
2008.01.30 17:36 B C:\Arquivos de programas\EasyPHP1-8\www\b\imagens\icones\bt_mn_senha.png --> ftp.codigo8.com.br /public_html/bob/imagens/icones bt_mn_senha.png
2008.01.30 17:36 B C:\Arquivos de programas\EasyPHP1-8\www\b\imagens\icones\bt_mn_unidades.png --> ftp.codigo8.com.br /public_html/bob/imagens/icones bt_mn_unidades.png
2008.01.30 17:36 B C:\Arquivos de programas\EasyPHP1-8\www\b\imagens\icones\bt_mn_usuarios.png --> ftp.codigo8.com.br /public_html/bob/imagens/icones bt_mn_usuarios.png
2008.01.30 17:36 B C:\Arquivos de programas\EasyPHP1-8\www\b\imagens\icones\Thumbs.db --> ftp.codigo8.com.br /public_html/bob/imagens/icones Thumbs.db
2008.02.02 09:21 B C:\Arquivos de programas\EasyPHP1-8\www\bob\imagens\icones\WS_FTP.LOG <-- codigo8_bob /public_html/bob/imagens/icones WS_FTP.LOG
2008.02.02 09:21 B C:\Arquivos de programas\EasyPHP1-8\www\bob\imagens\icones\Thumbs.db <-- codigo8_bob /public_html/bob/imagens/icones Thumbs.db
2008.02.02 09:21 B C:\Arquivos de programas\EasyPHP1-8\www\bob\imagens\icones\bt_mn_usuarios.png <-- codigo8_bob /public_html/bob/imagens/icones bt_mn_usuarios.png
2008.02.02 09:21 B C:\Arquivos de programas\EasyPHP1-8\www\bob\imagens\icones\bt_mn_unidades.png <-- codigo8_bob /public_html/bob/imagens/icones bt_mn_unidades.png
2008.02.02 09:21 B C:\Arquivos de programas\EasyPHP1-8\www\bob\imagens\icones\bt_mn_senha.png <-- codigo8_bob /public_html/bob/imagens/icones bt_mn_senha.png
2008.02.02 09:21 B C:\Arquivos de programas\EasyPHP1-8\www\bob\imagens\icones\bt_mn_novo_usuario.png <-- codigo8_bob /public_html/bob/imagens/icones bt_mn_novo_usuario.png
2008.02.02 09:21 B C:\Arquivos de programas\EasyPHP1-8\www\bob\imagens\icones\bt_mn_novo_produto.png <-- codigo8_bob /public_html/bob/imagens/icones bt_mn_novo_produto.png
2008.02.02 09:21 B C:\Arquivos de programas\EasyPHP1-8\www\bob\imagens\icones\bt_mn_novo_contato.png <-- codigo8_bob /public_html/bob/imagens/icones bt_mn_novo_contato.png
2008.02.02 09:21 B C:\Arquivos de programas\EasyPHP1-8\www\bob\imagens\icones\bt_mn_nova_unidade.png <-- codigo8_bob /public_html/bob/imagens/icones bt_mn_nova_unidade.png
2008.02.02 09:21 B C:\Arquivos de programas\EasyPHP1-8\www\bob\imagens\icones\bt_mn_nova_marca.png <-- codigo8_bob /public_html/bob/imagens/icones bt_mn_nova_marca.png
2008.02.02 09:21 B C:\Arquivos de programas\EasyPHP1-8\www\bob\imagens\icones\bt_mn_marcas.png <-- codigo8_bob /public_html/bob/imagens/icones bt_mn_marcas.png
2008.02.02 09:21 B C:\Arquivos de programas\EasyPHP1-8\www\bob\imagens\icones\bt_mn_lixeira.png <-- codigo8_bob /public_html/bob/imagens/icones bt_mn_lixeira.png
2008.02.02 09:21 B C:\Arquivos de programas\EasyPHP1-8\www\bob\imagens\icones\bt_mn_listar_produtos.png <-- codigo8_bob /public_html/bob/imagens/icones bt_mn_listar_produtos.png
2008.02.02 09:21 B C:\Arquivos de programas\EasyPHP1-8\www\bob\imagens\icones\bt_mn_listar_notas.png <-- codigo8_bob /public_html/bob/imagens/icones bt_mn_listar_notas.png
2008.02.02 09:21 B C:\Arquivos de programas\EasyPHP1-8\www\bob\imagens\icones\bt_mn_listar_arquivos.png <-- codigo8_bob /public_html/bob/imagens/icones bt_mn_listar_arquivos.png
2008.02.02 09:21 B C:\Arquivos de programas\EasyPHP1-8\www\bob\imagens\icones\bt_mn_listar.png <-- codigo8_bob /public_html/bob/imagens/icones bt_mn_listar.png
2008.02.02 09:21 B C:\Arquivos de programas\EasyPHP1-8\www\bob\imagens\icones\bt_mn_inserir_arquivo.png <-- codigo8_bob /public_html/bob/imagens/icones bt_mn_inserir_arquivo.png
2008.02.02 09:21 B C:\Arquivos de programas\EasyPHP1-8\www\bob\imagens\icones\bt_mn_fluxo.png <-- codigo8_bob /public_html/bob/imagens/icones bt_mn_fluxo.png
2008.02.02 09:21 B C:\Arquivos de programas\EasyPHP1-8\www\bob\imagens\icones\bt_mn_estoque_out.png <-- codigo8_bob /public_html/bob/imagens/icones bt_mn_estoque_out.png
2008.02.02 09:21 B C:\Arquivos de programas\EasyPHP1-8\www\bob\imagens\icones\bt_mn_estoque_in.png <-- codigo8_bob /public_html/bob/imagens/icones bt_mn_estoque_in.png
2008.02.02 09:21 B C:\Arquivos de programas\EasyPHP1-8\www\bob\imagens\icones\bt_mn_encerrar.png <-- codigo8_bob /public_html/bob/imagens/icones bt_mn_encerrar.png
2008.02.02 09:21 B C:\Arquivos de programas\EasyPHP1-8\www\bob\imagens\icones\bt_mn_emitir_nota.png <-- codigo8_bob /public_html/bob/imagens/icones bt_mn_emitir_nota.png
2008.02.02 09:21 B C:\Arquivos de programas\EasyPHP1-8\www\bob\imagens\icones\bt_mn_detalhar_estoque.png <-- codigo8_bob /public_html/bob/imagens/icones bt_mn_detalhar_estoque.png
2008.02.02 09:21 B C:\Arquivos de programas\EasyPHP1-8\www\bob\imagens\icones\bt_mn_destacar.png <-- codigo8_bob /public_html/bob/imagens/icones bt_mn_destacar.png
2008.02.02 09:21 B C:\Arquivos de programas\EasyPHP1-8\www\bob\imagens\icones\bt_mn_dados_pessoais.png <-- codigo8_bob /public_html/bob/imagens/icones bt_mn_dados_pessoais.png
2008.02.02 09:21 B C:\Arquivos de programas\EasyPHP1-8\www\bob\imagens\icones\bt_mn_contatos_exportar.png <-- codigo8_bob /public_html/bob/imagens/icones bt_mn_contatos_exportar.png
2008.02.02 09:21 B C:\Arquivos de programas\EasyPHP1-8\www\bob\imagens\icones\bt_mn_contatos.png <-- codigo8_bob /public_html/bob/imagens/icones bt_mn_contatos.png
2008.02.02 09:21 B C:\Arquivos de programas\EasyPHP1-8\www\bob\imagens\icones\bt_mn_contas.png <-- codigo8_bob /public_html/bob/imagens/icones bt_mn_contas.png
2008.02.02 09:21 B C:\Arquivos de programas\EasyPHP1-8\www\bob\imagens\icones\bt_mn_contar_estoque.png <-- codigo8_bob /public_html/bob/imagens/icones bt_mn_contar_estoque.png
2008.02.02 09:21 B C:\Arquivos de programas\EasyPHP1-8\www\bob\imagens\icones\bt_mn_balanco.png <-- codigo8_bob /public_html/bob/imagens/icones bt_mn_balanco.png
2008.02.02 16:47 B C:\Arquivos de programas\EasyPHP1-8\www\bob\adm\imagens\icones\WS_FTP.LOG --> ftp.codigo8.com.br /public_html/bob/adm/imagens/icones WS_FTP.LOG
2008.02.02 16:47 B C:\Arquivos de programas\EasyPHP1-8\www\bob\adm\imagens\icones\Thumbs.db --> ftp.codigo8.com.br /public_html/bob/adm/imagens/icones Thumbs.db
2008.02.02 16:47 B C:\Arquivos de programas\EasyPHP1-8\www\bob\adm\imagens\icones\bt_mn_usuarios.png --> ftp.codigo8.com.br /public_html/bob/adm/imagens/icones bt_mn_usuarios.png
2008.02.02 16:47 B C:\Arquivos de programas\EasyPHP1-8\www\bob\adm\imagens\icones\bt_mn_unidades.png --> ftp.codigo8.com.br /public_html/bob/adm/imagens/icones bt_mn_unidades.png
2008.02.02 16:47 B C:\Arquivos de programas\EasyPHP1-8\www\bob\adm\imagens\icones\bt_mn_senha.png --> ftp.codigo8.com.br /public_html/bob/adm/imagens/icones bt_mn_senha.png
2008.02.02 16:47 B C:\Arquivos de programas\EasyPHP1-8\www\bob\adm\imagens\icones\bt_mn_novo_usuario.png --> ftp.codigo8.com.br /public_html/bob/adm/imagens/icones bt_mn_novo_usuario.png
2008.02.02 16:47 B C:\Arquivos de programas\EasyPHP1-8\www\bob\adm\imagens\icones\bt_mn_novo_produto.png --> ftp.codigo8.com.br /public_html/bob/adm/imagens/icones bt_mn_novo_produto.png
2008.02.02 16:47 B C:\Arquivos de programas\EasyPHP1-8\www\bob\adm\imagens\icones\bt_mn_novo_contato.png --> ftp.codigo8.com.br /public_html/bob/adm/imagens/icones bt_mn_novo_contato.png
2008.02.02 16:47 B C:\Arquivos de programas\EasyPHP1-8\www\bob\adm\imagens\icones\bt_mn_nova_unidade.png --> ftp.codigo8.com.br /public_html/bob/adm/imagens/icones bt_mn_nova_unidade.png
2008.02.02 16:47 B C:\Arquivos de programas\EasyPHP1-8\www\bob\adm\imagens\icones\bt_mn_nova_marca.png --> ftp.codigo8.com.br /public_html/bob/adm/imagens/icones bt_mn_nova_marca.png
2008.02.02 16:47 B C:\Arquivos de programas\EasyPHP1-8\www\bob\adm\imagens\icones\bt_mn_marcas.png --> ftp.codigo8.com.br /public_html/bob/adm/imagens/icones bt_mn_marcas.png
2008.02.02 16:47 B C:\Arquivos de programas\EasyPHP1-8\www\bob\adm\imagens\icones\bt_mn_lixeira.png --> ftp.codigo8.com.br /public_html/bob/adm/imagens/icones bt_mn_lixeira.png
2008.02.02 16:47 B C:\Arquivos de programas\EasyPHP1-8\www\bob\adm\imagens\icones\bt_mn_listar_produtos.png --> ftp.codigo8.com.br /public_html/bob/adm/imagens/icones bt_mn_listar_produtos.png
2008.02.02 16:47 B C:\Arquivos de programas\EasyPHP1-8\www\bob\adm\imagens\icones\bt_mn_listar_notas.png --> ftp.codigo8.com.br /public_html/bob/adm/imagens/icones bt_mn_listar_notas.png
2008.02.02 16:47 B C:\Arquivos de programas\EasyPHP1-8\www\bob\adm\imagens\icones\bt_mn_listar_arquivos.png --> ftp.codigo8.com.br /public_html/bob/adm/imagens/icones bt_mn_listar_arquivos.png
2008.02.02 16:47 B C:\Arquivos de programas\EasyPHP1-8\www\bob\adm\imagens\icones\bt_mn_listar.png --> ftp.codigo8.com.br /public_html/bob/adm/imagens/icones bt_mn_listar.png
2008.02.02 16:47 B C:\Arquivos de programas\EasyPHP1-8\www\bob\adm\imagens\icones\bt_mn_inserir_arquivo.png --> ftp.codigo8.com.br /public_html/bob/adm/imagens/icones bt_mn_inserir_arquivo.png
2008.02.02 16:47 B C:\Arquivos de programas\EasyPHP1-8\www\bob\adm\imagens\icones\bt_mn_fluxo.png --> ftp.codigo8.com.br /public_html/bob/adm/imagens/icones bt_mn_fluxo.png
2008.02.02 16:47 B C:\Arquivos de programas\EasyPHP1-8\www\bob\adm\imagens\icones\bt_mn_estoque_out.png --> ftp.codigo8.com.br /public_html/bob/adm/imagens/icones bt_mn_estoque_out.png
2008.02.02 16:47 B C:\Arquivos de programas\EasyPHP1-8\www\bob\adm\imagens\icones\bt_mn_estoque_in.png --> ftp.codigo8.com.br /public_html/bob/adm/imagens/icones bt_mn_estoque_in.png
2008.02.02 16:47 B C:\Arquivos de programas\EasyPHP1-8\www\bob\adm\imagens\icones\bt_mn_encerrar.png --> ftp.codigo8.com.br /public_html/bob/adm/imagens/icones bt_mn_encerrar.png
2008.02.02 16:47 B C:\Arquivos de programas\EasyPHP1-8\www\bob\adm\imagens\icones\bt_mn_emitir_nota.png --> ftp.codigo8.com.br /public_html/bob/adm/imagens/icones bt_mn_emitir_nota.png
2008.02.02 16:47 B C:\Arquivos de programas\EasyPHP1-8\www\bob\adm\imagens\icones\bt_mn_detalhar_estoque.png --> ftp.codigo8.com.br /public_html/bob/adm/imagens/icones bt_mn_detalhar_estoque.png
2008.02.02 16:47 B C:\Arquivos de programas\EasyPHP1-8\www\bob\adm\imagens\icones\bt_mn_destacar.png --> ftp.codigo8.com.br /public_html/bob/adm/imagens/icones bt_mn_destacar.png
2008.02.02 16:47 B C:\Arquivos de programas\EasyPHP1-8\www\bob\adm\imagens\icones\bt_mn_dados_pessoais.png --> ftp.codigo8.com.br /public_html/bob/adm/imagens/icones bt_mn_dados_pessoais.png
2008.02.02 16:47 B C:\Arquivos de programas\EasyPHP1-8\www\bob\adm\imagens\icones\bt_mn_contatos_exportar.png --> ftp.codigo8.com.br /public_html/bob/adm/imagens/icones bt_mn_contatos_exportar.png
2008.02.02 16:47 B C:\Arquivos de programas\EasyPHP1-8\www\bob\adm\imagens\icones\bt_mn_contatos.png --> ftp.codigo8.com.br /public_html/bob/adm/imagens/icones bt_mn_contatos.png
2008.02.02 16:47 B C:\Arquivos de programas\EasyPHP1-8\www\bob\adm\imagens\icones\bt_mn_contas.png --> ftp.codigo8.com.br /public_html/bob/adm/imagens/icones bt_mn_contas.png
2008.02.02 16:47 B C:\Arquivos de programas\EasyPHP1-8\www\bob\adm\imagens\icones\bt_mn_contar_estoque.png --> ftp.codigo8.com.br /public_html/bob/adm/imagens/icones bt_mn_contar_estoque.png
2008.02.02 16:47 B C:\Arquivos de programas\EasyPHP1-8\www\bob\adm\imagens\icones\bt_mn_balanco.png --> ftp.codigo8.com.br /public_html/bob/adm/imagens/icones bt_mn_balanco.png
2008.02.09 00:03 B C:\Arquivos de programas\EasyPHP1-8\www\bob\adm\imagens\icones\WS_FTP.LOG --> ftp.convencaobobstore.com.br /public_html/inverno2008/adm/imagens/icones WS_FTP.LOG
2008.02.09 00:03 B C:\Arquivos de programas\EasyPHP1-8\www\bob\adm\imagens\icones\Thumbs.db --> ftp.convencaobobstore.com.br /public_html/inverno2008/adm/imagens/icones Thumbs.db
2008.02.09 00:03 B C:\Arquivos de programas\EasyPHP1-8\www\bob\adm\imagens\icones\bt_mn_usuarios.png --> ftp.convencaobobstore.com.br /public_html/inverno2008/adm/imagens/icones bt_mn_usuarios.png
2008.02.09 00:03 B C:\Arquivos de programas\EasyPHP1-8\www\bob\adm\imagens\icones\bt_mn_unidades.png --> ftp.convencaobobstore.com.br /public_html/inverno2008/adm/imagens/icones bt_mn_unidades.png
2008.02.09 00:03 B C:\Arquivos de programas\EasyPHP1-8\www\bob\adm\imagens\icones\bt_mn_senha.png --> ftp.convencaobobstore.com.br /public_html/inverno2008/adm/imagens/icones bt_mn_senha.png
2008.02.09 00:03 B C:\Arquivos de programas\EasyPHP1-8\www\bob\adm\imagens\icones\bt_mn_novo_usuario.png --> ftp.convencaobobstore.com.br /public_html/inverno2008/adm/imagens/icones bt_mn_novo_usuario.png
2008.02.09 00:03 B C:\Arquivos de programas\EasyPHP1-8\www\bob\adm\imagens\icones\bt_mn_novo_produto.png --> ftp.convencaobobstore.com.br /public_html/inverno2008/adm/imagens/icones bt_mn_novo_produto.png
2008.02.09 00:03 B C:\Arquivos de programas\EasyPHP1-8\www\bob\adm\imagens\icones\bt_mn_novo_contato.png --> ftp.convencaobobstore.com.br /public_html/inverno2008/adm/imagens/icones bt_mn_novo_contato.png
2008.02.09 00:03 B C:\Arquivos de programas\EasyPHP1-8\www\bob\adm\imagens\icones\bt_mn_nova_unidade.png --> ftp.convencaobobstore.com.br /public_html/inverno2008/adm/imagens/icones bt_mn_nova_unidade.png
2008.02.09 00:03 B C:\Arquivos de programas\EasyPHP1-8\www\bob\adm\imagens\icones\bt_mn_nova_marca.png --> ftp.convencaobobstore.com.br /public_html/inverno2008/adm/imagens/icones bt_mn_nova_marca.png
2008.02.09 00:03 B C:\Arquivos de programas\EasyPHP1-8\www\bob\adm\imagens\icones\bt_mn_marcas.png --> ftp.convencaobobstore.com.br /public_html/inverno2008/adm/imagens/icones bt_mn_marcas.png
2008.02.09 00:03 B C:\Arquivos de programas\EasyPHP1-8\www\bob\adm\imagens\icones\bt_mn_lixeira.png --> ftp.convencaobobstore.com.br /public_html/inverno2008/adm/imagens/icones bt_mn_lixeira.png
2008.02.09 00:03 B C:\Arquivos de programas\EasyPHP1-8\www\bob\adm\imagens\icones\bt_mn_listar_produtos.png --> ftp.convencaobobstore.com.br /public_html/inverno2008/adm/imagens/icones bt_mn_listar_produtos.png
2008.02.09 00:03 B C:\Arquivos de programas\EasyPHP1-8\www\bob\adm\imagens\icones\bt_mn_listar_notas.png --> ftp.convencaobobstore.com.br /public_html/inverno2008/adm/imagens/icones bt_mn_listar_notas.png
2008.02.09 00:03 B C:\Arquivos de programas\EasyPHP1-8\www\bob\adm\imagens\icones\bt_mn_listar_arquivos.png --> ftp.convencaobobstore.com.br /public_html/inverno2008/adm/imagens/icones bt_mn_listar_arquivos.png
2008.02.09 00:03 B C:\Arquivos de programas\EasyPHP1-8\www\bob\adm\imagens\icones\bt_mn_listar.png --> ftp.convencaobobstore.com.br /public_html/inverno2008/adm/imagens/icones bt_mn_listar.png
2008.02.09 00:03 B C:\Arquivos de programas\EasyPHP1-8\www\bob\adm\imagens\icones\bt_mn_inserir_arquivo.png --> ftp.convencaobobstore.com.br /public_html/inverno2008/adm/imagens/icones bt_mn_inserir_arquivo.png
2008.02.09 00:03 B C:\Arquivos de programas\EasyPHP1-8\www\bob\adm\imagens\icones\bt_mn_fluxo.png --> ftp.convencaobobstore.com.br /public_html/inverno2008/adm/imagens/icones bt_mn_fluxo.png
2008.02.09 00:03 B C:\Arquivos de programas\EasyPHP1-8\www\bob\adm\imagens\icones\bt_mn_estoque_out.png --> ftp.convencaobobstore.com.br /public_html/inverno2008/adm/imagens/icones bt_mn_estoque_out.png
2008.02.09 00:03 B C:\Arquivos de programas\EasyPHP1-8\www\bob\adm\imagens\icones\bt_mn_estoque_in.png --> ftp.convencaobobstore.com.br /public_html/inverno2008/adm/imagens/icones bt_mn_estoque_in.png
2008.02.09 00:03 B C:\Arquivos de programas\EasyPHP1-8\www\bob\adm\imagens\icones\bt_mn_encerrar.png --> ftp.convencaobobstore.com.br /public_html/inverno2008/adm/imagens/icones bt_mn_encerrar.png
2008.02.09 00:03 B C:\Arquivos de programas\EasyPHP1-8\www\bob\adm\imagens\icones\bt_mn_emitir_nota.png --> ftp.convencaobobstore.com.br /public_html/inverno2008/adm/imagens/icones bt_mn_emitir_nota.png
2008.02.09 00:03 B C:\Arquivos de programas\EasyPHP1-8\www\bob\adm\imagens\icones\bt_mn_detalhar_estoque.png --> ftp.convencaobobstore.com.br /public_html/inverno2008/adm/imagens/icones bt_mn_detalhar_estoque.png
2008.02.09 00:03 B C:\Arquivos de programas\EasyPHP1-8\www\bob\adm\imagens\icones\bt_mn_destacar.png --> ftp.convencaobobstore.com.br /public_html/inverno2008/adm/imagens/icones bt_mn_destacar.png
2008.02.09 00:03 B C:\Arquivos de programas\EasyPHP1-8\www\bob\adm\imagens\icones\bt_mn_dados_pessoais.png --> ftp.convencaobobstore.com.br /public_html/inverno2008/adm/imagens/icones bt_mn_dados_pessoais.png
2008.02.09 00:03 B C:\Arquivos de programas\EasyPHP1-8\www\bob\adm\imagens\icones\bt_mn_contatos_exportar.png --> ftp.convencaobobstore.com.br /public_html/inverno2008/adm/imagens/icones bt_mn_contatos_exportar.png
2008.02.09 00:03 B C:\Arquivos de programas\EasyPHP1-8\www\bob\adm\imagens\icones\bt_mn_contatos.png --> ftp.convencaobobstore.com.br /public_html/inverno2008/adm/imagens/icones bt_mn_contatos.png
2008.02.09 00:03 B C:\Arquivos de programas\EasyPHP1-8\www\bob\adm\imagens\icones\bt_mn_contas.png --> ftp.convencaobobstore.com.br /public_html/inverno2008/adm/imagens/icones bt_mn_contas.png
2008.02.09 00:03 B C:\Arquivos de programas\EasyPHP1-8\www\bob\adm\imagens\icones\bt_mn_contar_estoque.png --> ftp.convencaobobstore.com.br /public_html/inverno2008/adm/imagens/icones bt_mn_contar_estoque.png
2008.02.09 00:03 B C:\Arquivos de programas\EasyPHP1-8\www\bob\adm\imagens\icones\bt_mn_balanco.png --> ftp.convencaobobstore.com.br /public_html/inverno2008/adm/imagens/icones bt_mn_balanco.png
2008.04.21 15:56 B C:\Arquivos de programas\EasyPHP1-8\www\ib\admin\imagens\icones\WS_FTP.LOG --> ftp.ibmmkt.com.br /public_html/admin/imagens/icones WS_FTP.LOG
2008.04.21 15:56 B C:\Arquivos de programas\EasyPHP1-8\www\ib\admin\imagens\icones\Thumbs.db --> ftp.ibmmkt.com.br /public_html/admin/imagens/icones Thumbs.db
2008.04.21 15:56 B C:\Arquivos de programas\EasyPHP1-8\www\ib\admin\imagens\icones\bt_mn_usuarios.png --> ftp.ibmmkt.com.br /public_html/admin/imagens/icones bt_mn_usuarios.png
2008.04.21 15:56 B C:\Arquivos de programas\EasyPHP1-8\www\ib\admin\imagens\icones\bt_mn_unidades.png --> ftp.ibmmkt.com.br /public_html/admin/imagens/icones bt_mn_unidades.png
2008.04.21 15:56 B C:\Arquivos de programas\EasyPHP1-8\www\ib\admin\imagens\icones\bt_mn_senha.png --> ftp.ibmmkt.com.br /public_html/admin/imagens/icones bt_mn_senha.png
2008.04.21 15:56 B C:\Arquivos de programas\EasyPHP1-8\www\ib\admin\imagens\icones\bt_mn_novo_usuario.png --> ftp.ibmmkt.com.br /public_html/admin/imagens/icones bt_mn_novo_usuario.png
2008.04.21 15:56 B C:\Arquivos de programas\EasyPHP1-8\www\ib\admin\imagens\icones\bt_mn_novo_produto.png --> ftp.ibmmkt.com.br /public_html/admin/imagens/icones bt_mn_novo_produto.png
2008.04.21 15:56 B C:\Arquivos de programas\EasyPHP1-8\www\ib\admin\imagens\icones\bt_mn_novo_contato.png --> ftp.ibmmkt.com.br /public_html/admin/imagens/icones bt_mn_novo_contato.png
2008.04.21 15:56 B C:\Arquivos de programas\EasyPHP1-8\www\ib\admin\imagens\icones\bt_mn_nova_unidade.png --> ftp.ibmmkt.com.br /public_html/admin/imagens/icones bt_mn_nova_unidade.png
2008.04.21 15:56 B C:\Arquivos de programas\EasyPHP1-8\www\ib\admin\imagens\icones\bt_mn_nova_marca.png --> ftp.ibmmkt.com.br /public_html/admin/imagens/icones bt_mn_nova_marca.png
2008.04.21 15:56 B C:\Arquivos de programas\EasyPHP1-8\www\ib\admin\imagens\icones\bt_mn_marcas.png --> ftp.ibmmkt.com.br /public_html/admin/imagens/icones bt_mn_marcas.png
2008.04.21 15:56 B C:\Arquivos de programas\EasyPHP1-8\www\ib\admin\imagens\icones\bt_mn_lixeira.png --> ftp.ibmmkt.com.br /public_html/admin/imagens/icones bt_mn_lixeira.png
2008.04.21 15:56 B C:\Arquivos de programas\EasyPHP1-8\www\ib\admin\imagens\icones\bt_mn_listar_produtos.png --> ftp.ibmmkt.com.br /public_html/admin/imagens/icones bt_mn_listar_produtos.png
2008.04.21 15:56 B C:\Arquivos de programas\EasyPHP1-8\www\ib\admin\imagens\icones\bt_mn_listar_notas.png --> ftp.ibmmkt.com.br /public_html/admin/imagens/icones bt_mn_listar_notas.png
2008.04.21 15:56 B C:\Arquivos de programas\EasyPHP1-8\www\ib\admin\imagens\icones\bt_mn_listar_arquivos.png --> ftp.ibmmkt.com.br /public_html/admin/imagens/icones bt_mn_listar_arquivos.png
2008.04.21 15:56 B C:\Arquivos de programas\EasyPHP1-8\www\ib\admin\imagens\icones\bt_mn_listar.png --> ftp.ibmmkt.com.br /public_html/admin/imagens/icones bt_mn_listar.png
2008.04.21 15:56 B C:\Arquivos de programas\EasyPHP1-8\www\ib\admin\imagens\icones\bt_mn_inserir_arquivo.png --> ftp.ibmmkt.com.br /public_html/admin/imagens/icones bt_mn_inserir_arquivo.png
2008.04.21 15:56 B C:\Arquivos de programas\EasyPHP1-8\www\ib\admin\imagens\icones\bt_mn_fluxo.png --> ftp.ibmmkt.com.br /public_html/admin/imagens/icones bt_mn_fluxo.png
2008.04.21 15:56 B C:\Arquivos de programas\EasyPHP1-8\www\ib\admin\imagens\icones\bt_mn_estoque_out.png --> ftp.ibmmkt.com.br /public_html/admin/imagens/icones bt_mn_estoque_out.png
2008.04.21 15:56 B C:\Arquivos de programas\EasyPHP1-8\www\ib\admin\imagens\icones\bt_mn_estoque_in.png --> ftp.ibmmkt.com.br /public_html/admin/imagens/icones bt_mn_estoque_in.png
2008.04.21 15:56 B C:\Arquivos de programas\EasyPHP1-8\www\ib\admin\imagens\icones\bt_mn_encerrar.png --> ftp.ibmmkt.com.br /public_html/admin/imagens/icones bt_mn_encerrar.png
2008.04.21 15:56 B C:\Arquivos de programas\EasyPHP1-8\www\ib\admin\imagens\icones\bt_mn_emitir_nota.png --> ftp.ibmmkt.com.br /public_html/admin/imagens/icones bt_mn_emitir_nota.png
2008.04.21 15:56 B C:\Arquivos de programas\EasyPHP1-8\www\ib\admin\imagens\icones\bt_mn_detalhar_estoque.png --> ftp.ibmmkt.com.br /public_html/admin/imagens/icones bt_mn_detalhar_estoque.png
2008.04.21 15:56 B C:\Arquivos de programas\EasyPHP1-8\www\ib\admin\imagens\icones\bt_mn_destacar.png --> ftp.ibmmkt.com.br /public_html/admin/imagens/icones bt_mn_destacar.png
2008.04.21 15:56 B C:\Arquivos de programas\EasyPHP1-8\www\ib\admin\imagens\icones\bt_mn_dados_pessoais.png --> ftp.ibmmkt.com.br /public_html/admin/imagens/icones bt_mn_dados_pessoais.png
2008.04.21 15:56 B C:\Arquivos de programas\EasyPHP1-8\www\ib\admin\imagens\icones\bt_mn_contatos_exportar.png --> ftp.ibmmkt.com.br /public_html/admin/imagens/icones bt_mn_contatos_exportar.png
2008.04.21 15:56 B C:\Arquivos de programas\EasyPHP1-8\www\ib\admin\imagens\icones\bt_mn_contatos.png --> ftp.ibmmkt.com.br /public_html/admin/imagens/icones bt_mn_contatos.png
2008.04.21 15:56 B C:\Arquivos de programas\EasyPHP1-8\www\ib\admin\imagens\icones\bt_mn_contas.png --> ftp.ibmmkt.com.br /public_html/admin/imagens/icones bt_mn_contas.png
2008.04.21 15:56 B C:\Arquivos de programas\EasyPHP1-8\www\ib\admin\imagens\icones\bt_mn_contar_estoque.png --> ftp.ibmmkt.com.br /public_html/admin/imagens/icones bt_mn_contar_estoque.png
2008.04.21 15:56 B C:\Arquivos de programas\EasyPHP1-8\www\ib\admin\imagens\icones\bt_mn_balanco.png --> ftp.ibmmkt.com.br /public_html/admin/imagens/icones bt_mn_balanco.png
2008.05.07 15:50 B C:\Arquivos de programas\EasyPHP1-8\www\anglo\admin\imagens\icones\WS_FTP.LOG --> 200.234.200.137 /public_html/admin/imagens/icones WS_FTP.LOG
2008.05.07 15:50 B C:\Arquivos de programas\EasyPHP1-8\www\anglo\admin\imagens\icones\Thumbs.db --> 200.234.200.137 /public_html/admin/imagens/icones Thumbs.db
2008.05.07 15:50 B C:\Arquivos de programas\EasyPHP1-8\www\anglo\admin\imagens\icones\bt_mn_usuarios.png --> 200.234.200.137 /public_html/admin/imagens/icones bt_mn_usuarios.png
2008.05.07 15:50 B C:\Arquivos de programas\EasyPHP1-8\www\anglo\admin\imagens\icones\bt_mn_unidades.png --> 200.234.200.137 /public_html/admin/imagens/icones bt_mn_unidades.png
2008.05.07 15:50 B C:\Arquivos de programas\EasyPHP1-8\www\anglo\admin\imagens\icones\bt_mn_senha.png --> 200.234.200.137 /public_html/admin/imagens/icones bt_mn_senha.png
2008.05.07 15:50 B C:\Arquivos de programas\EasyPHP1-8\www\anglo\admin\imagens\icones\bt_mn_novo_usuario.png --> 200.234.200.137 /public_html/admin/imagens/icones bt_mn_novo_usuario.png
2008.05.07 15:50 B C:\Arquivos de programas\EasyPHP1-8\www\anglo\admin\imagens\icones\bt_mn_novo_produto.png --> 200.234.200.137 /public_html/admin/imagens/icones bt_mn_novo_produto.png
2008.05.07 15:50 B C:\Arquivos de programas\EasyPHP1-8\www\anglo\admin\imagens\icones\bt_mn_novo_contato.png --> 200.234.200.137 /public_html/admin/imagens/icones bt_mn_novo_contato.png
2008.05.07 15:50 B C:\Arquivos de programas\EasyPHP1-8\www\anglo\admin\imagens\icones\bt_mn_nova_unidade.png --> 200.234.200.137 /public_html/admin/imagens/icones bt_mn_nova_unidade.png
2008.05.07 15:50 B C:\Arquivos de programas\EasyPHP1-8\www\anglo\admin\imagens\icones\bt_mn_nova_marca.png --> 200.234.200.137 /public_html/admin/imagens/icones bt_mn_nova_marca.png
2008.05.07 15:50 B C:\Arquivos de programas\EasyPHP1-8\www\anglo\admin\imagens\icones\bt_mn_marcas.png --> 200.234.200.137 /public_html/admin/imagens/icones bt_mn_marcas.png
2008.05.07 15:50 B C:\Arquivos de programas\EasyPHP1-8\www\anglo\admin\imagens\icones\bt_mn_lixeira.png --> 200.234.200.137 /public_html/admin/imagens/icones bt_mn_lixeira.png
2008.05.07 15:50 B C:\Arquivos de programas\EasyPHP1-8\www\anglo\admin\imagens\icones\bt_mn_listar_produtos.png --> 200.234.200.137 /public_html/admin/imagens/icones bt_mn_listar_produtos.png
2008.05.07 15:50 B C:\Arquivos de programas\EasyPHP1-8\www\anglo\admin\imagens\icones\bt_mn_listar_notas.png --> 200.234.200.137 /public_html/admin/imagens/icones bt_mn_listar_notas.png
2008.05.07 15:50 B C:\Arquivos de programas\EasyPHP1-8\www\anglo\admin\imagens\icones\bt_mn_listar_arquivos.png --> 200.234.200.137 /public_html/admin/imagens/icones bt_mn_listar_arquivos.png
2008.05.07 15:50 B C:\Arquivos de programas\EasyPHP1-8\www\anglo\admin\imagens\icones\bt_mn_listar.png --> 200.234.200.137 /public_html/admin/imagens/icones bt_mn_listar.png
2008.05.07 15:50 B C:\Arquivos de programas\EasyPHP1-8\www\anglo\admin\imagens\icones\bt_mn_inserir_arquivo.png --> 200.234.200.137 /public_html/admin/imagens/icones bt_mn_inserir_arquivo.png
2008.05.07 15:50 B C:\Arquivos de programas\EasyPHP1-8\www\anglo\admin\imagens\icones\bt_mn_fluxo.png --> 200.234.200.137 /public_html/admin/imagens/icones bt_mn_fluxo.png
2008.05.07 15:50 B C:\Arquivos de programas\EasyPHP1-8\www\anglo\admin\imagens\icones\bt_mn_estoque_out.png --> 200.234.200.137 /public_html/admin/imagens/icones bt_mn_estoque_out.png
2008.05.07 15:50 B C:\Arquivos de programas\EasyPHP1-8\www\anglo\admin\imagens\icones\bt_mn_estoque_in.png --> 200.234.200.137 /public_html/admin/imagens/icones bt_mn_estoque_in.png
2008.05.07 15:50 B C:\Arquivos de programas\EasyPHP1-8\www\anglo\admin\imagens\icones\bt_mn_encerrar.png --> 200.234.200.137 /public_html/admin/imagens/icones bt_mn_encerrar.png
2008.05.07 15:50 B C:\Arquivos de programas\EasyPHP1-8\www\anglo\admin\imagens\icones\bt_mn_emitir_nota.png --> 200.234.200.137 /public_html/admin/imagens/icones bt_mn_emitir_nota.png
2008.05.07 15:50 B C:\Arquivos de programas\EasyPHP1-8\www\anglo\admin\imagens\icones\bt_mn_detalhar_estoque.png --> 200.234.200.137 /public_html/admin/imagens/icones bt_mn_detalhar_estoque.png
2008.05.07 15:50 B C:\Arquivos de programas\EasyPHP1-8\www\anglo\admin\imagens\icones\bt_mn_destacar.png --> 200.234.200.137 /public_html/admin/imagens/icones bt_mn_destacar.png
2008.05.07 15:50 B C:\Arquivos de programas\EasyPHP1-8\www\anglo\admin\imagens\icones\bt_mn_dados_pessoais.png --> 200.234.200.137 /public_html/admin/imagens/icones bt_mn_dados_pessoais.png
2008.05.07 15:50 B C:\Arquivos de programas\EasyPHP1-8\www\anglo\admin\imagens\icones\bt_mn_contatos_exportar.png --> 200.234.200.137 /public_html/admin/imagens/icones bt_mn_contatos_exportar.png
2008.05.07 15:50 B C:\Arquivos de programas\EasyPHP1-8\www\anglo\admin\imagens\icones\bt_mn_contatos.png --> 200.234.200.137 /public_html/admin/imagens/icones bt_mn_contatos.png
2008.05.07 15:50 B C:\Arquivos de programas\EasyPHP1-8\www\anglo\admin\imagens\icones\bt_mn_contas.png --> 200.234.200.137 /public_html/admin/imagens/icones bt_mn_contas.png
2008.05.07 15:50 B C:\Arquivos de programas\EasyPHP1-8\www\anglo\admin\imagens\icones\bt_mn_contar_estoque.png --> 200.234.200.137 /public_html/admin/imagens/icones bt_mn_contar_estoque.png
2008.05.07 15:50 B C:\Arquivos de programas\EasyPHP1-8\www\anglo\admin\imagens\icones\bt_mn_balanco.png --> 200.234.200.137 /public_html/admin/imagens/icones bt_mn_balanco.png
