2007.03.05 10:26 B C:\Arquivos de programas\EasyPHP1-8\www\conteudo_radiofonico\admin\ferramentas\hmenu\img\rain\popup-top-right.gif --> ftp.conteudoradiofonico.com.br /public_html/v2/admin/ferramentas/hmenu/img/rain popup-top-right.gif
2007.03.05 10:26 B C:\Arquivos de programas\EasyPHP1-8\www\conteudo_radiofonico\admin\ferramentas\hmenu\img\rain\popup-top-left.gif --> ftp.conteudoradiofonico.com.br /public_html/v2/admin/ferramentas/hmenu/img/rain popup-top-left.gif
2007.03.05 10:26 B C:\Arquivos de programas\EasyPHP1-8\www\conteudo_radiofonico\admin\ferramentas\hmenu\img\rain\popup-normal-bg.png --> ftp.conteudoradiofonico.com.br /public_html/v2/admin/ferramentas/hmenu/img/rain popup-normal-bg.png
2007.03.05 10:26 B C:\Arquivos de programas\EasyPHP1-8\www\conteudo_radiofonico\admin\ferramentas\hmenu\img\rain\popup-bottom-right.gif --> ftp.conteudoradiofonico.com.br /public_html/v2/admin/ferramentas/hmenu/img/rain popup-bottom-right.gif
2007.03.05 10:26 B C:\Arquivos de programas\EasyPHP1-8\www\conteudo_radiofonico\admin\ferramentas\hmenu\img\rain\popup-bottom-left.gif --> ftp.conteudoradiofonico.com.br /public_html/v2/admin/ferramentas/hmenu/img/rain popup-bottom-left.gif
2007.03.05 10:26 B C:\Arquivos de programas\EasyPHP1-8\www\conteudo_radiofonico\admin\ferramentas\hmenu\img\rain\item-hover-right-bg.png --> ftp.conteudoradiofonico.com.br /public_html/v2/admin/ferramentas/hmenu/img/rain item-hover-right-bg.png
2007.03.05 10:26 B C:\Arquivos de programas\EasyPHP1-8\www\conteudo_radiofonico\admin\ferramentas\hmenu\img\rain\item-hover-left-bg.png --> ftp.conteudoradiofonico.com.br /public_html/v2/admin/ferramentas/hmenu/img/rain item-hover-left-bg.png
2007.03.05 10:26 B C:\Arquivos de programas\EasyPHP1-8\www\conteudo_radiofonico\admin\ferramentas\hmenu\img\rain\item-hover-bg.png --> ftp.conteudoradiofonico.com.br /public_html/v2/admin/ferramentas/hmenu/img/rain item-hover-bg.png
2007.03.05 10:26 B C:\Arquivos de programas\EasyPHP1-8\www\conteudo_radiofonico\admin\ferramentas\hmenu\img\rain\item-disabled-right-bg.png --> ftp.conteudoradiofonico.com.br /public_html/v2/admin/ferramentas/hmenu/img/rain item-disabled-right-bg.png
2007.03.05 10:26 B C:\Arquivos de programas\EasyPHP1-8\www\conteudo_radiofonico\admin\ferramentas\hmenu\img\rain\item-disabled-left-bg.png --> ftp.conteudoradiofonico.com.br /public_html/v2/admin/ferramentas/hmenu/img/rain item-disabled-left-bg.png
2007.03.05 10:26 B C:\Arquivos de programas\EasyPHP1-8\www\conteudo_radiofonico\admin\ferramentas\hmenu\img\rain\item-disabled-bg.png --> ftp.conteudoradiofonico.com.br /public_html/v2/admin/ferramentas/hmenu/img/rain item-disabled-bg.png
2007.03.05 10:26 B C:\Arquivos de programas\EasyPHP1-8\www\conteudo_radiofonico\admin\ferramentas\hmenu\img\rain\item-active-right-bg.png --> ftp.conteudoradiofonico.com.br /public_html/v2/admin/ferramentas/hmenu/img/rain item-active-right-bg.png
2007.03.05 10:26 B C:\Arquivos de programas\EasyPHP1-8\www\conteudo_radiofonico\admin\ferramentas\hmenu\img\rain\item-active-left-bg.png --> ftp.conteudoradiofonico.com.br /public_html/v2/admin/ferramentas/hmenu/img/rain item-active-left-bg.png
2007.03.05 10:26 B C:\Arquivos de programas\EasyPHP1-8\www\conteudo_radiofonico\admin\ferramentas\hmenu\img\rain\item-active-bg.png --> ftp.conteudoradiofonico.com.br /public_html/v2/admin/ferramentas/hmenu/img/rain item-active-bg.png
2007.05.03 13:50 B C:\Arquivos de programas\EasyPHP1-8\www\atual_v2\admin\ferramentas\hmenu\img\rain\WS_FTP.LOG --> ftp.radioatual.com.br /public_html/admin/ferramentas/hmenu/img/rain WS_FTP.LOG
2007.05.03 13:50 B C:\Arquivos de programas\EasyPHP1-8\www\atual_v2\admin\ferramentas\hmenu\img\rain\popup-top-right.gif --> ftp.radioatual.com.br /public_html/admin/ferramentas/hmenu/img/rain popup-top-right.gif
2007.05.03 13:50 B C:\Arquivos de programas\EasyPHP1-8\www\atual_v2\admin\ferramentas\hmenu\img\rain\popup-top-left.gif --> ftp.radioatual.com.br /public_html/admin/ferramentas/hmenu/img/rain popup-top-left.gif
2007.05.03 13:50 B C:\Arquivos de programas\EasyPHP1-8\www\atual_v2\admin\ferramentas\hmenu\img\rain\popup-normal-bg.png --> ftp.radioatual.com.br /public_html/admin/ferramentas/hmenu/img/rain popup-normal-bg.png
2007.05.03 13:50 B C:\Arquivos de programas\EasyPHP1-8\www\atual_v2\admin\ferramentas\hmenu\img\rain\popup-bottom-right.gif --> ftp.radioatual.com.br /public_html/admin/ferramentas/hmenu/img/rain popup-bottom-right.gif
2007.05.03 13:50 B C:\Arquivos de programas\EasyPHP1-8\www\atual_v2\admin\ferramentas\hmenu\img\rain\popup-bottom-left.gif --> ftp.radioatual.com.br /public_html/admin/ferramentas/hmenu/img/rain popup-bottom-left.gif
2007.05.03 13:50 B C:\Arquivos de programas\EasyPHP1-8\www\atual_v2\admin\ferramentas\hmenu\img\rain\item-hover-right-bg.png --> ftp.radioatual.com.br /public_html/admin/ferramentas/hmenu/img/rain item-hover-right-bg.png
2007.05.03 13:50 B C:\Arquivos de programas\EasyPHP1-8\www\atual_v2\admin\ferramentas\hmenu\img\rain\item-hover-left-bg.png --> ftp.radioatual.com.br /public_html/admin/ferramentas/hmenu/img/rain item-hover-left-bg.png
2007.05.03 13:50 B C:\Arquivos de programas\EasyPHP1-8\www\atual_v2\admin\ferramentas\hmenu\img\rain\item-hover-bg.png --> ftp.radioatual.com.br /public_html/admin/ferramentas/hmenu/img/rain item-hover-bg.png
2007.05.03 13:50 B C:\Arquivos de programas\EasyPHP1-8\www\atual_v2\admin\ferramentas\hmenu\img\rain\item-disabled-right-bg.png --> ftp.radioatual.com.br /public_html/admin/ferramentas/hmenu/img/rain item-disabled-right-bg.png
2007.05.03 13:50 B C:\Arquivos de programas\EasyPHP1-8\www\atual_v2\admin\ferramentas\hmenu\img\rain\item-disabled-left-bg.png --> ftp.radioatual.com.br /public_html/admin/ferramentas/hmenu/img/rain item-disabled-left-bg.png
2007.05.03 13:50 B C:\Arquivos de programas\EasyPHP1-8\www\atual_v2\admin\ferramentas\hmenu\img\rain\item-disabled-bg.png --> ftp.radioatual.com.br /public_html/admin/ferramentas/hmenu/img/rain item-disabled-bg.png
2007.05.03 13:50 B C:\Arquivos de programas\EasyPHP1-8\www\atual_v2\admin\ferramentas\hmenu\img\rain\item-active-right-bg.png --> ftp.radioatual.com.br /public_html/admin/ferramentas/hmenu/img/rain item-active-right-bg.png
2007.05.03 13:50 B C:\Arquivos de programas\EasyPHP1-8\www\atual_v2\admin\ferramentas\hmenu\img\rain\item-active-left-bg.png --> ftp.radioatual.com.br /public_html/admin/ferramentas/hmenu/img/rain item-active-left-bg.png
2007.05.03 13:50 B C:\Arquivos de programas\EasyPHP1-8\www\atual_v2\admin\ferramentas\hmenu\img\rain\item-active-bg.png --> ftp.radioatual.com.br /public_html/admin/ferramentas/hmenu/img/rain item-active-bg.png
2007.08.02 09:38 B C:\Arquivos de programas\EasyPHP1-8\www\ratinho_novo\admin\ferramentas\hmenu\img\rain\WS_FTP.LOG --> ftp.ratinho.com.br /public_html/teste/admin/ferramentas/hmenu/img/rain WS_FTP.LOG
2007.08.02 09:38 B C:\Arquivos de programas\EasyPHP1-8\www\ratinho_novo\admin\ferramentas\hmenu\img\rain\popup-top-right.gif --> ftp.ratinho.com.br /public_html/teste/admin/ferramentas/hmenu/img/rain popup-top-right.gif
2007.08.02 09:38 B C:\Arquivos de programas\EasyPHP1-8\www\ratinho_novo\admin\ferramentas\hmenu\img\rain\popup-top-left.gif --> ftp.ratinho.com.br /public_html/teste/admin/ferramentas/hmenu/img/rain popup-top-left.gif
2007.08.02 09:38 B C:\Arquivos de programas\EasyPHP1-8\www\ratinho_novo\admin\ferramentas\hmenu\img\rain\popup-normal-bg.png --> ftp.ratinho.com.br /public_html/teste/admin/ferramentas/hmenu/img/rain popup-normal-bg.png
2007.08.02 09:38 B C:\Arquivos de programas\EasyPHP1-8\www\ratinho_novo\admin\ferramentas\hmenu\img\rain\popup-bottom-right.gif --> ftp.ratinho.com.br /public_html/teste/admin/ferramentas/hmenu/img/rain popup-bottom-right.gif
2007.08.02 09:38 B C:\Arquivos de programas\EasyPHP1-8\www\ratinho_novo\admin\ferramentas\hmenu\img\rain\popup-bottom-left.gif --> ftp.ratinho.com.br /public_html/teste/admin/ferramentas/hmenu/img/rain popup-bottom-left.gif
2007.08.02 09:38 B C:\Arquivos de programas\EasyPHP1-8\www\ratinho_novo\admin\ferramentas\hmenu\img\rain\item-hover-right-bg.png --> ftp.ratinho.com.br /public_html/teste/admin/ferramentas/hmenu/img/rain item-hover-right-bg.png
2007.08.02 09:38 B C:\Arquivos de programas\EasyPHP1-8\www\ratinho_novo\admin\ferramentas\hmenu\img\rain\item-hover-left-bg.png --> ftp.ratinho.com.br /public_html/teste/admin/ferramentas/hmenu/img/rain item-hover-left-bg.png
2007.08.02 09:38 B C:\Arquivos de programas\EasyPHP1-8\www\ratinho_novo\admin\ferramentas\hmenu\img\rain\item-hover-bg.png --> ftp.ratinho.com.br /public_html/teste/admin/ferramentas/hmenu/img/rain item-hover-bg.png
2007.08.02 09:38 B C:\Arquivos de programas\EasyPHP1-8\www\ratinho_novo\admin\ferramentas\hmenu\img\rain\item-disabled-right-bg.png --> ftp.ratinho.com.br /public_html/teste/admin/ferramentas/hmenu/img/rain item-disabled-right-bg.png
2007.08.02 09:38 B C:\Arquivos de programas\EasyPHP1-8\www\ratinho_novo\admin\ferramentas\hmenu\img\rain\item-disabled-left-bg.png --> ftp.ratinho.com.br /public_html/teste/admin/ferramentas/hmenu/img/rain item-disabled-left-bg.png
2007.08.02 09:38 B C:\Arquivos de programas\EasyPHP1-8\www\ratinho_novo\admin\ferramentas\hmenu\img\rain\item-disabled-bg.png --> ftp.ratinho.com.br /public_html/teste/admin/ferramentas/hmenu/img/rain item-disabled-bg.png
2007.08.02 09:38 B C:\Arquivos de programas\EasyPHP1-8\www\ratinho_novo\admin\ferramentas\hmenu\img\rain\item-active-right-bg.png --> ftp.ratinho.com.br /public_html/teste/admin/ferramentas/hmenu/img/rain item-active-right-bg.png
2007.08.02 09:38 B C:\Arquivos de programas\EasyPHP1-8\www\ratinho_novo\admin\ferramentas\hmenu\img\rain\item-active-left-bg.png --> ftp.ratinho.com.br /public_html/teste/admin/ferramentas/hmenu/img/rain item-active-left-bg.png
2007.08.02 09:38 B C:\Arquivos de programas\EasyPHP1-8\www\ratinho_novo\admin\ferramentas\hmenu\img\rain\item-active-bg.png --> ftp.ratinho.com.br /public_html/teste/admin/ferramentas/hmenu/img/rain item-active-bg.png
2007.08.10 11:34 B C:\Arquivos de programas\EasyPHP1-8\www\ratinho_novo\admin\ferramentas\hmenu\img\rain\WS_FTP.LOG --> ftp508.locaweb.com.br /public_html/admin/ferramentas/hmenu/img/rain WS_FTP.LOG
2007.08.10 11:34 B C:\Arquivos de programas\EasyPHP1-8\www\ratinho_novo\admin\ferramentas\hmenu\img\rain\popup-top-right.gif --> ftp508.locaweb.com.br /public_html/admin/ferramentas/hmenu/img/rain popup-top-right.gif
2007.08.10 11:34 B C:\Arquivos de programas\EasyPHP1-8\www\ratinho_novo\admin\ferramentas\hmenu\img\rain\popup-top-left.gif --> ftp508.locaweb.com.br /public_html/admin/ferramentas/hmenu/img/rain popup-top-left.gif
2007.08.10 11:34 B C:\Arquivos de programas\EasyPHP1-8\www\ratinho_novo\admin\ferramentas\hmenu\img\rain\popup-normal-bg.png --> ftp508.locaweb.com.br /public_html/admin/ferramentas/hmenu/img/rain popup-normal-bg.png
2007.08.10 11:34 B C:\Arquivos de programas\EasyPHP1-8\www\ratinho_novo\admin\ferramentas\hmenu\img\rain\popup-bottom-right.gif --> ftp508.locaweb.com.br /public_html/admin/ferramentas/hmenu/img/rain popup-bottom-right.gif
2007.08.10 11:34 B C:\Arquivos de programas\EasyPHP1-8\www\ratinho_novo\admin\ferramentas\hmenu\img\rain\popup-bottom-left.gif --> ftp508.locaweb.com.br /public_html/admin/ferramentas/hmenu/img/rain popup-bottom-left.gif
2007.08.10 11:34 B C:\Arquivos de programas\EasyPHP1-8\www\ratinho_novo\admin\ferramentas\hmenu\img\rain\item-hover-right-bg.png --> ftp508.locaweb.com.br /public_html/admin/ferramentas/hmenu/img/rain item-hover-right-bg.png
2007.08.10 11:34 B C:\Arquivos de programas\EasyPHP1-8\www\ratinho_novo\admin\ferramentas\hmenu\img\rain\item-hover-left-bg.png --> ftp508.locaweb.com.br /public_html/admin/ferramentas/hmenu/img/rain item-hover-left-bg.png
2007.08.10 11:34 B C:\Arquivos de programas\EasyPHP1-8\www\ratinho_novo\admin\ferramentas\hmenu\img\rain\item-hover-bg.png --> ftp508.locaweb.com.br /public_html/admin/ferramentas/hmenu/img/rain item-hover-bg.png
2007.08.10 11:34 B C:\Arquivos de programas\EasyPHP1-8\www\ratinho_novo\admin\ferramentas\hmenu\img\rain\item-disabled-right-bg.png --> ftp508.locaweb.com.br /public_html/admin/ferramentas/hmenu/img/rain item-disabled-right-bg.png
2007.08.10 11:34 B C:\Arquivos de programas\EasyPHP1-8\www\ratinho_novo\admin\ferramentas\hmenu\img\rain\item-disabled-left-bg.png --> ftp508.locaweb.com.br /public_html/admin/ferramentas/hmenu/img/rain item-disabled-left-bg.png
2007.08.10 11:34 B C:\Arquivos de programas\EasyPHP1-8\www\ratinho_novo\admin\ferramentas\hmenu\img\rain\item-disabled-bg.png --> ftp508.locaweb.com.br /public_html/admin/ferramentas/hmenu/img/rain item-disabled-bg.png
2007.08.10 11:34 B C:\Arquivos de programas\EasyPHP1-8\www\ratinho_novo\admin\ferramentas\hmenu\img\rain\item-active-right-bg.png --> ftp508.locaweb.com.br /public_html/admin/ferramentas/hmenu/img/rain item-active-right-bg.png
2007.08.10 11:34 B C:\Arquivos de programas\EasyPHP1-8\www\ratinho_novo\admin\ferramentas\hmenu\img\rain\item-active-left-bg.png --> ftp508.locaweb.com.br /public_html/admin/ferramentas/hmenu/img/rain item-active-left-bg.png
2007.08.10 11:34 B C:\Arquivos de programas\EasyPHP1-8\www\ratinho_novo\admin\ferramentas\hmenu\img\rain\item-active-bg.png --> ftp508.locaweb.com.br /public_html/admin/ferramentas/hmenu/img/rain item-active-bg.png
2008.01.30 17:35 B C:\Arquivos de programas\EasyPHP1-8\www\b\ferramentas\hmenu\img\rain\item-active-bg.png --> ftp.codigo8.com.br /public_html/bob/ferramentas/hmenu/img/rain item-active-bg.png
2008.01.30 17:35 B C:\Arquivos de programas\EasyPHP1-8\www\b\ferramentas\hmenu\img\rain\item-active-left-bg.png --> ftp.codigo8.com.br /public_html/bob/ferramentas/hmenu/img/rain item-active-left-bg.png
2008.01.30 17:35 B C:\Arquivos de programas\EasyPHP1-8\www\b\ferramentas\hmenu\img\rain\item-active-right-bg.png --> ftp.codigo8.com.br /public_html/bob/ferramentas/hmenu/img/rain item-active-right-bg.png
2008.01.30 17:35 B C:\Arquivos de programas\EasyPHP1-8\www\b\ferramentas\hmenu\img\rain\item-disabled-bg.png --> ftp.codigo8.com.br /public_html/bob/ferramentas/hmenu/img/rain item-disabled-bg.png
2008.01.30 17:35 B C:\Arquivos de programas\EasyPHP1-8\www\b\ferramentas\hmenu\img\rain\item-disabled-left-bg.png --> ftp.codigo8.com.br /public_html/bob/ferramentas/hmenu/img/rain item-disabled-left-bg.png
2008.01.30 17:35 B C:\Arquivos de programas\EasyPHP1-8\www\b\ferramentas\hmenu\img\rain\item-disabled-right-bg.png --> ftp.codigo8.com.br /public_html/bob/ferramentas/hmenu/img/rain item-disabled-right-bg.png
2008.01.30 17:35 B C:\Arquivos de programas\EasyPHP1-8\www\b\ferramentas\hmenu\img\rain\item-hover-bg.png --> ftp.codigo8.com.br /public_html/bob/ferramentas/hmenu/img/rain item-hover-bg.png
2008.01.30 17:35 B C:\Arquivos de programas\EasyPHP1-8\www\b\ferramentas\hmenu\img\rain\item-hover-left-bg.png --> ftp.codigo8.com.br /public_html/bob/ferramentas/hmenu/img/rain item-hover-left-bg.png
2008.01.30 17:35 B C:\Arquivos de programas\EasyPHP1-8\www\b\ferramentas\hmenu\img\rain\item-hover-right-bg.png --> ftp.codigo8.com.br /public_html/bob/ferramentas/hmenu/img/rain item-hover-right-bg.png
2008.01.30 17:35 B C:\Arquivos de programas\EasyPHP1-8\www\b\ferramentas\hmenu\img\rain\popup-bottom-left.gif --> ftp.codigo8.com.br /public_html/bob/ferramentas/hmenu/img/rain popup-bottom-left.gif
2008.01.30 17:35 B C:\Arquivos de programas\EasyPHP1-8\www\b\ferramentas\hmenu\img\rain\popup-bottom-right.gif --> ftp.codigo8.com.br /public_html/bob/ferramentas/hmenu/img/rain popup-bottom-right.gif
2008.01.30 17:35 B C:\Arquivos de programas\EasyPHP1-8\www\b\ferramentas\hmenu\img\rain\popup-normal-bg.png --> ftp.codigo8.com.br /public_html/bob/ferramentas/hmenu/img/rain popup-normal-bg.png
2008.01.30 17:35 B C:\Arquivos de programas\EasyPHP1-8\www\b\ferramentas\hmenu\img\rain\popup-top-left.gif --> ftp.codigo8.com.br /public_html/bob/ferramentas/hmenu/img/rain popup-top-left.gif
2008.01.30 17:35 B C:\Arquivos de programas\EasyPHP1-8\www\b\ferramentas\hmenu\img\rain\popup-top-right.gif --> ftp.codigo8.com.br /public_html/bob/ferramentas/hmenu/img/rain popup-top-right.gif
2008.02.02 09:19 B C:\Arquivos de programas\EasyPHP1-8\www\bob\ferramentas\hmenu\img\rain\WS_FTP.LOG <-- codigo8_bob /public_html/bob/ferramentas/hmenu/img/rain WS_FTP.LOG
2008.02.02 09:19 B C:\Arquivos de programas\EasyPHP1-8\www\bob\ferramentas\hmenu\img\rain\popup-top-right.gif <-- codigo8_bob /public_html/bob/ferramentas/hmenu/img/rain popup-top-right.gif
2008.02.02 09:19 B C:\Arquivos de programas\EasyPHP1-8\www\bob\ferramentas\hmenu\img\rain\popup-top-left.gif <-- codigo8_bob /public_html/bob/ferramentas/hmenu/img/rain popup-top-left.gif
2008.02.02 09:19 B C:\Arquivos de programas\EasyPHP1-8\www\bob\ferramentas\hmenu\img\rain\popup-normal-bg.png <-- codigo8_bob /public_html/bob/ferramentas/hmenu/img/rain popup-normal-bg.png
2008.02.02 09:19 B C:\Arquivos de programas\EasyPHP1-8\www\bob\ferramentas\hmenu\img\rain\popup-bottom-right.gif <-- codigo8_bob /public_html/bob/ferramentas/hmenu/img/rain popup-bottom-right.gif
2008.02.02 09:19 B C:\Arquivos de programas\EasyPHP1-8\www\bob\ferramentas\hmenu\img\rain\popup-bottom-left.gif <-- codigo8_bob /public_html/bob/ferramentas/hmenu/img/rain popup-bottom-left.gif
2008.02.02 09:19 B C:\Arquivos de programas\EasyPHP1-8\www\bob\ferramentas\hmenu\img\rain\item-hover-right-bg.png <-- codigo8_bob /public_html/bob/ferramentas/hmenu/img/rain item-hover-right-bg.png
2008.02.02 09:19 B C:\Arquivos de programas\EasyPHP1-8\www\bob\ferramentas\hmenu\img\rain\item-hover-left-bg.png <-- codigo8_bob /public_html/bob/ferramentas/hmenu/img/rain item-hover-left-bg.png
2008.02.02 09:19 B C:\Arquivos de programas\EasyPHP1-8\www\bob\ferramentas\hmenu\img\rain\item-hover-bg.png <-- codigo8_bob /public_html/bob/ferramentas/hmenu/img/rain item-hover-bg.png
2008.02.02 09:19 B C:\Arquivos de programas\EasyPHP1-8\www\bob\ferramentas\hmenu\img\rain\item-disabled-right-bg.png <-- codigo8_bob /public_html/bob/ferramentas/hmenu/img/rain item-disabled-right-bg.png
2008.02.02 09:19 B C:\Arquivos de programas\EasyPHP1-8\www\bob\ferramentas\hmenu\img\rain\item-disabled-left-bg.png <-- codigo8_bob /public_html/bob/ferramentas/hmenu/img/rain item-disabled-left-bg.png
2008.02.02 09:19 B C:\Arquivos de programas\EasyPHP1-8\www\bob\ferramentas\hmenu\img\rain\item-disabled-bg.png <-- codigo8_bob /public_html/bob/ferramentas/hmenu/img/rain item-disabled-bg.png
2008.02.02 09:19 B C:\Arquivos de programas\EasyPHP1-8\www\bob\ferramentas\hmenu\img\rain\item-active-right-bg.png <-- codigo8_bob /public_html/bob/ferramentas/hmenu/img/rain item-active-right-bg.png
2008.02.02 09:19 B C:\Arquivos de programas\EasyPHP1-8\www\bob\ferramentas\hmenu\img\rain\item-active-left-bg.png <-- codigo8_bob /public_html/bob/ferramentas/hmenu/img/rain item-active-left-bg.png
2008.02.02 09:19 B C:\Arquivos de programas\EasyPHP1-8\www\bob\ferramentas\hmenu\img\rain\item-active-bg.png <-- codigo8_bob /public_html/bob/ferramentas/hmenu/img/rain item-active-bg.png
2008.02.02 16:45 B C:\Arquivos de programas\EasyPHP1-8\www\bob\adm\ferramentas\hmenu\img\rain\WS_FTP.LOG --> ftp.codigo8.com.br /public_html/bob/adm/ferramentas/hmenu/img/rain WS_FTP.LOG
2008.02.02 16:45 B C:\Arquivos de programas\EasyPHP1-8\www\bob\adm\ferramentas\hmenu\img\rain\popup-top-right.gif --> ftp.codigo8.com.br /public_html/bob/adm/ferramentas/hmenu/img/rain popup-top-right.gif
2008.02.02 16:45 B C:\Arquivos de programas\EasyPHP1-8\www\bob\adm\ferramentas\hmenu\img\rain\popup-top-left.gif --> ftp.codigo8.com.br /public_html/bob/adm/ferramentas/hmenu/img/rain popup-top-left.gif
2008.02.02 16:45 B C:\Arquivos de programas\EasyPHP1-8\www\bob\adm\ferramentas\hmenu\img\rain\popup-normal-bg.png --> ftp.codigo8.com.br /public_html/bob/adm/ferramentas/hmenu/img/rain popup-normal-bg.png
2008.02.02 16:45 B C:\Arquivos de programas\EasyPHP1-8\www\bob\adm\ferramentas\hmenu\img\rain\popup-bottom-right.gif --> ftp.codigo8.com.br /public_html/bob/adm/ferramentas/hmenu/img/rain popup-bottom-right.gif
2008.02.02 16:45 B C:\Arquivos de programas\EasyPHP1-8\www\bob\adm\ferramentas\hmenu\img\rain\popup-bottom-left.gif --> ftp.codigo8.com.br /public_html/bob/adm/ferramentas/hmenu/img/rain popup-bottom-left.gif
2008.02.02 16:45 B C:\Arquivos de programas\EasyPHP1-8\www\bob\adm\ferramentas\hmenu\img\rain\item-hover-right-bg.png --> ftp.codigo8.com.br /public_html/bob/adm/ferramentas/hmenu/img/rain item-hover-right-bg.png
2008.02.02 16:45 B C:\Arquivos de programas\EasyPHP1-8\www\bob\adm\ferramentas\hmenu\img\rain\item-hover-left-bg.png --> ftp.codigo8.com.br /public_html/bob/adm/ferramentas/hmenu/img/rain item-hover-left-bg.png
2008.02.02 16:45 B C:\Arquivos de programas\EasyPHP1-8\www\bob\adm\ferramentas\hmenu\img\rain\item-hover-bg.png --> ftp.codigo8.com.br /public_html/bob/adm/ferramentas/hmenu/img/rain item-hover-bg.png
2008.02.02 16:45 B C:\Arquivos de programas\EasyPHP1-8\www\bob\adm\ferramentas\hmenu\img\rain\item-disabled-right-bg.png --> ftp.codigo8.com.br /public_html/bob/adm/ferramentas/hmenu/img/rain item-disabled-right-bg.png
2008.02.02 16:45 B C:\Arquivos de programas\EasyPHP1-8\www\bob\adm\ferramentas\hmenu\img\rain\item-disabled-left-bg.png --> ftp.codigo8.com.br /public_html/bob/adm/ferramentas/hmenu/img/rain item-disabled-left-bg.png
2008.02.02 16:45 B C:\Arquivos de programas\EasyPHP1-8\www\bob\adm\ferramentas\hmenu\img\rain\item-disabled-bg.png --> ftp.codigo8.com.br /public_html/bob/adm/ferramentas/hmenu/img/rain item-disabled-bg.png
2008.02.02 16:45 B C:\Arquivos de programas\EasyPHP1-8\www\bob\adm\ferramentas\hmenu\img\rain\item-active-right-bg.png --> ftp.codigo8.com.br /public_html/bob/adm/ferramentas/hmenu/img/rain item-active-right-bg.png
2008.02.02 16:45 B C:\Arquivos de programas\EasyPHP1-8\www\bob\adm\ferramentas\hmenu\img\rain\item-active-left-bg.png --> ftp.codigo8.com.br /public_html/bob/adm/ferramentas/hmenu/img/rain item-active-left-bg.png
2008.02.02 16:45 B C:\Arquivos de programas\EasyPHP1-8\www\bob\adm\ferramentas\hmenu\img\rain\item-active-bg.png --> ftp.codigo8.com.br /public_html/bob/adm/ferramentas/hmenu/img/rain item-active-bg.png
2008.02.08 23:59 B C:\Arquivos de programas\EasyPHP1-8\www\bob\adm\ferramentas\hmenu\img\rain\WS_FTP.LOG --> ftp.convencaobobstore.com.br /public_html/inverno2008/adm/ferramentas/hmenu/img/rain WS_FTP.LOG
2008.02.08 23:59 B C:\Arquivos de programas\EasyPHP1-8\www\bob\adm\ferramentas\hmenu\img\rain\popup-top-right.gif --> ftp.convencaobobstore.com.br /public_html/inverno2008/adm/ferramentas/hmenu/img/rain popup-top-right.gif
2008.02.08 23:59 B C:\Arquivos de programas\EasyPHP1-8\www\bob\adm\ferramentas\hmenu\img\rain\popup-top-left.gif --> ftp.convencaobobstore.com.br /public_html/inverno2008/adm/ferramentas/hmenu/img/rain popup-top-left.gif
2008.02.08 23:59 B C:\Arquivos de programas\EasyPHP1-8\www\bob\adm\ferramentas\hmenu\img\rain\popup-normal-bg.png --> ftp.convencaobobstore.com.br /public_html/inverno2008/adm/ferramentas/hmenu/img/rain popup-normal-bg.png
2008.02.08 23:59 B C:\Arquivos de programas\EasyPHP1-8\www\bob\adm\ferramentas\hmenu\img\rain\popup-bottom-right.gif --> ftp.convencaobobstore.com.br /public_html/inverno2008/adm/ferramentas/hmenu/img/rain popup-bottom-right.gif
2008.02.08 23:59 B C:\Arquivos de programas\EasyPHP1-8\www\bob\adm\ferramentas\hmenu\img\rain\popup-bottom-left.gif --> ftp.convencaobobstore.com.br /public_html/inverno2008/adm/ferramentas/hmenu/img/rain popup-bottom-left.gif
2008.02.08 23:59 B C:\Arquivos de programas\EasyPHP1-8\www\bob\adm\ferramentas\hmenu\img\rain\item-hover-right-bg.png --> ftp.convencaobobstore.com.br /public_html/inverno2008/adm/ferramentas/hmenu/img/rain item-hover-right-bg.png
2008.02.08 23:59 B C:\Arquivos de programas\EasyPHP1-8\www\bob\adm\ferramentas\hmenu\img\rain\item-hover-left-bg.png --> ftp.convencaobobstore.com.br /public_html/inverno2008/adm/ferramentas/hmenu/img/rain item-hover-left-bg.png
2008.02.08 23:59 B C:\Arquivos de programas\EasyPHP1-8\www\bob\adm\ferramentas\hmenu\img\rain\item-hover-bg.png --> ftp.convencaobobstore.com.br /public_html/inverno2008/adm/ferramentas/hmenu/img/rain item-hover-bg.png
2008.02.08 23:59 B C:\Arquivos de programas\EasyPHP1-8\www\bob\adm\ferramentas\hmenu\img\rain\item-disabled-right-bg.png --> ftp.convencaobobstore.com.br /public_html/inverno2008/adm/ferramentas/hmenu/img/rain item-disabled-right-bg.png
2008.02.08 23:59 B C:\Arquivos de programas\EasyPHP1-8\www\bob\adm\ferramentas\hmenu\img\rain\item-disabled-left-bg.png --> ftp.convencaobobstore.com.br /public_html/inverno2008/adm/ferramentas/hmenu/img/rain item-disabled-left-bg.png
2008.02.08 23:59 B C:\Arquivos de programas\EasyPHP1-8\www\bob\adm\ferramentas\hmenu\img\rain\item-disabled-bg.png --> ftp.convencaobobstore.com.br /public_html/inverno2008/adm/ferramentas/hmenu/img/rain item-disabled-bg.png
2008.02.08 23:59 B C:\Arquivos de programas\EasyPHP1-8\www\bob\adm\ferramentas\hmenu\img\rain\item-active-right-bg.png --> ftp.convencaobobstore.com.br /public_html/inverno2008/adm/ferramentas/hmenu/img/rain item-active-right-bg.png
2008.02.08 23:59 B C:\Arquivos de programas\EasyPHP1-8\www\bob\adm\ferramentas\hmenu\img\rain\item-active-left-bg.png --> ftp.convencaobobstore.com.br /public_html/inverno2008/adm/ferramentas/hmenu/img/rain item-active-left-bg.png
2008.02.08 23:59 B C:\Arquivos de programas\EasyPHP1-8\www\bob\adm\ferramentas\hmenu\img\rain\item-active-bg.png --> ftp.convencaobobstore.com.br /public_html/inverno2008/adm/ferramentas/hmenu/img/rain item-active-bg.png
2008.04.21 15:55 B C:\Arquivos de programas\EasyPHP1-8\www\ib\admin\ferramentas\hmenu\img\rain\WS_FTP.LOG --> ftp.ibmmkt.com.br /public_html/admin/ferramentas/hmenu/img/rain WS_FTP.LOG
2008.04.21 15:55 B C:\Arquivos de programas\EasyPHP1-8\www\ib\admin\ferramentas\hmenu\img\rain\popup-top-right.gif --> ftp.ibmmkt.com.br /public_html/admin/ferramentas/hmenu/img/rain popup-top-right.gif
2008.04.21 15:55 B C:\Arquivos de programas\EasyPHP1-8\www\ib\admin\ferramentas\hmenu\img\rain\popup-top-left.gif --> ftp.ibmmkt.com.br /public_html/admin/ferramentas/hmenu/img/rain popup-top-left.gif
2008.04.21 15:55 B C:\Arquivos de programas\EasyPHP1-8\www\ib\admin\ferramentas\hmenu\img\rain\popup-normal-bg.png --> ftp.ibmmkt.com.br /public_html/admin/ferramentas/hmenu/img/rain popup-normal-bg.png
2008.04.21 15:55 B C:\Arquivos de programas\EasyPHP1-8\www\ib\admin\ferramentas\hmenu\img\rain\popup-bottom-right.gif --> ftp.ibmmkt.com.br /public_html/admin/ferramentas/hmenu/img/rain popup-bottom-right.gif
2008.04.21 15:55 B C:\Arquivos de programas\EasyPHP1-8\www\ib\admin\ferramentas\hmenu\img\rain\popup-bottom-left.gif --> ftp.ibmmkt.com.br /public_html/admin/ferramentas/hmenu/img/rain popup-bottom-left.gif
2008.04.21 15:55 B C:\Arquivos de programas\EasyPHP1-8\www\ib\admin\ferramentas\hmenu\img\rain\item-hover-right-bg.png --> ftp.ibmmkt.com.br /public_html/admin/ferramentas/hmenu/img/rain item-hover-right-bg.png
2008.04.21 15:55 B C:\Arquivos de programas\EasyPHP1-8\www\ib\admin\ferramentas\hmenu\img\rain\item-hover-left-bg.png --> ftp.ibmmkt.com.br /public_html/admin/ferramentas/hmenu/img/rain item-hover-left-bg.png
2008.04.21 15:55 B C:\Arquivos de programas\EasyPHP1-8\www\ib\admin\ferramentas\hmenu\img\rain\item-hover-bg.png --> ftp.ibmmkt.com.br /public_html/admin/ferramentas/hmenu/img/rain item-hover-bg.png
2008.04.21 15:55 B C:\Arquivos de programas\EasyPHP1-8\www\ib\admin\ferramentas\hmenu\img\rain\item-disabled-right-bg.png --> ftp.ibmmkt.com.br /public_html/admin/ferramentas/hmenu/img/rain item-disabled-right-bg.png
2008.04.21 15:55 B C:\Arquivos de programas\EasyPHP1-8\www\ib\admin\ferramentas\hmenu\img\rain\item-disabled-left-bg.png --> ftp.ibmmkt.com.br /public_html/admin/ferramentas/hmenu/img/rain item-disabled-left-bg.png
2008.04.21 15:55 B C:\Arquivos de programas\EasyPHP1-8\www\ib\admin\ferramentas\hmenu\img\rain\item-disabled-bg.png --> ftp.ibmmkt.com.br /public_html/admin/ferramentas/hmenu/img/rain item-disabled-bg.png
2008.04.21 15:55 B C:\Arquivos de programas\EasyPHP1-8\www\ib\admin\ferramentas\hmenu\img\rain\item-active-right-bg.png --> ftp.ibmmkt.com.br /public_html/admin/ferramentas/hmenu/img/rain item-active-right-bg.png
2008.04.21 15:55 B C:\Arquivos de programas\EasyPHP1-8\www\ib\admin\ferramentas\hmenu\img\rain\item-active-left-bg.png --> ftp.ibmmkt.com.br /public_html/admin/ferramentas/hmenu/img/rain item-active-left-bg.png
2008.04.21 15:55 B C:\Arquivos de programas\EasyPHP1-8\www\ib\admin\ferramentas\hmenu\img\rain\item-active-bg.png --> ftp.ibmmkt.com.br /public_html/admin/ferramentas/hmenu/img/rain item-active-bg.png
2008.05.07 15:34 B C:\Arquivos de programas\EasyPHP1-8\www\anglo\admin\ferramentas\hmenu\img\rain\WS_FTP.LOG --> 200.234.200.137 /public_html/admin/ferramentas/hmenu/img/rain WS_FTP.LOG
2008.05.07 15:34 B C:\Arquivos de programas\EasyPHP1-8\www\anglo\admin\ferramentas\hmenu\img\rain\popup-top-right.gif --> 200.234.200.137 /public_html/admin/ferramentas/hmenu/img/rain popup-top-right.gif
2008.05.07 15:34 B C:\Arquivos de programas\EasyPHP1-8\www\anglo\admin\ferramentas\hmenu\img\rain\popup-top-left.gif --> 200.234.200.137 /public_html/admin/ferramentas/hmenu/img/rain popup-top-left.gif
2008.05.07 15:34 B C:\Arquivos de programas\EasyPHP1-8\www\anglo\admin\ferramentas\hmenu\img\rain\popup-normal-bg.png --> 200.234.200.137 /public_html/admin/ferramentas/hmenu/img/rain popup-normal-bg.png
2008.05.07 15:34 B C:\Arquivos de programas\EasyPHP1-8\www\anglo\admin\ferramentas\hmenu\img\rain\popup-bottom-right.gif --> 200.234.200.137 /public_html/admin/ferramentas/hmenu/img/rain popup-bottom-right.gif
2008.05.07 15:34 B C:\Arquivos de programas\EasyPHP1-8\www\anglo\admin\ferramentas\hmenu\img\rain\popup-bottom-left.gif --> 200.234.200.137 /public_html/admin/ferramentas/hmenu/img/rain popup-bottom-left.gif
2008.05.07 15:34 B C:\Arquivos de programas\EasyPHP1-8\www\anglo\admin\ferramentas\hmenu\img\rain\item-hover-right-bg.png --> 200.234.200.137 /public_html/admin/ferramentas/hmenu/img/rain item-hover-right-bg.png
2008.05.07 15:34 B C:\Arquivos de programas\EasyPHP1-8\www\anglo\admin\ferramentas\hmenu\img\rain\item-hover-left-bg.png --> 200.234.200.137 /public_html/admin/ferramentas/hmenu/img/rain item-hover-left-bg.png
2008.05.07 15:34 B C:\Arquivos de programas\EasyPHP1-8\www\anglo\admin\ferramentas\hmenu\img\rain\item-hover-bg.png --> 200.234.200.137 /public_html/admin/ferramentas/hmenu/img/rain item-hover-bg.png
2008.05.07 15:34 B C:\Arquivos de programas\EasyPHP1-8\www\anglo\admin\ferramentas\hmenu\img\rain\item-disabled-right-bg.png --> 200.234.200.137 /public_html/admin/ferramentas/hmenu/img/rain item-disabled-right-bg.png
2008.05.07 15:34 B C:\Arquivos de programas\EasyPHP1-8\www\anglo\admin\ferramentas\hmenu\img\rain\item-disabled-left-bg.png --> 200.234.200.137 /public_html/admin/ferramentas/hmenu/img/rain item-disabled-left-bg.png
2008.05.07 15:34 B C:\Arquivos de programas\EasyPHP1-8\www\anglo\admin\ferramentas\hmenu\img\rain\item-disabled-bg.png --> 200.234.200.137 /public_html/admin/ferramentas/hmenu/img/rain item-disabled-bg.png
2008.05.07 15:34 B C:\Arquivos de programas\EasyPHP1-8\www\anglo\admin\ferramentas\hmenu\img\rain\item-active-right-bg.png --> 200.234.200.137 /public_html/admin/ferramentas/hmenu/img/rain item-active-right-bg.png
2008.05.07 15:34 B C:\Arquivos de programas\EasyPHP1-8\www\anglo\admin\ferramentas\hmenu\img\rain\item-active-left-bg.png --> 200.234.200.137 /public_html/admin/ferramentas/hmenu/img/rain item-active-left-bg.png
2008.05.07 15:34 B C:\Arquivos de programas\EasyPHP1-8\www\anglo\admin\ferramentas\hmenu\img\rain\item-active-bg.png --> 200.234.200.137 /public_html/admin/ferramentas/hmenu/img/rain item-active-bg.png
