2007.03.05 10:27 B C:\Arquivos de programas\EasyPHP1-8\www\conteudo_radiofonico\admin\ferramentas\hmenu\img\aqua\right-bg.png --> ftp.conteudoradiofonico.com.br /public_html/v2/admin/ferramentas/hmenu/img/aqua right-bg.png
2007.03.05 10:27 B C:\Arquivos de programas\EasyPHP1-8\www\conteudo_radiofonico\admin\ferramentas\hmenu\img\aqua\rarrow.gif --> ftp.conteudoradiofonico.com.br /public_html/v2/admin/ferramentas/hmenu/img/aqua rarrow.gif
2007.03.05 10:27 B C:\Arquivos de programas\EasyPHP1-8\www\conteudo_radiofonico\admin\ferramentas\hmenu\img\aqua\rarrow-hover.gif --> ftp.conteudoradiofonico.com.br /public_html/v2/admin/ferramentas/hmenu/img/aqua rarrow-hover.gif
2007.03.05 10:27 B C:\Arquivos de programas\EasyPHP1-8\www\conteudo_radiofonico\admin\ferramentas\hmenu\img\aqua\normal-bg.png --> ftp.conteudoradiofonico.com.br /public_html/v2/admin/ferramentas/hmenu/img/aqua normal-bg.png
2007.03.05 10:27 B C:\Arquivos de programas\EasyPHP1-8\www\conteudo_radiofonico\admin\ferramentas\hmenu\img\aqua\left-bg.png --> ftp.conteudoradiofonico.com.br /public_html/v2/admin/ferramentas/hmenu/img/aqua left-bg.png
2007.03.05 10:27 B C:\Arquivos de programas\EasyPHP1-8\www\conteudo_radiofonico\admin\ferramentas\hmenu\img\aqua\hover-bg.png --> ftp.conteudoradiofonico.com.br /public_html/v2/admin/ferramentas/hmenu/img/aqua hover-bg.png
2007.03.05 10:27 B C:\Arquivos de programas\EasyPHP1-8\www\conteudo_radiofonico\admin\ferramentas\hmenu\img\aqua\active-bg.png --> ftp.conteudoradiofonico.com.br /public_html/v2/admin/ferramentas/hmenu/img/aqua active-bg.png
2007.05.03 13:51 B C:\Arquivos de programas\EasyPHP1-8\www\atual_v2\admin\ferramentas\hmenu\img\aqua\WS_FTP.LOG --> ftp.radioatual.com.br /public_html/admin/ferramentas/hmenu/img/aqua WS_FTP.LOG
2007.05.03 13:51 B C:\Arquivos de programas\EasyPHP1-8\www\atual_v2\admin\ferramentas\hmenu\img\aqua\right-bg.png --> ftp.radioatual.com.br /public_html/admin/ferramentas/hmenu/img/aqua right-bg.png
2007.05.03 13:51 B C:\Arquivos de programas\EasyPHP1-8\www\atual_v2\admin\ferramentas\hmenu\img\aqua\rarrow.gif --> ftp.radioatual.com.br /public_html/admin/ferramentas/hmenu/img/aqua rarrow.gif
2007.05.03 13:51 B C:\Arquivos de programas\EasyPHP1-8\www\atual_v2\admin\ferramentas\hmenu\img\aqua\rarrow-hover.gif --> ftp.radioatual.com.br /public_html/admin/ferramentas/hmenu/img/aqua rarrow-hover.gif
2007.05.03 13:51 B C:\Arquivos de programas\EasyPHP1-8\www\atual_v2\admin\ferramentas\hmenu\img\aqua\normal-bg.png --> ftp.radioatual.com.br /public_html/admin/ferramentas/hmenu/img/aqua normal-bg.png
2007.05.03 13:51 B C:\Arquivos de programas\EasyPHP1-8\www\atual_v2\admin\ferramentas\hmenu\img\aqua\left-bg.png --> ftp.radioatual.com.br /public_html/admin/ferramentas/hmenu/img/aqua left-bg.png
2007.05.03 13:51 B C:\Arquivos de programas\EasyPHP1-8\www\atual_v2\admin\ferramentas\hmenu\img\aqua\hover-bg.png --> ftp.radioatual.com.br /public_html/admin/ferramentas/hmenu/img/aqua hover-bg.png
2007.05.03 13:51 B C:\Arquivos de programas\EasyPHP1-8\www\atual_v2\admin\ferramentas\hmenu\img\aqua\active-bg.png --> ftp.radioatual.com.br /public_html/admin/ferramentas/hmenu/img/aqua active-bg.png
2007.08.02 09:38 B C:\Arquivos de programas\EasyPHP1-8\www\ratinho_novo\admin\ferramentas\hmenu\img\aqua\WS_FTP.LOG --> ftp.ratinho.com.br /public_html/teste/admin/ferramentas/hmenu/img/aqua WS_FTP.LOG
2007.08.02 09:38 B C:\Arquivos de programas\EasyPHP1-8\www\ratinho_novo\admin\ferramentas\hmenu\img\aqua\right-bg.png --> ftp.ratinho.com.br /public_html/teste/admin/ferramentas/hmenu/img/aqua right-bg.png
2007.08.02 09:38 B C:\Arquivos de programas\EasyPHP1-8\www\ratinho_novo\admin\ferramentas\hmenu\img\aqua\rarrow.gif --> ftp.ratinho.com.br /public_html/teste/admin/ferramentas/hmenu/img/aqua rarrow.gif
2007.08.02 09:38 B C:\Arquivos de programas\EasyPHP1-8\www\ratinho_novo\admin\ferramentas\hmenu\img\aqua\rarrow-hover.gif --> ftp.ratinho.com.br /public_html/teste/admin/ferramentas/hmenu/img/aqua rarrow-hover.gif
2007.08.02 09:38 B C:\Arquivos de programas\EasyPHP1-8\www\ratinho_novo\admin\ferramentas\hmenu\img\aqua\normal-bg.png --> ftp.ratinho.com.br /public_html/teste/admin/ferramentas/hmenu/img/aqua normal-bg.png
2007.08.02 09:38 B C:\Arquivos de programas\EasyPHP1-8\www\ratinho_novo\admin\ferramentas\hmenu\img\aqua\left-bg.png --> ftp.ratinho.com.br /public_html/teste/admin/ferramentas/hmenu/img/aqua left-bg.png
2007.08.02 09:38 B C:\Arquivos de programas\EasyPHP1-8\www\ratinho_novo\admin\ferramentas\hmenu\img\aqua\hover-bg.png --> ftp.ratinho.com.br /public_html/teste/admin/ferramentas/hmenu/img/aqua hover-bg.png
2007.08.02 09:38 B C:\Arquivos de programas\EasyPHP1-8\www\ratinho_novo\admin\ferramentas\hmenu\img\aqua\active-bg.png --> ftp.ratinho.com.br /public_html/teste/admin/ferramentas/hmenu/img/aqua active-bg.png
2007.08.10 11:34 B C:\Arquivos de programas\EasyPHP1-8\www\ratinho_novo\admin\ferramentas\hmenu\img\aqua\WS_FTP.LOG --> ftp508.locaweb.com.br /public_html/admin/ferramentas/hmenu/img/aqua WS_FTP.LOG
2007.08.10 11:34 B C:\Arquivos de programas\EasyPHP1-8\www\ratinho_novo\admin\ferramentas\hmenu\img\aqua\right-bg.png --> ftp508.locaweb.com.br /public_html/admin/ferramentas/hmenu/img/aqua right-bg.png
2007.08.10 11:34 B C:\Arquivos de programas\EasyPHP1-8\www\ratinho_novo\admin\ferramentas\hmenu\img\aqua\rarrow.gif --> ftp508.locaweb.com.br /public_html/admin/ferramentas/hmenu/img/aqua rarrow.gif
2007.08.10 11:34 B C:\Arquivos de programas\EasyPHP1-8\www\ratinho_novo\admin\ferramentas\hmenu\img\aqua\rarrow-hover.gif --> ftp508.locaweb.com.br /public_html/admin/ferramentas/hmenu/img/aqua rarrow-hover.gif
2007.08.10 11:34 B C:\Arquivos de programas\EasyPHP1-8\www\ratinho_novo\admin\ferramentas\hmenu\img\aqua\normal-bg.png --> ftp508.locaweb.com.br /public_html/admin/ferramentas/hmenu/img/aqua normal-bg.png
2007.08.10 11:34 B C:\Arquivos de programas\EasyPHP1-8\www\ratinho_novo\admin\ferramentas\hmenu\img\aqua\left-bg.png --> ftp508.locaweb.com.br /public_html/admin/ferramentas/hmenu/img/aqua left-bg.png
2007.08.10 11:34 B C:\Arquivos de programas\EasyPHP1-8\www\ratinho_novo\admin\ferramentas\hmenu\img\aqua\hover-bg.png --> ftp508.locaweb.com.br /public_html/admin/ferramentas/hmenu/img/aqua hover-bg.png
2007.08.10 11:34 B C:\Arquivos de programas\EasyPHP1-8\www\ratinho_novo\admin\ferramentas\hmenu\img\aqua\active-bg.png --> ftp508.locaweb.com.br /public_html/admin/ferramentas/hmenu/img/aqua active-bg.png
2008.01.30 17:34 B C:\Arquivos de programas\EasyPHP1-8\www\b\ferramentas\hmenu\img\aqua\active-bg.png --> ftp.codigo8.com.br /public_html/bob/ferramentas/hmenu/img/aqua active-bg.png
2008.01.30 17:34 B C:\Arquivos de programas\EasyPHP1-8\www\b\ferramentas\hmenu\img\aqua\hover-bg.png --> ftp.codigo8.com.br /public_html/bob/ferramentas/hmenu/img/aqua hover-bg.png
2008.01.30 17:34 B C:\Arquivos de programas\EasyPHP1-8\www\b\ferramentas\hmenu\img\aqua\left-bg.png --> ftp.codigo8.com.br /public_html/bob/ferramentas/hmenu/img/aqua left-bg.png
2008.01.30 17:34 B C:\Arquivos de programas\EasyPHP1-8\www\b\ferramentas\hmenu\img\aqua\normal-bg.png --> ftp.codigo8.com.br /public_html/bob/ferramentas/hmenu/img/aqua normal-bg.png
2008.01.30 17:34 B C:\Arquivos de programas\EasyPHP1-8\www\b\ferramentas\hmenu\img\aqua\rarrow-hover.gif --> ftp.codigo8.com.br /public_html/bob/ferramentas/hmenu/img/aqua rarrow-hover.gif
2008.01.30 17:34 B C:\Arquivos de programas\EasyPHP1-8\www\b\ferramentas\hmenu\img\aqua\rarrow.gif --> ftp.codigo8.com.br /public_html/bob/ferramentas/hmenu/img/aqua rarrow.gif
2008.01.30 17:34 B C:\Arquivos de programas\EasyPHP1-8\www\b\ferramentas\hmenu\img\aqua\right-bg.png --> ftp.codigo8.com.br /public_html/bob/ferramentas/hmenu/img/aqua right-bg.png
2008.02.02 09:19 B C:\Arquivos de programas\EasyPHP1-8\www\bob\ferramentas\hmenu\img\aqua\WS_FTP.LOG <-- codigo8_bob /public_html/bob/ferramentas/hmenu/img/aqua WS_FTP.LOG
2008.02.02 09:19 B C:\Arquivos de programas\EasyPHP1-8\www\bob\ferramentas\hmenu\img\aqua\right-bg.png <-- codigo8_bob /public_html/bob/ferramentas/hmenu/img/aqua right-bg.png
2008.02.02 09:19 B C:\Arquivos de programas\EasyPHP1-8\www\bob\ferramentas\hmenu\img\aqua\rarrow.gif <-- codigo8_bob /public_html/bob/ferramentas/hmenu/img/aqua rarrow.gif
2008.02.02 09:19 B C:\Arquivos de programas\EasyPHP1-8\www\bob\ferramentas\hmenu\img\aqua\rarrow-hover.gif <-- codigo8_bob /public_html/bob/ferramentas/hmenu/img/aqua rarrow-hover.gif
2008.02.02 09:19 B C:\Arquivos de programas\EasyPHP1-8\www\bob\ferramentas\hmenu\img\aqua\normal-bg.png <-- codigo8_bob /public_html/bob/ferramentas/hmenu/img/aqua normal-bg.png
2008.02.02 09:19 B C:\Arquivos de programas\EasyPHP1-8\www\bob\ferramentas\hmenu\img\aqua\left-bg.png <-- codigo8_bob /public_html/bob/ferramentas/hmenu/img/aqua left-bg.png
2008.02.02 09:19 B C:\Arquivos de programas\EasyPHP1-8\www\bob\ferramentas\hmenu\img\aqua\hover-bg.png <-- codigo8_bob /public_html/bob/ferramentas/hmenu/img/aqua hover-bg.png
2008.02.02 09:19 B C:\Arquivos de programas\EasyPHP1-8\www\bob\ferramentas\hmenu\img\aqua\active-bg.png <-- codigo8_bob /public_html/bob/ferramentas/hmenu/img/aqua active-bg.png
2008.02.02 16:45 B C:\Arquivos de programas\EasyPHP1-8\www\bob\adm\ferramentas\hmenu\img\aqua\WS_FTP.LOG --> ftp.codigo8.com.br /public_html/bob/adm/ferramentas/hmenu/img/aqua WS_FTP.LOG
2008.02.02 16:45 B C:\Arquivos de programas\EasyPHP1-8\www\bob\adm\ferramentas\hmenu\img\aqua\right-bg.png --> ftp.codigo8.com.br /public_html/bob/adm/ferramentas/hmenu/img/aqua right-bg.png
2008.02.02 16:45 B C:\Arquivos de programas\EasyPHP1-8\www\bob\adm\ferramentas\hmenu\img\aqua\rarrow.gif --> ftp.codigo8.com.br /public_html/bob/adm/ferramentas/hmenu/img/aqua rarrow.gif
2008.02.02 16:45 B C:\Arquivos de programas\EasyPHP1-8\www\bob\adm\ferramentas\hmenu\img\aqua\rarrow-hover.gif --> ftp.codigo8.com.br /public_html/bob/adm/ferramentas/hmenu/img/aqua rarrow-hover.gif
2008.02.02 16:45 B C:\Arquivos de programas\EasyPHP1-8\www\bob\adm\ferramentas\hmenu\img\aqua\normal-bg.png --> ftp.codigo8.com.br /public_html/bob/adm/ferramentas/hmenu/img/aqua normal-bg.png
2008.02.02 16:45 B C:\Arquivos de programas\EasyPHP1-8\www\bob\adm\ferramentas\hmenu\img\aqua\left-bg.png --> ftp.codigo8.com.br /public_html/bob/adm/ferramentas/hmenu/img/aqua left-bg.png
2008.02.02 16:45 B C:\Arquivos de programas\EasyPHP1-8\www\bob\adm\ferramentas\hmenu\img\aqua\hover-bg.png --> ftp.codigo8.com.br /public_html/bob/adm/ferramentas/hmenu/img/aqua hover-bg.png
2008.02.02 16:45 B C:\Arquivos de programas\EasyPHP1-8\www\bob\adm\ferramentas\hmenu\img\aqua\active-bg.png --> ftp.codigo8.com.br /public_html/bob/adm/ferramentas/hmenu/img/aqua active-bg.png
2008.02.08 23:59 B C:\Arquivos de programas\EasyPHP1-8\www\bob\adm\ferramentas\hmenu\img\aqua\WS_FTP.LOG --> ftp.convencaobobstore.com.br /public_html/inverno2008/adm/ferramentas/hmenu/img/aqua WS_FTP.LOG
2008.02.08 23:59 B C:\Arquivos de programas\EasyPHP1-8\www\bob\adm\ferramentas\hmenu\img\aqua\right-bg.png --> ftp.convencaobobstore.com.br /public_html/inverno2008/adm/ferramentas/hmenu/img/aqua right-bg.png
2008.02.08 23:59 B C:\Arquivos de programas\EasyPHP1-8\www\bob\adm\ferramentas\hmenu\img\aqua\rarrow.gif --> ftp.convencaobobstore.com.br /public_html/inverno2008/adm/ferramentas/hmenu/img/aqua rarrow.gif
2008.02.08 23:59 B C:\Arquivos de programas\EasyPHP1-8\www\bob\adm\ferramentas\hmenu\img\aqua\rarrow-hover.gif --> ftp.convencaobobstore.com.br /public_html/inverno2008/adm/ferramentas/hmenu/img/aqua rarrow-hover.gif
2008.02.08 23:59 B C:\Arquivos de programas\EasyPHP1-8\www\bob\adm\ferramentas\hmenu\img\aqua\normal-bg.png --> ftp.convencaobobstore.com.br /public_html/inverno2008/adm/ferramentas/hmenu/img/aqua normal-bg.png
2008.02.08 23:59 B C:\Arquivos de programas\EasyPHP1-8\www\bob\adm\ferramentas\hmenu\img\aqua\left-bg.png --> ftp.convencaobobstore.com.br /public_html/inverno2008/adm/ferramentas/hmenu/img/aqua left-bg.png
2008.02.08 23:59 B C:\Arquivos de programas\EasyPHP1-8\www\bob\adm\ferramentas\hmenu\img\aqua\hover-bg.png --> ftp.convencaobobstore.com.br /public_html/inverno2008/adm/ferramentas/hmenu/img/aqua hover-bg.png
2008.02.08 23:59 B C:\Arquivos de programas\EasyPHP1-8\www\bob\adm\ferramentas\hmenu\img\aqua\active-bg.png --> ftp.convencaobobstore.com.br /public_html/inverno2008/adm/ferramentas/hmenu/img/aqua active-bg.png
2008.04.21 15:55 B C:\Arquivos de programas\EasyPHP1-8\www\ib\admin\ferramentas\hmenu\img\aqua\WS_FTP.LOG --> ftp.ibmmkt.com.br /public_html/admin/ferramentas/hmenu/img/aqua WS_FTP.LOG
2008.04.21 15:55 B C:\Arquivos de programas\EasyPHP1-8\www\ib\admin\ferramentas\hmenu\img\aqua\right-bg.png --> ftp.ibmmkt.com.br /public_html/admin/ferramentas/hmenu/img/aqua right-bg.png
2008.04.21 15:55 B C:\Arquivos de programas\EasyPHP1-8\www\ib\admin\ferramentas\hmenu\img\aqua\rarrow.gif --> ftp.ibmmkt.com.br /public_html/admin/ferramentas/hmenu/img/aqua rarrow.gif
2008.04.21 15:55 B C:\Arquivos de programas\EasyPHP1-8\www\ib\admin\ferramentas\hmenu\img\aqua\rarrow-hover.gif --> ftp.ibmmkt.com.br /public_html/admin/ferramentas/hmenu/img/aqua rarrow-hover.gif
2008.04.21 15:55 B C:\Arquivos de programas\EasyPHP1-8\www\ib\admin\ferramentas\hmenu\img\aqua\normal-bg.png --> ftp.ibmmkt.com.br /public_html/admin/ferramentas/hmenu/img/aqua normal-bg.png
2008.04.21 15:55 B C:\Arquivos de programas\EasyPHP1-8\www\ib\admin\ferramentas\hmenu\img\aqua\left-bg.png --> ftp.ibmmkt.com.br /public_html/admin/ferramentas/hmenu/img/aqua left-bg.png
2008.04.21 15:55 B C:\Arquivos de programas\EasyPHP1-8\www\ib\admin\ferramentas\hmenu\img\aqua\hover-bg.png --> ftp.ibmmkt.com.br /public_html/admin/ferramentas/hmenu/img/aqua hover-bg.png
2008.04.21 15:55 B C:\Arquivos de programas\EasyPHP1-8\www\ib\admin\ferramentas\hmenu\img\aqua\active-bg.png --> ftp.ibmmkt.com.br /public_html/admin/ferramentas/hmenu/img/aqua active-bg.png
2008.05.07 15:35 B C:\Arquivos de programas\EasyPHP1-8\www\anglo\admin\ferramentas\hmenu\img\aqua\WS_FTP.LOG --> 200.234.200.137 /public_html/admin/ferramentas/hmenu/img/aqua WS_FTP.LOG
2008.05.07 15:35 B C:\Arquivos de programas\EasyPHP1-8\www\anglo\admin\ferramentas\hmenu\img\aqua\right-bg.png --> 200.234.200.137 /public_html/admin/ferramentas/hmenu/img/aqua right-bg.png
2008.05.07 15:35 B C:\Arquivos de programas\EasyPHP1-8\www\anglo\admin\ferramentas\hmenu\img\aqua\rarrow.gif --> 200.234.200.137 /public_html/admin/ferramentas/hmenu/img/aqua rarrow.gif
2008.05.07 15:35 B C:\Arquivos de programas\EasyPHP1-8\www\anglo\admin\ferramentas\hmenu\img\aqua\rarrow-hover.gif --> 200.234.200.137 /public_html/admin/ferramentas/hmenu/img/aqua rarrow-hover.gif
2008.05.07 15:35 B C:\Arquivos de programas\EasyPHP1-8\www\anglo\admin\ferramentas\hmenu\img\aqua\normal-bg.png --> 200.234.200.137 /public_html/admin/ferramentas/hmenu/img/aqua normal-bg.png
2008.05.07 15:35 B C:\Arquivos de programas\EasyPHP1-8\www\anglo\admin\ferramentas\hmenu\img\aqua\left-bg.png --> 200.234.200.137 /public_html/admin/ferramentas/hmenu/img/aqua left-bg.png
2008.05.07 15:35 B C:\Arquivos de programas\EasyPHP1-8\www\anglo\admin\ferramentas\hmenu\img\aqua\hover-bg.png --> 200.234.200.137 /public_html/admin/ferramentas/hmenu/img/aqua hover-bg.png
2008.05.07 15:35 B C:\Arquivos de programas\EasyPHP1-8\www\anglo\admin\ferramentas\hmenu\img\aqua\active-bg.png --> 200.234.200.137 /public_html/admin/ferramentas/hmenu/img/aqua active-bg.png
