2007.03.05 10:26 B C:\Arquivos de programas\EasyPHP1-8\www\conteudo_radiofonico\admin\ferramentas\hmenu\img\xp-extended\popup-icon-bg.png --> ftp.conteudoradiofonico.com.br /public_html/v2/admin/ferramentas/hmenu/img/xp-extended popup-icon-bg.png
2007.03.05 10:26 B C:\Arquivos de programas\EasyPHP1-8\www\conteudo_radiofonico\admin\ferramentas\hmenu\img\xp-extended\popup-icon-bg-top.png --> ftp.conteudoradiofonico.com.br /public_html/v2/admin/ferramentas/hmenu/img/xp-extended popup-icon-bg-top.png
2007.03.05 10:26 B C:\Arquivos de programas\EasyPHP1-8\www\conteudo_radiofonico\admin\ferramentas\hmenu\img\xp-extended\popup-icon-bg-bot.png --> ftp.conteudoradiofonico.com.br /public_html/v2/admin/ferramentas/hmenu/img/xp-extended popup-icon-bg-bot.png
2007.03.05 10:26 B C:\Arquivos de programas\EasyPHP1-8\www\conteudo_radiofonico\admin\ferramentas\hmenu\img\xp-extended\horiz-item-shadow.png --> ftp.conteudoradiofonico.com.br /public_html/v2/admin/ferramentas/hmenu/img/xp-extended horiz-item-shadow.png
2007.05.03 13:49 B C:\Arquivos de programas\EasyPHP1-8\www\atual_v2\admin\ferramentas\hmenu\img\xp-extended\WS_FTP.LOG --> ftp.radioatual.com.br /public_html/admin/ferramentas/hmenu/img/xp-extended WS_FTP.LOG
2007.05.03 13:49 B C:\Arquivos de programas\EasyPHP1-8\www\atual_v2\admin\ferramentas\hmenu\img\xp-extended\popup-icon-bg.png --> ftp.radioatual.com.br /public_html/admin/ferramentas/hmenu/img/xp-extended popup-icon-bg.png
2007.05.03 13:49 B C:\Arquivos de programas\EasyPHP1-8\www\atual_v2\admin\ferramentas\hmenu\img\xp-extended\popup-icon-bg-top.png --> ftp.radioatual.com.br /public_html/admin/ferramentas/hmenu/img/xp-extended popup-icon-bg-top.png
2007.05.03 13:49 B C:\Arquivos de programas\EasyPHP1-8\www\atual_v2\admin\ferramentas\hmenu\img\xp-extended\popup-icon-bg-bot.png --> ftp.radioatual.com.br /public_html/admin/ferramentas/hmenu/img/xp-extended popup-icon-bg-bot.png
2007.05.03 13:49 B C:\Arquivos de programas\EasyPHP1-8\www\atual_v2\admin\ferramentas\hmenu\img\xp-extended\horiz-item-shadow.png --> ftp.radioatual.com.br /public_html/admin/ferramentas/hmenu/img/xp-extended horiz-item-shadow.png
2007.08.02 09:37 B C:\Arquivos de programas\EasyPHP1-8\www\ratinho_novo\admin\ferramentas\hmenu\img\xp-extended\WS_FTP.LOG --> ftp.ratinho.com.br /public_html/teste/admin/ferramentas/hmenu/img/xp-extended WS_FTP.LOG
2007.08.02 09:37 B C:\Arquivos de programas\EasyPHP1-8\www\ratinho_novo\admin\ferramentas\hmenu\img\xp-extended\popup-icon-bg.png --> ftp.ratinho.com.br /public_html/teste/admin/ferramentas/hmenu/img/xp-extended popup-icon-bg.png
2007.08.02 09:37 B C:\Arquivos de programas\EasyPHP1-8\www\ratinho_novo\admin\ferramentas\hmenu\img\xp-extended\popup-icon-bg-top.png --> ftp.ratinho.com.br /public_html/teste/admin/ferramentas/hmenu/img/xp-extended popup-icon-bg-top.png
2007.08.02 09:37 B C:\Arquivos de programas\EasyPHP1-8\www\ratinho_novo\admin\ferramentas\hmenu\img\xp-extended\popup-icon-bg-bot.png --> ftp.ratinho.com.br /public_html/teste/admin/ferramentas/hmenu/img/xp-extended popup-icon-bg-bot.png
2007.08.02 09:38 B C:\Arquivos de programas\EasyPHP1-8\www\ratinho_novo\admin\ferramentas\hmenu\img\xp-extended\horiz-item-shadow.png --> ftp.ratinho.com.br /public_html/teste/admin/ferramentas/hmenu/img/xp-extended horiz-item-shadow.png
2007.08.10 11:34 B C:\Arquivos de programas\EasyPHP1-8\www\ratinho_novo\admin\ferramentas\hmenu\img\xp-extended\WS_FTP.LOG --> ftp508.locaweb.com.br /public_html/admin/ferramentas/hmenu/img/xp-extended WS_FTP.LOG
2007.08.10 11:34 B C:\Arquivos de programas\EasyPHP1-8\www\ratinho_novo\admin\ferramentas\hmenu\img\xp-extended\popup-icon-bg.png --> ftp508.locaweb.com.br /public_html/admin/ferramentas/hmenu/img/xp-extended popup-icon-bg.png
2007.08.10 11:34 B C:\Arquivos de programas\EasyPHP1-8\www\ratinho_novo\admin\ferramentas\hmenu\img\xp-extended\popup-icon-bg-top.png --> ftp508.locaweb.com.br /public_html/admin/ferramentas/hmenu/img/xp-extended popup-icon-bg-top.png
2007.08.10 11:34 B C:\Arquivos de programas\EasyPHP1-8\www\ratinho_novo\admin\ferramentas\hmenu\img\xp-extended\popup-icon-bg-bot.png --> ftp508.locaweb.com.br /public_html/admin/ferramentas/hmenu/img/xp-extended popup-icon-bg-bot.png
2007.08.10 11:34 B C:\Arquivos de programas\EasyPHP1-8\www\ratinho_novo\admin\ferramentas\hmenu\img\xp-extended\horiz-item-shadow.png --> ftp508.locaweb.com.br /public_html/admin/ferramentas/hmenu/img/xp-extended horiz-item-shadow.png
2008.01.30 17:35 B C:\Arquivos de programas\EasyPHP1-8\www\b\ferramentas\hmenu\img\xp-extended\horiz-item-shadow.png --> ftp.codigo8.com.br /public_html/bob/ferramentas/hmenu/img/xp-extended horiz-item-shadow.png
2008.01.30 17:35 B C:\Arquivos de programas\EasyPHP1-8\www\b\ferramentas\hmenu\img\xp-extended\popup-icon-bg-bot.png --> ftp.codigo8.com.br /public_html/bob/ferramentas/hmenu/img/xp-extended popup-icon-bg-bot.png
2008.01.30 17:35 B C:\Arquivos de programas\EasyPHP1-8\www\b\ferramentas\hmenu\img\xp-extended\popup-icon-bg-top.png --> ftp.codigo8.com.br /public_html/bob/ferramentas/hmenu/img/xp-extended popup-icon-bg-top.png
2008.01.30 17:35 B C:\Arquivos de programas\EasyPHP1-8\www\b\ferramentas\hmenu\img\xp-extended\popup-icon-bg.png --> ftp.codigo8.com.br /public_html/bob/ferramentas/hmenu/img/xp-extended popup-icon-bg.png
2008.02.02 09:19 B C:\Arquivos de programas\EasyPHP1-8\www\bob\ferramentas\hmenu\img\xp-extended\WS_FTP.LOG <-- codigo8_bob /public_html/bob/ferramentas/hmenu/img/xp-extended WS_FTP.LOG
2008.02.02 09:19 B C:\Arquivos de programas\EasyPHP1-8\www\bob\ferramentas\hmenu\img\xp-extended\popup-icon-bg.png <-- codigo8_bob /public_html/bob/ferramentas/hmenu/img/xp-extended popup-icon-bg.png
2008.02.02 09:19 B C:\Arquivos de programas\EasyPHP1-8\www\bob\ferramentas\hmenu\img\xp-extended\popup-icon-bg-top.png <-- codigo8_bob /public_html/bob/ferramentas/hmenu/img/xp-extended popup-icon-bg-top.png
2008.02.02 09:19 B C:\Arquivos de programas\EasyPHP1-8\www\bob\ferramentas\hmenu\img\xp-extended\popup-icon-bg-bot.png <-- codigo8_bob /public_html/bob/ferramentas/hmenu/img/xp-extended popup-icon-bg-bot.png
2008.02.02 09:19 B C:\Arquivos de programas\EasyPHP1-8\www\bob\ferramentas\hmenu\img\xp-extended\horiz-item-shadow.png <-- codigo8_bob /public_html/bob/ferramentas/hmenu/img/xp-extended horiz-item-shadow.png
2008.02.02 16:44 B C:\Arquivos de programas\EasyPHP1-8\www\bob\adm\ferramentas\hmenu\img\xp-extended\WS_FTP.LOG --> ftp.codigo8.com.br /public_html/bob/adm/ferramentas/hmenu/img/xp-extended WS_FTP.LOG
2008.02.02 16:44 B C:\Arquivos de programas\EasyPHP1-8\www\bob\adm\ferramentas\hmenu\img\xp-extended\popup-icon-bg.png --> ftp.codigo8.com.br /public_html/bob/adm/ferramentas/hmenu/img/xp-extended popup-icon-bg.png
2008.02.02 16:44 B C:\Arquivos de programas\EasyPHP1-8\www\bob\adm\ferramentas\hmenu\img\xp-extended\popup-icon-bg-top.png --> ftp.codigo8.com.br /public_html/bob/adm/ferramentas/hmenu/img/xp-extended popup-icon-bg-top.png
2008.02.02 16:44 B C:\Arquivos de programas\EasyPHP1-8\www\bob\adm\ferramentas\hmenu\img\xp-extended\popup-icon-bg-bot.png --> ftp.codigo8.com.br /public_html/bob/adm/ferramentas/hmenu/img/xp-extended popup-icon-bg-bot.png
2008.02.02 16:44 B C:\Arquivos de programas\EasyPHP1-8\www\bob\adm\ferramentas\hmenu\img\xp-extended\horiz-item-shadow.png --> ftp.codigo8.com.br /public_html/bob/adm/ferramentas/hmenu/img/xp-extended horiz-item-shadow.png
2008.02.08 23:59 B C:\Arquivos de programas\EasyPHP1-8\www\bob\adm\ferramentas\hmenu\img\xp-extended\WS_FTP.LOG --> ftp.convencaobobstore.com.br /public_html/inverno2008/adm/ferramentas/hmenu/img/xp-extended WS_FTP.LOG
2008.02.08 23:59 B C:\Arquivos de programas\EasyPHP1-8\www\bob\adm\ferramentas\hmenu\img\xp-extended\popup-icon-bg.png --> ftp.convencaobobstore.com.br /public_html/inverno2008/adm/ferramentas/hmenu/img/xp-extended popup-icon-bg.png
2008.02.08 23:59 B C:\Arquivos de programas\EasyPHP1-8\www\bob\adm\ferramentas\hmenu\img\xp-extended\popup-icon-bg-top.png --> ftp.convencaobobstore.com.br /public_html/inverno2008/adm/ferramentas/hmenu/img/xp-extended popup-icon-bg-top.png
2008.02.08 23:59 B C:\Arquivos de programas\EasyPHP1-8\www\bob\adm\ferramentas\hmenu\img\xp-extended\popup-icon-bg-bot.png --> ftp.convencaobobstore.com.br /public_html/inverno2008/adm/ferramentas/hmenu/img/xp-extended popup-icon-bg-bot.png
2008.02.08 23:59 B C:\Arquivos de programas\EasyPHP1-8\www\bob\adm\ferramentas\hmenu\img\xp-extended\horiz-item-shadow.png --> ftp.convencaobobstore.com.br /public_html/inverno2008/adm/ferramentas/hmenu/img/xp-extended horiz-item-shadow.png
2008.04.21 15:54 B C:\Arquivos de programas\EasyPHP1-8\www\ib\admin\ferramentas\hmenu\img\xp-extended\WS_FTP.LOG --> ftp.ibmmkt.com.br /public_html/admin/ferramentas/hmenu/img/xp-extended WS_FTP.LOG
2008.04.21 15:55 B C:\Arquivos de programas\EasyPHP1-8\www\ib\admin\ferramentas\hmenu\img\xp-extended\popup-icon-bg.png --> ftp.ibmmkt.com.br /public_html/admin/ferramentas/hmenu/img/xp-extended popup-icon-bg.png
2008.04.21 15:55 B C:\Arquivos de programas\EasyPHP1-8\www\ib\admin\ferramentas\hmenu\img\xp-extended\popup-icon-bg-top.png --> ftp.ibmmkt.com.br /public_html/admin/ferramentas/hmenu/img/xp-extended popup-icon-bg-top.png
2008.04.21 15:55 B C:\Arquivos de programas\EasyPHP1-8\www\ib\admin\ferramentas\hmenu\img\xp-extended\popup-icon-bg-bot.png --> ftp.ibmmkt.com.br /public_html/admin/ferramentas/hmenu/img/xp-extended popup-icon-bg-bot.png
2008.04.21 15:55 B C:\Arquivos de programas\EasyPHP1-8\www\ib\admin\ferramentas\hmenu\img\xp-extended\horiz-item-shadow.png --> ftp.ibmmkt.com.br /public_html/admin/ferramentas/hmenu/img/xp-extended horiz-item-shadow.png
2008.05.07 15:34 B C:\Arquivos de programas\EasyPHP1-8\www\anglo\admin\ferramentas\hmenu\img\xp-extended\WS_FTP.LOG --> 200.234.200.137 /public_html/admin/ferramentas/hmenu/img/xp-extended WS_FTP.LOG
2008.05.07 15:34 B C:\Arquivos de programas\EasyPHP1-8\www\anglo\admin\ferramentas\hmenu\img\xp-extended\popup-icon-bg.png --> 200.234.200.137 /public_html/admin/ferramentas/hmenu/img/xp-extended popup-icon-bg.png
2008.05.07 15:34 B C:\Arquivos de programas\EasyPHP1-8\www\anglo\admin\ferramentas\hmenu\img\xp-extended\popup-icon-bg-top.png --> 200.234.200.137 /public_html/admin/ferramentas/hmenu/img/xp-extended popup-icon-bg-top.png
2008.05.07 15:34 B C:\Arquivos de programas\EasyPHP1-8\www\anglo\admin\ferramentas\hmenu\img\xp-extended\popup-icon-bg-bot.png --> 200.234.200.137 /public_html/admin/ferramentas/hmenu/img/xp-extended popup-icon-bg-bot.png
2008.05.07 15:34 B C:\Arquivos de programas\EasyPHP1-8\www\anglo\admin\ferramentas\hmenu\img\xp-extended\horiz-item-shadow.png --> 200.234.200.137 /public_html/admin/ferramentas/hmenu/img/xp-extended horiz-item-shadow.png
